2024-12-10 17:20:45,685 - INFO: Started simulator session
2024-12-10 17:20:45,690 - DEBUG: STREAM b'IHDR' 16 13
2024-12-10 17:20:45,690 - DEBUG: STREAM b'pHYs' 41 9
2024-12-10 17:20:45,690 - DEBUG: STREAM b'tEXt' 62 25
2024-12-10 17:20:45,690 - DEBUG: STREAM b'IDAT' 99 691
2024-12-10 17:20:45,690 - DEBUG: STREAM b'IHDR' 16 13
2024-12-10 17:20:45,690 - DEBUG: STREAM b'pHYs' 41 9
2024-12-10 17:20:45,690 - DEBUG: STREAM b'tEXt' 62 25
2024-12-10 17:20:45,693 - DEBUG: STREAM b'IDAT' 99 685
2024-12-10 17:20:45,693 - DEBUG: STREAM b'IHDR' 16 13
2024-12-10 17:20:45,693 - DEBUG: STREAM b'pHYs' 41 9
2024-12-10 17:20:45,693 - DEBUG: STREAM b'tEXt' 62 25
2024-12-10 17:20:45,693 - DEBUG: STREAM b'IDAT' 99 671
2024-12-10 17:21:09,404 - DEBUG: STREAM b'IHDR' 16 13
2024-12-10 17:21:09,404 - DEBUG: STREAM b'pHYs' 41 9
2024-12-10 17:21:09,404 - DEBUG: STREAM b'tEXt' 62 25
2024-12-10 17:21:09,404 - DEBUG: STREAM b'IDAT' 99 8192
2024-12-10 17:21:09,534 - DEBUG: STREAM b'IHDR' 16 13
2024-12-10 17:21:09,534 - DEBUG: STREAM b'pHYs' 41 9
2024-12-10 17:21:09,534 - DEBUG: STREAM b'tEXt' 62 25
2024-12-10 17:21:09,534 - DEBUG: STREAM b'IDAT' 99 698
2024-12-10 17:21:09,538 - DEBUG: STREAM b'IHDR' 16 13
2024-12-10 17:21:09,538 - DEBUG: STREAM b'pHYs' 41 9
2024-12-10 17:21:09,538 - DEBUG: STREAM b'tEXt' 62 25
2024-12-10 17:21:09,538 - DEBUG: STREAM b'IDAT' 99 698
2024-12-10 17:22:19,274 - DEBUG: STREAM b'IHDR' 16 13
2024-12-10 17:22:19,276 - DEBUG: STREAM b'pHYs' 41 9
2024-12-10 17:22:19,276 - DEBUG: STREAM b'tEXt' 62 25
2024-12-10 17:22:19,276 - DEBUG: STREAM b'IDAT' 99 714
2024-12-10 17:22:19,512 - DEBUG: STREAM b'IHDR' 16 13
2024-12-10 17:22:19,512 - DEBUG: STREAM b'pHYs' 41 9
2024-12-10 17:22:19,512 - DEBUG: STREAM b'tEXt' 62 25
2024-12-10 17:22:19,512 - DEBUG: STREAM b'IDAT' 99 714
2024-12-10 17:22:20,234 - DEBUG: STREAM b'IHDR' 16 13
2024-12-10 17:22:20,234 - DEBUG: STREAM b'pHYs' 41 9
2024-12-10 17:22:20,234 - DEBUG: STREAM b'tEXt' 62 25
2024-12-10 17:22:20,234 - DEBUG: STREAM b'IDAT' 99 698
2024-12-10 17:22:21,069 - DEBUG: STREAM b'IHDR' 16 13
2024-12-10 17:22:21,071 - DEBUG: STREAM b'pHYs' 41 9
2024-12-10 17:22:21,071 - DEBUG: STREAM b'tEXt' 62 25
2024-12-10 17:22:21,071 - DEBUG: STREAM b'IDAT' 99 698
2024-12-10 17:22:21,212 - DEBUG: STREAM b'IHDR' 16 13
2024-12-10 17:22:21,212 - DEBUG: STREAM b'pHYs' 41 9
2024-12-10 17:22:21,212 - DEBUG: STREAM b'tEXt' 62 25
2024-12-10 17:22:21,212 - DEBUG: STREAM b'IDAT' 99 714
2024-12-10 17:22:21,730 - DEBUG: STREAM b'IHDR' 16 13
2024-12-10 17:22:21,730 - DEBUG: STREAM b'pHYs' 41 9
2024-12-10 17:22:21,730 - DEBUG: STREAM b'tEXt' 62 25
2024-12-10 17:22:21,730 - DEBUG: STREAM b'IDAT' 99 714
2024-12-10 17:22:26,454 - DEBUG: STREAM b'IHDR' 16 13
2024-12-10 17:22:26,454 - DEBUG: STREAM b'pHYs' 41 9
2024-12-10 17:22:26,454 - DEBUG: STREAM b'tEXt' 62 25
2024-12-10 17:22:26,454 - DEBUG: STREAM b'IDAT' 99 698
2024-12-10 17:22:26,518 - DEBUG: STREAM b'IHDR' 16 13
2024-12-10 17:22:26,518 - DEBUG: STREAM b'pHYs' 41 9
2024-12-10 17:22:26,518 - DEBUG: STREAM b'tEXt' 62 25
2024-12-10 17:22:26,518 - DEBUG: STREAM b'IDAT' 99 714
2024-12-10 17:22:26,646 - DEBUG: STREAM b'IHDR' 16 13
2024-12-10 17:22:26,646 - DEBUG: STREAM b'pHYs' 41 9
2024-12-10 17:22:26,646 - DEBUG: STREAM b'tEXt' 62 25
2024-12-10 17:22:26,646 - DEBUG: STREAM b'IDAT' 99 698
2024-12-10 17:22:26,692 - DEBUG: STREAM b'IHDR' 16 13
2024-12-10 17:22:26,692 - DEBUG: STREAM b'pHYs' 41 9
2024-12-10 17:22:26,692 - DEBUG: STREAM b'tEXt' 62 25
2024-12-10 17:22:26,692 - DEBUG: STREAM b'IDAT' 99 714
2024-12-10 17:22:26,812 - DEBUG: STREAM b'IHDR' 16 13
2024-12-10 17:22:26,812 - DEBUG: STREAM b'pHYs' 41 9
2024-12-10 17:22:26,812 - DEBUG: STREAM b'tEXt' 62 25
2024-12-10 17:22:26,812 - DEBUG: STREAM b'IDAT' 99 698
2024-12-10 17:22:26,852 - DEBUG: STREAM b'IHDR' 16 13
2024-12-10 17:22:26,852 - DEBUG: STREAM b'pHYs' 41 9
2024-12-10 17:22:26,852 - DEBUG: STREAM b'tEXt' 62 25
2024-12-10 17:22:26,852 - DEBUG: STREAM b'IDAT' 99 714
2024-12-10 17:22:33,364 - DEBUG: STREAM b'IHDR' 16 13
2024-12-10 17:22:33,364 - DEBUG: STREAM b'pHYs' 41 9
2024-12-10 17:22:33,364 - DEBUG: STREAM b'tEXt' 62 25
2024-12-10 17:22:33,364 - DEBUG: STREAM b'IDAT' 99 698
2024-12-10 17:22:34,045 - DEBUG: STREAM b'IHDR' 16 13
2024-12-10 17:22:34,045 - DEBUG: STREAM b'pHYs' 41 9
2024-12-10 17:22:34,045 - DEBUG: STREAM b'tEXt' 62 25
2024-12-10 17:22:34,045 - DEBUG: STREAM b'IDAT' 99 698
2024-12-10 17:22:48,878 - DEBUG: STREAM b'IHDR' 16 13
2024-12-10 17:22:48,878 - DEBUG: STREAM b'pHYs' 41 9
2024-12-10 17:22:48,878 - DEBUG: STREAM b'tEXt' 62 25
2024-12-10 17:22:48,878 - DEBUG: STREAM b'IDAT' 99 714
2024-12-10 17:22:48,927 - DEBUG: STREAM b'IHDR' 16 13
2024-12-10 17:22:48,927 - DEBUG: STREAM b'pHYs' 41 9
2024-12-10 17:22:48,927 - DEBUG: STREAM b'tEXt' 62 25
2024-12-10 17:22:48,927 - DEBUG: STREAM b'IDAT' 99 714
2024-12-10 17:22:50,502 - DEBUG: STREAM b'IHDR' 16 13
2024-12-10 17:22:50,504 - DEBUG: STREAM b'pHYs' 41 9
2024-12-10 17:22:50,504 - DEBUG: STREAM b'tEXt' 62 25
2024-12-10 17:22:50,504 - DEBUG: STREAM b'IDAT' 99 698
2024-12-10 17:22:50,621 - DEBUG: STREAM b'IHDR' 16 13
2024-12-10 17:22:50,621 - DEBUG: STREAM b'pHYs' 41 9
2024-12-10 17:22:50,621 - DEBUG: STREAM b'tEXt' 62 25
2024-12-10 17:22:50,621 - DEBUG: STREAM b'IDAT' 99 714
2024-12-10 17:22:50,680 - DEBUG: STREAM b'IHDR' 16 13
2024-12-10 17:22:50,680 - DEBUG: STREAM b'pHYs' 41 9
2024-12-10 17:22:50,680 - DEBUG: STREAM b'tEXt' 62 25
2024-12-10 17:22:50,680 - DEBUG: STREAM b'IDAT' 99 698
2024-12-10 17:22:50,997 - DEBUG: STREAM b'IHDR' 16 13
2024-12-10 17:22:51,001 - DEBUG: STREAM b'pHYs' 41 9
2024-12-10 17:22:51,001 - DEBUG: STREAM b'tEXt' 62 25
2024-12-10 17:22:51,001 - DEBUG: STREAM b'IDAT' 99 714
2024-12-10 17:22:51,024 - DEBUG: STREAM b'IHDR' 16 13
2024-12-10 17:22:51,024 - DEBUG: STREAM b'pHYs' 41 9
2024-12-10 17:22:51,024 - DEBUG: STREAM b'tEXt' 62 25
2024-12-10 17:22:51,024 - DEBUG: STREAM b'IDAT' 99 698
2024-12-10 17:22:51,159 - DEBUG: STREAM b'IHDR' 16 13
2024-12-10 17:22:51,159 - DEBUG: STREAM b'pHYs' 41 9
2024-12-10 17:22:51,159 - DEBUG: STREAM b'tEXt' 62 25
2024-12-10 17:22:51,159 - DEBUG: STREAM b'IDAT' 99 714
2024-12-10 17:22:51,201 - DEBUG: STREAM b'IHDR' 16 13
2024-12-10 17:22:51,201 - DEBUG: STREAM b'pHYs' 41 9
2024-12-10 17:22:51,201 - DEBUG: STREAM b'tEXt' 62 25
2024-12-10 17:22:51,201 - DEBUG: STREAM b'IDAT' 99 698
2024-12-10 17:22:51,277 - DEBUG: STREAM b'IHDR' 16 13
2024-12-10 17:22:51,277 - DEBUG: STREAM b'pHYs' 41 9
2024-12-10 17:22:51,277 - DEBUG: STREAM b'tEXt' 62 25
2024-12-10 17:22:51,277 - DEBUG: STREAM b'IDAT' 99 714
2024-12-10 17:22:51,303 - DEBUG: STREAM b'IHDR' 16 13
2024-12-10 17:22:51,303 - DEBUG: STREAM b'pHYs' 41 9
2024-12-10 17:22:51,303 - DEBUG: STREAM b'tEXt' 62 25
2024-12-10 17:22:51,303 - DEBUG: STREAM b'IDAT' 99 698
2024-12-10 17:22:51,356 - DEBUG: STREAM b'IHDR' 16 13
2024-12-10 17:22:51,356 - DEBUG: STREAM b'pHYs' 41 9
2024-12-10 17:22:51,356 - DEBUG: STREAM b'tEXt' 62 25
2024-12-10 17:22:51,356 - DEBUG: STREAM b'IDAT' 99 714
2024-12-10 17:22:51,414 - DEBUG: STREAM b'IHDR' 16 13
2024-12-10 17:22:51,414 - DEBUG: STREAM b'pHYs' 41 9
2024-12-10 17:22:51,414 - DEBUG: STREAM b'tEXt' 62 25
2024-12-10 17:22:51,414 - DEBUG: STREAM b'IDAT' 99 698
2024-12-10 17:22:51,463 - DEBUG: STREAM b'IHDR' 16 13
2024-12-10 17:22:51,463 - DEBUG: STREAM b'pHYs' 41 9
2024-12-10 17:22:51,463 - DEBUG: STREAM b'tEXt' 62 25
2024-12-10 17:22:51,463 - DEBUG: STREAM b'IDAT' 99 714
2024-12-10 17:22:51,597 - DEBUG: STREAM b'IHDR' 16 13
2024-12-10 17:22:51,599 - DEBUG: STREAM b'pHYs' 41 9
2024-12-10 17:22:51,599 - DEBUG: STREAM b'tEXt' 62 25
2024-12-10 17:22:51,599 - DEBUG: STREAM b'IDAT' 99 698
2024-12-10 17:22:51,656 - DEBUG: STREAM b'IHDR' 16 13
2024-12-10 17:22:51,656 - DEBUG: STREAM b'pHYs' 41 9
2024-12-10 17:22:51,656 - DEBUG: STREAM b'tEXt' 62 25
2024-12-10 17:22:51,656 - DEBUG: STREAM b'IDAT' 99 714
2024-12-10 17:22:52,225 - DEBUG: STREAM b'IHDR' 16 13
2024-12-10 17:22:52,225 - DEBUG: STREAM b'pHYs' 41 9
2024-12-10 17:22:52,225 - DEBUG: STREAM b'tEXt' 62 25
2024-12-10 17:22:52,225 - DEBUG: STREAM b'IDAT' 99 698
2024-12-10 17:22:52,304 - DEBUG: STREAM b'IHDR' 16 13
2024-12-10 17:22:52,304 - DEBUG: STREAM b'pHYs' 41 9
2024-12-10 17:22:52,304 - DEBUG: STREAM b'tEXt' 62 25
2024-12-10 17:22:52,304 - DEBUG: STREAM b'IDAT' 99 714
2024-12-10 17:22:52,334 - DEBUG: STREAM b'IHDR' 16 13
2024-12-10 17:22:52,334 - DEBUG: STREAM b'pHYs' 41 9
2024-12-10 17:22:52,334 - DEBUG: STREAM b'tEXt' 62 25
2024-12-10 17:22:52,334 - DEBUG: STREAM b'IDAT' 99 698
2024-12-10 17:22:52,522 - DEBUG: STREAM b'IHDR' 16 13
2024-12-10 17:22:52,524 - DEBUG: STREAM b'pHYs' 41 9
2024-12-10 17:22:52,524 - DEBUG: STREAM b'tEXt' 62 25
2024-12-10 17:22:52,524 - DEBUG: STREAM b'IDAT' 99 714
2024-12-10 17:22:52,606 - DEBUG: STREAM b'IHDR' 16 13
2024-12-10 17:22:52,606 - DEBUG: STREAM b'pHYs' 41 9
2024-12-10 17:22:52,606 - DEBUG: STREAM b'tEXt' 62 25
2024-12-10 17:22:52,606 - DEBUG: STREAM b'IDAT' 99 698
2024-12-10 17:22:52,658 - DEBUG: STREAM b'IHDR' 16 13
2024-12-10 17:22:52,658 - DEBUG: STREAM b'pHYs' 41 9
2024-12-10 17:22:52,658 - DEBUG: STREAM b'tEXt' 62 25
2024-12-10 17:22:52,658 - DEBUG: STREAM b'IDAT' 99 714
2024-12-10 17:22:52,687 - DEBUG: STREAM b'IHDR' 16 13
2024-12-10 17:22:52,687 - DEBUG: STREAM b'pHYs' 41 9
2024-12-10 17:22:52,687 - DEBUG: STREAM b'tEXt' 62 25
2024-12-10 17:22:52,687 - DEBUG: STREAM b'IDAT' 99 698
2024-12-10 17:22:52,749 - DEBUG: STREAM b'IHDR' 16 13
2024-12-10 17:22:52,749 - DEBUG: STREAM b'pHYs' 41 9
2024-12-10 17:22:52,749 - DEBUG: STREAM b'tEXt' 62 25
2024-12-10 17:22:52,749 - DEBUG: STREAM b'IDAT' 99 714
2024-12-10 17:22:52,785 - DEBUG: STREAM b'IHDR' 16 13
2024-12-10 17:22:52,785 - DEBUG: STREAM b'pHYs' 41 9
2024-12-10 17:22:52,785 - DEBUG: STREAM b'tEXt' 62 25
2024-12-10 17:22:52,785 - DEBUG: STREAM b'IDAT' 99 698
2024-12-10 17:22:52,847 - DEBUG: STREAM b'IHDR' 16 13
2024-12-10 17:22:52,847 - DEBUG: STREAM b'pHYs' 41 9
2024-12-10 17:22:52,847 - DEBUG: STREAM b'tEXt' 62 25
2024-12-10 17:22:52,847 - DEBUG: STREAM b'IDAT' 99 714
2024-12-10 17:22:52,910 - DEBUG: STREAM b'IHDR' 16 13
2024-12-10 17:22:52,910 - DEBUG: STREAM b'pHYs' 41 9
2024-12-10 17:22:52,910 - DEBUG: STREAM b'tEXt' 62 25
2024-12-10 17:22:52,910 - DEBUG: STREAM b'IDAT' 99 698
2024-12-10 17:22:52,996 - DEBUG: STREAM b'IHDR' 16 13
2024-12-10 17:22:52,996 - DEBUG: STREAM b'pHYs' 41 9
2024-12-10 17:22:52,996 - DEBUG: STREAM b'tEXt' 62 25
2024-12-10 17:22:52,996 - DEBUG: STREAM b'IDAT' 99 714
2024-12-10 17:22:53,038 - DEBUG: STREAM b'IHDR' 16 13
2024-12-10 17:22:53,038 - DEBUG: STREAM b'pHYs' 41 9
2024-12-10 17:22:53,038 - DEBUG: STREAM b'tEXt' 62 25
2024-12-10 17:22:53,038 - DEBUG: STREAM b'IDAT' 99 698
2024-12-10 17:22:53,100 - DEBUG: STREAM b'IHDR' 16 13
2024-12-10 17:22:53,100 - DEBUG: STREAM b'pHYs' 41 9
2024-12-10 17:22:53,100 - DEBUG: STREAM b'tEXt' 62 25
2024-12-10 17:22:53,100 - DEBUG: STREAM b'IDAT' 99 714
2024-12-10 17:22:53,162 - DEBUG: STREAM b'IHDR' 16 13
2024-12-10 17:22:53,162 - DEBUG: STREAM b'pHYs' 41 9
2024-12-10 17:22:53,162 - DEBUG: STREAM b'tEXt' 62 25
2024-12-10 17:22:53,162 - DEBUG: STREAM b'IDAT' 99 698
2024-12-10 17:22:53,226 - DEBUG: STREAM b'IHDR' 16 13
2024-12-10 17:22:53,226 - DEBUG: STREAM b'pHYs' 41 9
2024-12-10 17:22:53,226 - DEBUG: STREAM b'tEXt' 62 25
2024-12-10 17:22:53,226 - DEBUG: STREAM b'IDAT' 99 714
2024-12-10 17:22:53,280 - DEBUG: STREAM b'IHDR' 16 13
2024-12-10 17:22:53,290 - DEBUG: STREAM b'pHYs' 41 9
2024-12-10 17:22:53,290 - DEBUG: STREAM b'tEXt' 62 25
2024-12-10 17:22:53,290 - DEBUG: STREAM b'IDAT' 99 698
2024-12-10 17:22:53,368 - DEBUG: STREAM b'IHDR' 16 13
2024-12-10 17:22:53,368 - DEBUG: STREAM b'pHYs' 41 9
2024-12-10 17:22:53,368 - DEBUG: STREAM b'tEXt' 62 25
2024-12-10 17:22:53,368 - DEBUG: STREAM b'IDAT' 99 714
2024-12-10 17:22:53,410 - DEBUG: STREAM b'IHDR' 16 13
2024-12-10 17:22:53,410 - DEBUG: STREAM b'pHYs' 41 9
2024-12-10 17:22:53,410 - DEBUG: STREAM b'tEXt' 62 25
2024-12-10 17:22:53,410 - DEBUG: STREAM b'IDAT' 99 698
2024-12-10 17:22:53,499 - DEBUG: STREAM b'IHDR' 16 13
2024-12-10 17:22:53,499 - DEBUG: STREAM b'pHYs' 41 9
2024-12-10 17:22:53,499 - DEBUG: STREAM b'tEXt' 62 25
2024-12-10 17:22:53,499 - DEBUG: STREAM b'IDAT' 99 714
2024-12-10 17:22:53,603 - DEBUG: STREAM b'IHDR' 16 13
2024-12-10 17:22:53,603 - DEBUG: STREAM b'pHYs' 41 9
2024-12-10 17:22:53,603 - DEBUG: STREAM b'tEXt' 62 25
2024-12-10 17:22:53,603 - DEBUG: STREAM b'IDAT' 99 698
2024-12-10 17:22:53,681 - DEBUG: STREAM b'IHDR' 16 13
2024-12-10 17:22:53,681 - DEBUG: STREAM b'pHYs' 41 9
2024-12-10 17:22:53,681 - DEBUG: STREAM b'tEXt' 62 25
2024-12-10 17:22:53,681 - DEBUG: STREAM b'IDAT' 99 714
2024-12-10 17:22:53,791 - DEBUG: STREAM b'IHDR' 16 13
2024-12-10 17:22:53,791 - DEBUG: STREAM b'pHYs' 41 9
2024-12-10 17:22:53,791 - DEBUG: STREAM b'tEXt' 62 25
2024-12-10 17:22:53,791 - DEBUG: STREAM b'IDAT' 99 698
2024-12-10 17:22:53,894 - DEBUG: STREAM b'IHDR' 16 13
2024-12-10 17:22:53,894 - DEBUG: STREAM b'pHYs' 41 9
2024-12-10 17:22:53,894 - DEBUG: STREAM b'tEXt' 62 25
2024-12-10 17:22:53,894 - DEBUG: STREAM b'IDAT' 99 714
2024-12-10 17:22:53,981 - DEBUG: STREAM b'IHDR' 16 13
2024-12-10 17:22:53,981 - DEBUG: STREAM b'pHYs' 41 9
2024-12-10 17:22:53,981 - DEBUG: STREAM b'tEXt' 62 25
2024-12-10 17:22:53,981 - DEBUG: STREAM b'IDAT' 99 698
2024-12-10 17:22:54,062 - DEBUG: STREAM b'IHDR' 16 13
2024-12-10 17:22:54,062 - DEBUG: STREAM b'pHYs' 41 9
2024-12-10 17:22:54,062 - DEBUG: STREAM b'tEXt' 62 25
2024-12-10 17:22:54,062 - DEBUG: STREAM b'IDAT' 99 714
2024-12-10 17:22:54,150 - DEBUG: STREAM b'IHDR' 16 13
2024-12-10 17:22:54,150 - DEBUG: STREAM b'pHYs' 41 9
2024-12-10 17:22:54,150 - DEBUG: STREAM b'tEXt' 62 25
2024-12-10 17:22:54,150 - DEBUG: STREAM b'IDAT' 99 698
2024-12-10 17:22:54,197 - DEBUG: STREAM b'IHDR' 16 13
2024-12-10 17:22:54,197 - DEBUG: STREAM b'pHYs' 41 9
2024-12-10 17:22:54,197 - DEBUG: STREAM b'tEXt' 62 25
2024-12-10 17:22:54,197 - DEBUG: STREAM b'IDAT' 99 714
2024-12-10 17:22:54,229 - DEBUG: STREAM b'IHDR' 16 13
2024-12-10 17:22:54,229 - DEBUG: STREAM b'pHYs' 41 9
2024-12-10 17:22:54,229 - DEBUG: STREAM b'tEXt' 62 25
2024-12-10 17:22:54,229 - DEBUG: STREAM b'IDAT' 99 698
2024-12-10 17:22:54,279 - DEBUG: STREAM b'IHDR' 16 13
2024-12-10 17:22:54,279 - DEBUG: STREAM b'pHYs' 41 9
2024-12-10 17:22:54,279 - DEBUG: STREAM b'tEXt' 62 25
2024-12-10 17:22:54,279 - DEBUG: STREAM b'IDAT' 99 714
2024-12-10 17:22:54,344 - DEBUG: STREAM b'IHDR' 16 13
2024-12-10 17:22:54,344 - DEBUG: STREAM b'pHYs' 41 9
2024-12-10 17:22:54,344 - DEBUG: STREAM b'tEXt' 62 25
2024-12-10 17:22:54,344 - DEBUG: STREAM b'IDAT' 99 698
2024-12-10 17:22:54,383 - DEBUG: STREAM b'IHDR' 16 13
2024-12-10 17:22:54,383 - DEBUG: STREAM b'pHYs' 41 9
2024-12-10 17:22:54,383 - DEBUG: STREAM b'tEXt' 62 25
2024-12-10 17:22:54,383 - DEBUG: STREAM b'IDAT' 99 714
2024-12-10 17:22:54,452 - DEBUG: STREAM b'IHDR' 16 13
2024-12-10 17:22:54,452 - DEBUG: STREAM b'pHYs' 41 9
2024-12-10 17:22:54,452 - DEBUG: STREAM b'tEXt' 62 25
2024-12-10 17:22:54,452 - DEBUG: STREAM b'IDAT' 99 698
2024-12-10 17:22:54,518 - DEBUG: STREAM b'IHDR' 16 13
2024-12-10 17:22:54,518 - DEBUG: STREAM b'pHYs' 41 9
2024-12-10 17:22:54,518 - DEBUG: STREAM b'tEXt' 62 25
2024-12-10 17:22:54,518 - DEBUG: STREAM b'IDAT' 99 714
2024-12-10 17:22:54,792 - DEBUG: STREAM b'IHDR' 16 13
2024-12-10 17:22:54,792 - DEBUG: STREAM b'pHYs' 41 9
2024-12-10 17:22:54,792 - DEBUG: STREAM b'tEXt' 62 25
2024-12-10 17:22:54,792 - DEBUG: STREAM b'IDAT' 99 698
2024-12-10 17:22:54,863 - DEBUG: STREAM b'IHDR' 16 13
2024-12-10 17:22:54,863 - DEBUG: STREAM b'pHYs' 41 9
2024-12-10 17:22:54,863 - DEBUG: STREAM b'tEXt' 62 25
2024-12-10 17:22:54,863 - DEBUG: STREAM b'IDAT' 99 714
2024-12-10 17:22:54,916 - DEBUG: STREAM b'IHDR' 16 13
2024-12-10 17:22:54,916 - DEBUG: STREAM b'pHYs' 41 9
2024-12-10 17:22:54,916 - DEBUG: STREAM b'tEXt' 62 25
2024-12-10 17:22:54,916 - DEBUG: STREAM b'IDAT' 99 698
2024-12-10 17:22:54,976 - DEBUG: STREAM b'IHDR' 16 13
2024-12-10 17:22:54,977 - DEBUG: STREAM b'pHYs' 41 9
2024-12-10 17:22:54,977 - DEBUG: STREAM b'tEXt' 62 25
2024-12-10 17:22:54,977 - DEBUG: STREAM b'IDAT' 99 714
2024-12-10 17:22:55,024 - DEBUG: STREAM b'IHDR' 16 13
2024-12-10 17:22:55,024 - DEBUG: STREAM b'pHYs' 41 9
2024-12-10 17:22:55,024 - DEBUG: STREAM b'tEXt' 62 25
2024-12-10 17:22:55,024 - DEBUG: STREAM b'IDAT' 99 698
2024-12-10 17:22:55,099 - DEBUG: STREAM b'IHDR' 16 13
2024-12-10 17:22:55,099 - DEBUG: STREAM b'pHYs' 41 9
2024-12-10 17:22:55,099 - DEBUG: STREAM b'tEXt' 62 25
2024-12-10 17:22:55,099 - DEBUG: STREAM b'IDAT' 99 714
2024-12-10 17:22:55,171 - DEBUG: STREAM b'IHDR' 16 13
2024-12-10 17:22:55,171 - DEBUG: STREAM b'pHYs' 41 9
2024-12-10 17:22:55,171 - DEBUG: STREAM b'tEXt' 62 25
2024-12-10 17:22:55,171 - DEBUG: STREAM b'IDAT' 99 698
2024-12-10 17:22:55,253 - DEBUG: STREAM b'IHDR' 16 13
2024-12-10 17:22:55,253 - DEBUG: STREAM b'pHYs' 41 9
2024-12-10 17:22:55,253 - DEBUG: STREAM b'tEXt' 62 25
2024-12-10 17:22:55,253 - DEBUG: STREAM b'IDAT' 99 714
2024-12-10 17:22:55,318 - DEBUG: STREAM b'IHDR' 16 13
2024-12-10 17:22:55,318 - DEBUG: STREAM b'pHYs' 41 9
2024-12-10 17:22:55,318 - DEBUG: STREAM b'tEXt' 62 25
2024-12-10 17:22:55,318 - DEBUG: STREAM b'IDAT' 99 698
2024-12-10 17:22:55,402 - DEBUG: STREAM b'IHDR' 16 13
2024-12-10 17:22:55,402 - DEBUG: STREAM b'pHYs' 41 9
2024-12-10 17:22:55,402 - DEBUG: STREAM b'tEXt' 62 25
2024-12-10 17:22:55,402 - DEBUG: STREAM b'IDAT' 99 714
2024-12-10 17:22:55,466 - DEBUG: STREAM b'IHDR' 16 13
2024-12-10 17:22:55,466 - DEBUG: STREAM b'pHYs' 41 9
2024-12-10 17:22:55,466 - DEBUG: STREAM b'tEXt' 62 25
2024-12-10 17:22:55,466 - DEBUG: STREAM b'IDAT' 99 698
2024-12-10 17:22:55,534 - DEBUG: STREAM b'IHDR' 16 13
2024-12-10 17:22:55,534 - DEBUG: STREAM b'pHYs' 41 9
2024-12-10 17:22:55,534 - DEBUG: STREAM b'tEXt' 62 25
2024-12-10 17:22:55,534 - DEBUG: STREAM b'IDAT' 99 714
2024-12-10 17:22:55,599 - DEBUG: STREAM b'IHDR' 16 13
2024-12-10 17:22:55,599 - DEBUG: STREAM b'pHYs' 41 9
2024-12-10 17:22:55,599 - DEBUG: STREAM b'tEXt' 62 25
2024-12-10 17:22:55,599 - DEBUG: STREAM b'IDAT' 99 698
2024-12-10 17:22:55,683 - DEBUG: STREAM b'IHDR' 16 13
2024-12-10 17:22:55,683 - DEBUG: STREAM b'pHYs' 41 9
2024-12-10 17:22:55,685 - DEBUG: STREAM b'tEXt' 62 25
2024-12-10 17:22:55,685 - DEBUG: STREAM b'IDAT' 99 714
2024-12-10 17:22:55,711 - DEBUG: STREAM b'IHDR' 16 13
2024-12-10 17:22:55,711 - DEBUG: STREAM b'pHYs' 41 9
2024-12-10 17:22:55,711 - DEBUG: STREAM b'tEXt' 62 25
2024-12-10 17:22:55,711 - DEBUG: STREAM b'IDAT' 99 698
2024-12-10 17:22:55,768 - DEBUG: STREAM b'IHDR' 16 13
2024-12-10 17:22:55,768 - DEBUG: STREAM b'pHYs' 41 9
2024-12-10 17:22:55,768 - DEBUG: STREAM b'tEXt' 62 25
2024-12-10 17:22:55,768 - DEBUG: STREAM b'IDAT' 99 714
2024-12-10 17:22:55,828 - DEBUG: STREAM b'IHDR' 16 13
2024-12-10 17:22:55,828 - DEBUG: STREAM b'pHYs' 41 9
2024-12-10 17:22:55,828 - DEBUG: STREAM b'tEXt' 62 25
2024-12-10 17:22:55,828 - DEBUG: STREAM b'IDAT' 99 698
2024-12-10 17:22:55,882 - DEBUG: STREAM b'IHDR' 16 13
2024-12-10 17:22:55,885 - DEBUG: STREAM b'pHYs' 41 9
2024-12-10 17:22:55,885 - DEBUG: STREAM b'tEXt' 62 25
2024-12-10 17:22:55,885 - DEBUG: STREAM b'IDAT' 99 714
2024-12-10 17:22:55,936 - DEBUG: STREAM b'IHDR' 16 13
2024-12-10 17:22:55,936 - DEBUG: STREAM b'pHYs' 41 9
2024-12-10 17:22:55,936 - DEBUG: STREAM b'tEXt' 62 25
2024-12-10 17:22:55,936 - DEBUG: STREAM b'IDAT' 99 698
2024-12-10 17:22:55,992 - DEBUG: STREAM b'IHDR' 16 13
2024-12-10 17:22:55,992 - DEBUG: STREAM b'pHYs' 41 9
2024-12-10 17:22:55,992 - DEBUG: STREAM b'tEXt' 62 25
2024-12-10 17:22:55,992 - DEBUG: STREAM b'IDAT' 99 714
2024-12-10 17:22:56,050 - DEBUG: STREAM b'IHDR' 16 13
2024-12-10 17:22:56,050 - DEBUG: STREAM b'pHYs' 41 9
2024-12-10 17:22:56,050 - DEBUG: STREAM b'tEXt' 62 25
2024-12-10 17:22:56,050 - DEBUG: STREAM b'IDAT' 99 698
2024-12-10 17:22:56,088 - DEBUG: STREAM b'IHDR' 16 13
2024-12-10 17:22:56,104 - DEBUG: STREAM b'pHYs' 41 9
2024-12-10 17:22:56,104 - DEBUG: STREAM b'tEXt' 62 25
2024-12-10 17:22:56,104 - DEBUG: STREAM b'IDAT' 99 714
2024-12-10 17:22:56,152 - DEBUG: STREAM b'IHDR' 16 13
2024-12-10 17:22:56,152 - DEBUG: STREAM b'pHYs' 41 9
2024-12-10 17:22:56,152 - DEBUG: STREAM b'tEXt' 62 25
2024-12-10 17:22:56,152 - DEBUG: STREAM b'IDAT' 99 698
2024-12-10 17:22:56,209 - DEBUG: STREAM b'IHDR' 16 13
2024-12-10 17:22:56,209 - DEBUG: STREAM b'pHYs' 41 9
2024-12-10 17:22:56,209 - DEBUG: STREAM b'tEXt' 62 25
2024-12-10 17:22:56,209 - DEBUG: STREAM b'IDAT' 99 714
2024-12-10 17:22:56,264 - DEBUG: STREAM b'IHDR' 16 13
2024-12-10 17:22:56,264 - DEBUG: STREAM b'pHYs' 41 9
2024-12-10 17:22:56,264 - DEBUG: STREAM b'tEXt' 62 25
2024-12-10 17:22:56,264 - DEBUG: STREAM b'IDAT' 99 698
2024-12-10 17:22:56,328 - DEBUG: STREAM b'IHDR' 16 13
2024-12-10 17:22:56,328 - DEBUG: STREAM b'pHYs' 41 9
2024-12-10 17:22:56,328 - DEBUG: STREAM b'tEXt' 62 25
2024-12-10 17:22:56,328 - DEBUG: STREAM b'IDAT' 99 714
2024-12-10 17:22:56,379 - DEBUG: STREAM b'IHDR' 16 13
2024-12-10 17:22:56,379 - DEBUG: STREAM b'pHYs' 41 9
2024-12-10 17:22:56,379 - DEBUG: STREAM b'tEXt' 62 25
2024-12-10 17:22:56,379 - DEBUG: STREAM b'IDAT' 99 698
2024-12-10 17:22:56,453 - DEBUG: STREAM b'IHDR' 16 13
2024-12-10 17:22:56,453 - DEBUG: STREAM b'pHYs' 41 9
2024-12-10 17:22:56,453 - DEBUG: STREAM b'tEXt' 62 25
2024-12-10 17:22:56,453 - DEBUG: STREAM b'IDAT' 99 714
2024-12-10 17:22:56,533 - DEBUG: STREAM b'IHDR' 16 13
2024-12-10 17:22:56,533 - DEBUG: STREAM b'pHYs' 41 9
2024-12-10 17:22:56,538 - DEBUG: STREAM b'tEXt' 62 25
2024-12-10 17:22:56,538 - DEBUG: STREAM b'IDAT' 99 698
2024-12-10 17:22:56,613 - DEBUG: STREAM b'IHDR' 16 13
2024-12-10 17:22:56,613 - DEBUG: STREAM b'pHYs' 41 9
2024-12-10 17:22:56,613 - DEBUG: STREAM b'tEXt' 62 25
2024-12-10 17:22:56,613 - DEBUG: STREAM b'IDAT' 99 714
2024-12-10 17:22:56,697 - DEBUG: STREAM b'IHDR' 16 13
2024-12-10 17:22:56,697 - DEBUG: STREAM b'pHYs' 41 9
2024-12-10 17:22:56,697 - DEBUG: STREAM b'tEXt' 62 25
2024-12-10 17:22:56,697 - DEBUG: STREAM b'IDAT' 99 698
2024-12-10 17:22:56,765 - DEBUG: STREAM b'IHDR' 16 13
2024-12-10 17:22:56,765 - DEBUG: STREAM b'pHYs' 41 9
2024-12-10 17:22:56,765 - DEBUG: STREAM b'tEXt' 62 25
2024-12-10 17:22:56,765 - DEBUG: STREAM b'IDAT' 99 714
2024-12-10 17:22:56,899 - DEBUG: STREAM b'IHDR' 16 13
2024-12-10 17:22:56,899 - DEBUG: STREAM b'pHYs' 41 9
2024-12-10 17:22:56,899 - DEBUG: STREAM b'tEXt' 62 25
2024-12-10 17:22:56,899 - DEBUG: STREAM b'IDAT' 99 698
2024-12-10 17:22:56,942 - DEBUG: STREAM b'IHDR' 16 13
2024-12-10 17:22:56,942 - DEBUG: STREAM b'pHYs' 41 9
2024-12-10 17:22:56,942 - DEBUG: STREAM b'tEXt' 62 25
2024-12-10 17:22:56,946 - DEBUG: STREAM b'IDAT' 99 714
2024-12-10 17:22:58,520 - DEBUG: STREAM b'IHDR' 16 13
2024-12-10 17:22:58,520 - DEBUG: STREAM b'pHYs' 41 9
2024-12-10 17:22:58,520 - DEBUG: STREAM b'tEXt' 62 25
2024-12-10 17:22:58,520 - DEBUG: STREAM b'IDAT' 99 698
2024-12-10 17:22:58,563 - DEBUG: STREAM b'IHDR' 16 13
2024-12-10 17:22:58,563 - DEBUG: STREAM b'pHYs' 41 9
2024-12-10 17:22:58,563 - DEBUG: STREAM b'tEXt' 62 25
2024-12-10 17:22:58,563 - DEBUG: STREAM b'IDAT' 99 714
2024-12-10 17:22:58,590 - DEBUG: STREAM b'IHDR' 16 13
2024-12-10 17:22:58,592 - DEBUG: STREAM b'pHYs' 41 9
2024-12-10 17:22:58,592 - DEBUG: STREAM b'tEXt' 62 25
2024-12-10 17:22:58,592 - DEBUG: STREAM b'IDAT' 99 698
2024-12-10 17:22:58,639 - DEBUG: STREAM b'IHDR' 16 13
2024-12-10 17:22:58,639 - DEBUG: STREAM b'pHYs' 41 9
2024-12-10 17:22:58,639 - DEBUG: STREAM b'tEXt' 62 25
2024-12-10 17:22:58,639 - DEBUG: STREAM b'IDAT' 99 714
2024-12-10 17:22:58,695 - DEBUG: STREAM b'IHDR' 16 13
2024-12-10 17:22:58,695 - DEBUG: STREAM b'pHYs' 41 9
2024-12-10 17:22:58,695 - DEBUG: STREAM b'tEXt' 62 25
2024-12-10 17:22:58,695 - DEBUG: STREAM b'IDAT' 99 698
2024-12-10 17:22:58,735 - DEBUG: STREAM b'IHDR' 16 13
2024-12-10 17:22:58,735 - DEBUG: STREAM b'pHYs' 41 9
2024-12-10 17:22:58,735 - DEBUG: STREAM b'tEXt' 62 25
2024-12-10 17:22:58,735 - DEBUG: STREAM b'IDAT' 99 714
2024-12-10 17:22:58,760 - DEBUG: STREAM b'IHDR' 16 13
2024-12-10 17:22:58,760 - DEBUG: STREAM b'pHYs' 41 9
2024-12-10 17:22:58,760 - DEBUG: STREAM b'tEXt' 62 25
2024-12-10 17:22:58,762 - DEBUG: STREAM b'IDAT' 99 698
2024-12-10 17:22:58,822 - DEBUG: STREAM b'IHDR' 16 13
2024-12-10 17:22:58,822 - DEBUG: STREAM b'pHYs' 41 9
2024-12-10 17:22:58,822 - DEBUG: STREAM b'tEXt' 62 25
2024-12-10 17:22:58,822 - DEBUG: STREAM b'IDAT' 99 714
2024-12-10 17:22:58,845 - DEBUG: STREAM b'IHDR' 16 13
2024-12-10 17:22:58,845 - DEBUG: STREAM b'pHYs' 41 9
2024-12-10 17:22:58,845 - DEBUG: STREAM b'tEXt' 62 25
2024-12-10 17:22:58,845 - DEBUG: STREAM b'IDAT' 99 698
2024-12-10 17:22:58,930 - DEBUG: STREAM b'IHDR' 16 13
2024-12-10 17:22:58,930 - DEBUG: STREAM b'pHYs' 41 9
2024-12-10 17:22:58,930 - DEBUG: STREAM b'tEXt' 62 25
2024-12-10 17:22:58,930 - DEBUG: STREAM b'IDAT' 99 714
2024-12-10 17:22:59,001 - DEBUG: STREAM b'IHDR' 16 13
2024-12-10 17:22:59,001 - DEBUG: STREAM b'pHYs' 41 9
2024-12-10 17:22:59,001 - DEBUG: STREAM b'tEXt' 62 25
2024-12-10 17:22:59,001 - DEBUG: STREAM b'IDAT' 99 698
2024-12-10 17:22:59,076 - DEBUG: STREAM b'IHDR' 16 13
2024-12-10 17:22:59,076 - DEBUG: STREAM b'pHYs' 41 9
2024-12-10 17:22:59,076 - DEBUG: STREAM b'tEXt' 62 25
2024-12-10 17:22:59,076 - DEBUG: STREAM b'IDAT' 99 714
2024-12-10 17:22:59,104 - DEBUG: STREAM b'IHDR' 16 13
2024-12-10 17:22:59,104 - DEBUG: STREAM b'pHYs' 41 9
2024-12-10 17:22:59,104 - DEBUG: STREAM b'tEXt' 62 25
2024-12-10 17:22:59,104 - DEBUG: STREAM b'IDAT' 99 698
2024-12-10 17:22:59,168 - DEBUG: STREAM b'IHDR' 16 13
2024-12-10 17:22:59,168 - DEBUG: STREAM b'pHYs' 41 9
2024-12-10 17:22:59,168 - DEBUG: STREAM b'tEXt' 62 25
2024-12-10 17:22:59,168 - DEBUG: STREAM b'IDAT' 99 714
2024-12-10 17:22:59,215 - DEBUG: STREAM b'IHDR' 16 13
2024-12-10 17:22:59,215 - DEBUG: STREAM b'pHYs' 41 9
2024-12-10 17:22:59,215 - DEBUG: STREAM b'tEXt' 62 25
2024-12-10 17:22:59,215 - DEBUG: STREAM b'IDAT' 99 698
2024-12-10 17:22:59,279 - DEBUG: STREAM b'IHDR' 16 13
2024-12-10 17:22:59,279 - DEBUG: STREAM b'pHYs' 41 9
2024-12-10 17:22:59,279 - DEBUG: STREAM b'tEXt' 62 25
2024-12-10 17:22:59,279 - DEBUG: STREAM b'IDAT' 99 714
2024-12-10 17:22:59,335 - DEBUG: STREAM b'IHDR' 16 13
2024-12-10 17:22:59,335 - DEBUG: STREAM b'pHYs' 41 9
2024-12-10 17:22:59,335 - DEBUG: STREAM b'tEXt' 62 25
2024-12-10 17:22:59,335 - DEBUG: STREAM b'IDAT' 99 698
2024-12-10 17:22:59,419 - DEBUG: STREAM b'IHDR' 16 13
2024-12-10 17:22:59,419 - DEBUG: STREAM b'pHYs' 41 9
2024-12-10 17:22:59,419 - DEBUG: STREAM b'tEXt' 62 25
2024-12-10 17:22:59,419 - DEBUG: STREAM b'IDAT' 99 714
2024-12-10 17:22:59,446 - DEBUG: STREAM b'IHDR' 16 13
2024-12-10 17:22:59,446 - DEBUG: STREAM b'pHYs' 41 9
2024-12-10 17:22:59,446 - DEBUG: STREAM b'tEXt' 62 25
2024-12-10 17:22:59,446 - DEBUG: STREAM b'IDAT' 99 698
2024-12-10 17:22:59,503 - DEBUG: STREAM b'IHDR' 16 13
2024-12-10 17:22:59,503 - DEBUG: STREAM b'pHYs' 41 9
2024-12-10 17:22:59,503 - DEBUG: STREAM b'tEXt' 62 25
2024-12-10 17:22:59,503 - DEBUG: STREAM b'IDAT' 99 714
2024-12-10 17:22:59,633 - DEBUG: STREAM b'IHDR' 16 13
2024-12-10 17:22:59,633 - DEBUG: STREAM b'pHYs' 41 9
2024-12-10 17:22:59,633 - DEBUG: STREAM b'tEXt' 62 25
2024-12-10 17:22:59,633 - DEBUG: STREAM b'IDAT' 99 698
2024-12-10 17:22:59,746 - DEBUG: STREAM b'IHDR' 16 13
2024-12-10 17:22:59,746 - DEBUG: STREAM b'pHYs' 41 9
2024-12-10 17:22:59,746 - DEBUG: STREAM b'tEXt' 62 25
2024-12-10 17:22:59,746 - DEBUG: STREAM b'IDAT' 99 714
2024-12-10 17:22:59,856 - DEBUG: STREAM b'IHDR' 16 13
2024-12-10 17:22:59,860 - DEBUG: STREAM b'pHYs' 41 9
2024-12-10 17:22:59,860 - DEBUG: STREAM b'tEXt' 62 25
2024-12-10 17:22:59,860 - DEBUG: STREAM b'IDAT' 99 698
2024-12-10 17:22:59,954 - DEBUG: STREAM b'IHDR' 16 13
2024-12-10 17:22:59,954 - DEBUG: STREAM b'pHYs' 41 9
2024-12-10 17:22:59,954 - DEBUG: STREAM b'tEXt' 62 25
2024-12-10 17:22:59,954 - DEBUG: STREAM b'IDAT' 99 714
2024-12-10 17:23:00,040 - DEBUG: STREAM b'IHDR' 16 13
2024-12-10 17:23:00,042 - DEBUG: STREAM b'pHYs' 41 9
2024-12-10 17:23:00,042 - DEBUG: STREAM b'tEXt' 62 25
2024-12-10 17:23:00,042 - DEBUG: STREAM b'IDAT' 99 698
2024-12-10 17:23:00,210 - DEBUG: STREAM b'IHDR' 16 13
2024-12-10 17:23:00,210 - DEBUG: STREAM b'pHYs' 41 9
2024-12-10 17:23:00,210 - DEBUG: STREAM b'tEXt' 62 25
2024-12-10 17:23:00,210 - DEBUG: STREAM b'IDAT' 99 714
2024-12-10 17:23:00,302 - DEBUG: STREAM b'IHDR' 16 13
2024-12-10 17:23:00,302 - DEBUG: STREAM b'pHYs' 41 9
2024-12-10 17:23:00,302 - DEBUG: STREAM b'tEXt' 62 25
2024-12-10 17:23:00,302 - DEBUG: STREAM b'IDAT' 99 698
2024-12-10 17:23:00,380 - DEBUG: STREAM b'IHDR' 16 13
2024-12-10 17:23:00,380 - DEBUG: STREAM b'pHYs' 41 9
2024-12-10 17:23:00,380 - DEBUG: STREAM b'tEXt' 62 25
2024-12-10 17:23:00,380 - DEBUG: STREAM b'IDAT' 99 714
2024-12-10 17:23:00,417 - DEBUG: STREAM b'IHDR' 16 13
2024-12-10 17:23:00,417 - DEBUG: STREAM b'pHYs' 41 9
2024-12-10 17:23:00,417 - DEBUG: STREAM b'tEXt' 62 25
2024-12-10 17:23:00,417 - DEBUG: STREAM b'IDAT' 99 698
2024-12-10 17:23:00,493 - DEBUG: STREAM b'IHDR' 16 13
2024-12-10 17:23:00,493 - DEBUG: STREAM b'pHYs' 41 9
2024-12-10 17:23:00,493 - DEBUG: STREAM b'tEXt' 62 25
2024-12-10 17:23:00,493 - DEBUG: STREAM b'IDAT' 99 714
2024-12-10 17:23:00,587 - DEBUG: STREAM b'IHDR' 16 13
2024-12-10 17:23:00,587 - DEBUG: STREAM b'pHYs' 41 9
2024-12-10 17:23:00,587 - DEBUG: STREAM b'tEXt' 62 25
2024-12-10 17:23:00,587 - DEBUG: STREAM b'IDAT' 99 698
2024-12-10 17:23:00,652 - DEBUG: STREAM b'IHDR' 16 13
2024-12-10 17:23:00,652 - DEBUG: STREAM b'pHYs' 41 9
2024-12-10 17:23:00,652 - DEBUG: STREAM b'tEXt' 62 25
2024-12-10 17:23:00,652 - DEBUG: STREAM b'IDAT' 99 714
2024-12-10 17:23:00,767 - DEBUG: STREAM b'IHDR' 16 13
2024-12-10 17:23:00,767 - DEBUG: STREAM b'pHYs' 41 9
2024-12-10 17:23:00,767 - DEBUG: STREAM b'tEXt' 62 25
2024-12-10 17:23:00,767 - DEBUG: STREAM b'IDAT' 99 698
2024-12-10 17:23:00,843 - DEBUG: STREAM b'IHDR' 16 13
2024-12-10 17:23:00,852 - DEBUG: STREAM b'pHYs' 41 9
2024-12-10 17:23:00,852 - DEBUG: STREAM b'tEXt' 62 25
2024-12-10 17:23:00,852 - DEBUG: STREAM b'IDAT' 99 714
2024-12-10 17:23:00,937 - DEBUG: STREAM b'IHDR' 16 13
2024-12-10 17:23:00,937 - DEBUG: STREAM b'pHYs' 41 9
2024-12-10 17:23:00,937 - DEBUG: STREAM b'tEXt' 62 25
2024-12-10 17:23:00,937 - DEBUG: STREAM b'IDAT' 99 698
2024-12-10 17:23:01,004 - DEBUG: STREAM b'IHDR' 16 13
2024-12-10 17:23:01,004 - DEBUG: STREAM b'pHYs' 41 9
2024-12-10 17:23:01,006 - DEBUG: STREAM b'tEXt' 62 25
2024-12-10 17:23:01,006 - DEBUG: STREAM b'IDAT' 99 714
2024-12-10 17:23:01,178 - DEBUG: STREAM b'IHDR' 16 13
2024-12-10 17:23:01,178 - DEBUG: STREAM b'pHYs' 41 9
2024-12-10 17:23:01,178 - DEBUG: STREAM b'tEXt' 62 25
2024-12-10 17:23:01,178 - DEBUG: STREAM b'IDAT' 99 698
2024-12-10 17:23:01,224 - DEBUG: STREAM b'IHDR' 16 13
2024-12-10 17:23:01,224 - DEBUG: STREAM b'pHYs' 41 9
2024-12-10 17:23:01,224 - DEBUG: STREAM b'tEXt' 62 25
2024-12-10 17:23:01,224 - DEBUG: STREAM b'IDAT' 99 714
2024-12-10 17:23:01,339 - DEBUG: STREAM b'IHDR' 16 13
2024-12-10 17:23:01,339 - DEBUG: STREAM b'pHYs' 41 9
2024-12-10 17:23:01,341 - DEBUG: STREAM b'tEXt' 62 25
2024-12-10 17:23:01,341 - DEBUG: STREAM b'IDAT' 99 698
2024-12-10 17:23:01,411 - DEBUG: STREAM b'IHDR' 16 13
2024-12-10 17:23:01,411 - DEBUG: STREAM b'pHYs' 41 9
2024-12-10 17:23:01,413 - DEBUG: STREAM b'tEXt' 62 25
2024-12-10 17:23:01,413 - DEBUG: STREAM b'IDAT' 99 714
2024-12-10 17:23:01,545 - DEBUG: STREAM b'IHDR' 16 13
2024-12-10 17:23:01,545 - DEBUG: STREAM b'pHYs' 41 9
2024-12-10 17:23:01,545 - DEBUG: STREAM b'tEXt' 62 25
2024-12-10 17:23:01,547 - DEBUG: STREAM b'IDAT' 99 698
2024-12-10 17:23:01,604 - DEBUG: STREAM b'IHDR' 16 13
2024-12-10 17:23:01,606 - DEBUG: STREAM b'pHYs' 41 9
2024-12-10 17:23:01,606 - DEBUG: STREAM b'tEXt' 62 25
2024-12-10 17:23:01,606 - DEBUG: STREAM b'IDAT' 99 714
2024-12-10 17:23:01,798 - DEBUG: STREAM b'IHDR' 16 13
2024-12-10 17:23:01,798 - DEBUG: STREAM b'pHYs' 41 9
2024-12-10 17:23:01,798 - DEBUG: STREAM b'tEXt' 62 25
2024-12-10 17:23:01,798 - DEBUG: STREAM b'IDAT' 99 698
2024-12-10 17:23:01,853 - DEBUG: STREAM b'IHDR' 16 13
2024-12-10 17:23:01,853 - DEBUG: STREAM b'pHYs' 41 9
2024-12-10 17:23:01,853 - DEBUG: STREAM b'tEXt' 62 25
2024-12-10 17:23:01,853 - DEBUG: STREAM b'IDAT' 99 714
2024-12-10 17:23:02,048 - DEBUG: STREAM b'IHDR' 16 13
2024-12-10 17:23:02,050 - DEBUG: STREAM b'pHYs' 41 9
2024-12-10 17:23:02,050 - DEBUG: STREAM b'tEXt' 62 25
2024-12-10 17:23:02,050 - DEBUG: STREAM b'IDAT' 99 698
2024-12-10 17:23:02,122 - DEBUG: STREAM b'IHDR' 16 13
2024-12-10 17:23:02,122 - DEBUG: STREAM b'pHYs' 41 9
2024-12-10 17:23:02,122 - DEBUG: STREAM b'tEXt' 62 25
2024-12-10 17:23:02,122 - DEBUG: STREAM b'IDAT' 99 714
2024-12-10 17:23:02,282 - DEBUG: STREAM b'IHDR' 16 13
2024-12-10 17:23:02,282 - DEBUG: STREAM b'pHYs' 41 9
2024-12-10 17:23:02,282 - DEBUG: STREAM b'tEXt' 62 25
2024-12-10 17:23:02,282 - DEBUG: STREAM b'IDAT' 99 698
2024-12-10 17:23:02,346 - DEBUG: STREAM b'IHDR' 16 13
2024-12-10 17:23:02,346 - DEBUG: STREAM b'pHYs' 41 9
2024-12-10 17:23:02,346 - DEBUG: STREAM b'tEXt' 62 25
2024-12-10 17:23:02,346 - DEBUG: STREAM b'IDAT' 99 714
2024-12-10 17:23:02,466 - DEBUG: STREAM b'IHDR' 16 13
2024-12-10 17:23:02,466 - DEBUG: STREAM b'pHYs' 41 9
2024-12-10 17:23:02,466 - DEBUG: STREAM b'tEXt' 62 25
2024-12-10 17:23:02,466 - DEBUG: STREAM b'IDAT' 99 698
2024-12-10 17:23:02,540 - DEBUG: STREAM b'IHDR' 16 13
2024-12-10 17:23:02,540 - DEBUG: STREAM b'pHYs' 41 9
2024-12-10 17:23:02,540 - DEBUG: STREAM b'tEXt' 62 25
2024-12-10 17:23:02,540 - DEBUG: STREAM b'IDAT' 99 714
2024-12-10 17:23:02,735 - DEBUG: STREAM b'IHDR' 16 13
2024-12-10 17:23:02,737 - DEBUG: STREAM b'pHYs' 41 9
2024-12-10 17:23:02,737 - DEBUG: STREAM b'tEXt' 62 25
2024-12-10 17:23:02,737 - DEBUG: STREAM b'IDAT' 99 698
2024-12-10 17:23:02,806 - DEBUG: STREAM b'IHDR' 16 13
2024-12-10 17:23:02,806 - DEBUG: STREAM b'pHYs' 41 9
2024-12-10 17:23:02,806 - DEBUG: STREAM b'tEXt' 62 25
2024-12-10 17:23:02,806 - DEBUG: STREAM b'IDAT' 99 714
2024-12-10 17:23:02,963 - DEBUG: STREAM b'IHDR' 16 13
2024-12-10 17:23:02,963 - DEBUG: STREAM b'pHYs' 41 9
2024-12-10 17:23:02,963 - DEBUG: STREAM b'tEXt' 62 25
2024-12-10 17:23:02,963 - DEBUG: STREAM b'IDAT' 99 698
2024-12-10 17:23:03,029 - DEBUG: STREAM b'IHDR' 16 13
2024-12-10 17:23:03,029 - DEBUG: STREAM b'pHYs' 41 9
2024-12-10 17:23:03,029 - DEBUG: STREAM b'tEXt' 62 25
2024-12-10 17:23:03,029 - DEBUG: STREAM b'IDAT' 99 714
2024-12-10 17:23:03,158 - DEBUG: STREAM b'IHDR' 16 13
2024-12-10 17:23:03,158 - DEBUG: STREAM b'pHYs' 41 9
2024-12-10 17:23:03,158 - DEBUG: STREAM b'tEXt' 62 25
2024-12-10 17:23:03,159 - DEBUG: STREAM b'IDAT' 99 698
2024-12-10 17:23:03,257 - DEBUG: STREAM b'IHDR' 16 13
2024-12-10 17:23:03,257 - DEBUG: STREAM b'pHYs' 41 9
2024-12-10 17:23:03,257 - DEBUG: STREAM b'tEXt' 62 25
2024-12-10 17:23:03,257 - DEBUG: STREAM b'IDAT' 99 714
2024-12-10 17:23:03,601 - DEBUG: STREAM b'IHDR' 16 13
2024-12-10 17:23:03,601 - DEBUG: STREAM b'pHYs' 41 9
2024-12-10 17:23:03,601 - DEBUG: STREAM b'tEXt' 62 25
2024-12-10 17:23:03,601 - DEBUG: STREAM b'IDAT' 99 698
2024-12-10 17:23:03,648 - DEBUG: STREAM b'IHDR' 16 13
2024-12-10 17:23:03,648 - DEBUG: STREAM b'pHYs' 41 9
2024-12-10 17:23:03,648 - DEBUG: STREAM b'tEXt' 62 25
2024-12-10 17:23:03,648 - DEBUG: STREAM b'IDAT' 99 714
2024-12-10 17:23:03,838 - DEBUG: STREAM b'IHDR' 16 13
2024-12-10 17:23:03,838 - DEBUG: STREAM b'pHYs' 41 9
2024-12-10 17:23:03,838 - DEBUG: STREAM b'tEXt' 62 25
2024-12-10 17:23:03,838 - DEBUG: STREAM b'IDAT' 99 698
2024-12-10 17:23:03,914 - DEBUG: STREAM b'IHDR' 16 13
2024-12-10 17:23:03,915 - DEBUG: STREAM b'pHYs' 41 9
2024-12-10 17:23:03,915 - DEBUG: STREAM b'tEXt' 62 25
2024-12-10 17:23:03,915 - DEBUG: STREAM b'IDAT' 99 714
2024-12-10 17:23:04,045 - DEBUG: STREAM b'IHDR' 16 13
2024-12-10 17:23:04,045 - DEBUG: STREAM b'pHYs' 41 9
2024-12-10 17:23:04,045 - DEBUG: STREAM b'tEXt' 62 25
2024-12-10 17:23:04,045 - DEBUG: STREAM b'IDAT' 99 698
2024-12-10 17:23:04,127 - DEBUG: STREAM b'IHDR' 16 13
2024-12-10 17:23:04,129 - DEBUG: STREAM b'pHYs' 41 9
2024-12-10 17:23:04,129 - DEBUG: STREAM b'tEXt' 62 25
2024-12-10 17:23:04,129 - DEBUG: STREAM b'IDAT' 99 714
2024-12-10 17:23:04,315 - DEBUG: STREAM b'IHDR' 16 13
2024-12-10 17:23:04,315 - DEBUG: STREAM b'pHYs' 41 9
2024-12-10 17:23:04,315 - DEBUG: STREAM b'tEXt' 62 25
2024-12-10 17:23:04,315 - DEBUG: STREAM b'IDAT' 99 698
2024-12-10 17:23:04,400 - DEBUG: STREAM b'IHDR' 16 13
2024-12-10 17:23:04,400 - DEBUG: STREAM b'pHYs' 41 9
2024-12-10 17:23:04,400 - DEBUG: STREAM b'tEXt' 62 25
2024-12-10 17:23:04,405 - DEBUG: STREAM b'IDAT' 99 714
2024-12-10 17:23:04,552 - DEBUG: STREAM b'IHDR' 16 13
2024-12-10 17:23:04,552 - DEBUG: STREAM b'pHYs' 41 9
2024-12-10 17:23:04,552 - DEBUG: STREAM b'tEXt' 62 25
2024-12-10 17:23:04,552 - DEBUG: STREAM b'IDAT' 99 698
2024-12-10 17:23:04,607 - DEBUG: STREAM b'IHDR' 16 13
2024-12-10 17:23:04,607 - DEBUG: STREAM b'pHYs' 41 9
2024-12-10 17:23:04,607 - DEBUG: STREAM b'tEXt' 62 25
2024-12-10 17:23:04,607 - DEBUG: STREAM b'IDAT' 99 714
2024-12-10 17:23:04,771 - DEBUG: STREAM b'IHDR' 16 13
2024-12-10 17:23:04,771 - DEBUG: STREAM b'pHYs' 41 9
2024-12-10 17:23:04,771 - DEBUG: STREAM b'tEXt' 62 25
2024-12-10 17:23:04,771 - DEBUG: STREAM b'IDAT' 99 698
2024-12-10 17:23:04,833 - DEBUG: STREAM b'IHDR' 16 13
2024-12-10 17:23:04,833 - DEBUG: STREAM b'pHYs' 41 9
2024-12-10 17:23:04,833 - DEBUG: STREAM b'tEXt' 62 25
2024-12-10 17:23:04,833 - DEBUG: STREAM b'IDAT' 99 714
2024-12-10 17:23:05,002 - DEBUG: STREAM b'IHDR' 16 13
2024-12-10 17:23:05,002 - DEBUG: STREAM b'pHYs' 41 9
2024-12-10 17:23:05,002 - DEBUG: STREAM b'tEXt' 62 25
2024-12-10 17:23:05,002 - DEBUG: STREAM b'IDAT' 99 698
2024-12-10 17:23:05,073 - DEBUG: STREAM b'IHDR' 16 13
2024-12-10 17:23:05,073 - DEBUG: STREAM b'pHYs' 41 9
2024-12-10 17:23:05,073 - DEBUG: STREAM b'tEXt' 62 25
2024-12-10 17:23:05,073 - DEBUG: STREAM b'IDAT' 99 714
2024-12-10 17:23:05,284 - DEBUG: STREAM b'IHDR' 16 13
2024-12-10 17:23:05,284 - DEBUG: STREAM b'pHYs' 41 9
2024-12-10 17:23:05,284 - DEBUG: STREAM b'tEXt' 62 25
2024-12-10 17:23:05,284 - DEBUG: STREAM b'IDAT' 99 698
2024-12-10 17:23:05,326 - DEBUG: STREAM b'IHDR' 16 13
2024-12-10 17:23:05,326 - DEBUG: STREAM b'pHYs' 41 9
2024-12-10 17:23:05,326 - DEBUG: STREAM b'tEXt' 62 25
2024-12-10 17:23:05,326 - DEBUG: STREAM b'IDAT' 99 714
2024-12-10 17:23:45,756 - INFO: Started simulator session
2024-12-10 17:23:45,758 - DEBUG: STREAM b'IHDR' 16 13
2024-12-10 17:23:45,758 - DEBUG: STREAM b'pHYs' 41 9
2024-12-10 17:23:45,759 - DEBUG: STREAM b'tEXt' 62 25
2024-12-10 17:23:45,759 - DEBUG: STREAM b'IDAT' 99 691
2024-12-10 17:23:45,759 - DEBUG: STREAM b'IHDR' 16 13
2024-12-10 17:23:45,760 - DEBUG: STREAM b'pHYs' 41 9
2024-12-10 17:23:45,760 - DEBUG: STREAM b'tEXt' 62 25
2024-12-10 17:23:45,760 - DEBUG: STREAM b'IDAT' 99 685
2024-12-10 17:23:45,761 - DEBUG: STREAM b'IHDR' 16 13
2024-12-10 17:23:45,761 - DEBUG: STREAM b'pHYs' 41 9
2024-12-10 17:23:45,762 - DEBUG: STREAM b'tEXt' 62 25
2024-12-10 17:23:45,762 - DEBUG: STREAM b'IDAT' 99 671
2024-12-10 17:24:03,343 - DEBUG: STREAM b'IHDR' 16 13
2024-12-10 17:24:03,343 - DEBUG: STREAM b'pHYs' 41 9
2024-12-10 17:24:03,343 - DEBUG: STREAM b'tEXt' 62 25
2024-12-10 17:24:03,343 - DEBUG: STREAM b'IDAT' 99 8192
2024-12-10 17:24:04,123 - DEBUG: STREAM b'IHDR' 16 13
2024-12-10 17:24:04,124 - DEBUG: STREAM b'pHYs' 41 9
2024-12-10 17:24:04,124 - DEBUG: STREAM b'tEXt' 62 25
2024-12-10 17:24:04,125 - DEBUG: STREAM b'IDAT' 99 698
2024-12-10 17:24:04,126 - DEBUG: STREAM b'IHDR' 16 13
2024-12-10 17:24:04,127 - DEBUG: STREAM b'pHYs' 41 9
2024-12-10 17:24:04,127 - DEBUG: STREAM b'tEXt' 62 25
2024-12-10 17:24:04,127 - DEBUG: STREAM b'IDAT' 99 698
2024-12-10 17:24:35,846 - DEBUG: STREAM b'IHDR' 16 13
2024-12-10 17:24:35,847 - DEBUG: STREAM b'pHYs' 41 9
2024-12-10 17:24:35,847 - DEBUG: STREAM b'tEXt' 62 25
2024-12-10 17:24:35,847 - DEBUG: STREAM b'IDAT' 99 691
2024-12-10 17:24:35,847 - DEBUG: STREAM b'IHDR' 16 13
2024-12-10 17:24:35,847 - DEBUG: STREAM b'pHYs' 41 9
2024-12-10 17:24:35,847 - DEBUG: STREAM b'tEXt' 62 25
2024-12-10 17:24:35,847 - DEBUG: STREAM b'IDAT' 99 685
2024-12-10 17:24:35,848 - DEBUG: STREAM b'IHDR' 16 13
2024-12-10 17:24:35,848 - DEBUG: STREAM b'pHYs' 41 9
2024-12-10 17:24:35,848 - DEBUG: STREAM b'tEXt' 62 25
2024-12-10 17:24:35,848 - DEBUG: STREAM b'IDAT' 99 671
2024-12-10 17:24:35,849 - DEBUG: STREAM b'IHDR' 16 13
2024-12-10 17:24:35,849 - DEBUG: STREAM b'pHYs' 41 9
2024-12-10 17:24:35,850 - DEBUG: STREAM b'tEXt' 62 25
2024-12-10 17:24:35,850 - DEBUG: STREAM b'IDAT' 99 691
2024-12-10 17:24:35,850 - DEBUG: STREAM b'IHDR' 16 13
2024-12-10 17:24:35,850 - DEBUG: STREAM b'pHYs' 41 9
2024-12-10 17:24:35,850 - DEBUG: STREAM b'tEXt' 62 25
2024-12-10 17:24:35,850 - DEBUG: STREAM b'IDAT' 99 685
2024-12-10 17:24:35,850 - DEBUG: STREAM b'IHDR' 16 13
2024-12-10 17:24:35,850 - DEBUG: STREAM b'pHYs' 41 9
2024-12-10 17:24:35,850 - DEBUG: STREAM b'tEXt' 62 25
2024-12-10 17:24:35,850 - DEBUG: STREAM b'IDAT' 99 671
2024-12-10 17:24:38,386 - DEBUG: STREAM b'IHDR' 16 13
2024-12-10 17:24:38,386 - DEBUG: STREAM b'pHYs' 41 9
2024-12-10 17:24:38,386 - DEBUG: STREAM b'tEXt' 62 25
2024-12-10 17:24:38,386 - DEBUG: STREAM b'IDAT' 99 8192
2024-12-10 17:24:38,403 - DEBUG: STREAM b'IHDR' 16 13
2024-12-10 17:24:38,403 - DEBUG: STREAM b'pHYs' 41 9
2024-12-10 17:24:38,403 - DEBUG: STREAM b'tEXt' 62 25
2024-12-10 17:24:38,403 - DEBUG: STREAM b'IDAT' 99 698
2024-12-10 17:24:38,404 - DEBUG: STREAM b'IHDR' 16 13
2024-12-10 17:24:38,404 - DEBUG: STREAM b'pHYs' 41 9
2024-12-10 17:24:38,404 - DEBUG: STREAM b'tEXt' 62 25
2024-12-10 17:24:38,404 - DEBUG: STREAM b'IDAT' 99 698
2024-12-10 17:24:38,405 - DEBUG: STREAM b'IHDR' 16 13
2024-12-10 17:24:38,405 - DEBUG: STREAM b'pHYs' 41 9
2024-12-10 17:24:38,405 - DEBUG: STREAM b'tEXt' 62 25
2024-12-10 17:24:38,405 - DEBUG: STREAM b'IDAT' 99 698
2024-12-10 17:24:38,405 - DEBUG: STREAM b'IHDR' 16 13
2024-12-10 17:24:38,405 - DEBUG: STREAM b'pHYs' 41 9
2024-12-10 17:24:38,405 - DEBUG: STREAM b'tEXt' 62 25
2024-12-10 17:24:38,405 - DEBUG: STREAM b'IDAT' 99 698
2024-12-10 17:24:39,746 - INFO: 12345

2024-12-10 17:24:40,384 - INFO: 87628868

2024-12-10 17:24:41,220 - INFO: Closed simulator session
