2024-11-29 16:50:39,781 - INFO: Started simulator session
2024-11-29 16:50:39,782 - DEBUG: STREAM b'IHDR' 16 13
2024-11-29 16:50:39,783 - DEBUG: STREAM b'pHYs' 41 9
2024-11-29 16:50:39,783 - DEBUG: STREAM b'tEXt' 62 25
2024-11-29 16:50:39,783 - DEBUG: STREAM b'IDAT' 99 691
2024-11-29 16:50:39,784 - DEBUG: STREAM b'IHDR' 16 13
2024-11-29 16:50:39,784 - DEBUG: STREAM b'pHYs' 41 9
2024-11-29 16:50:39,784 - DEBUG: STREAM b'tEXt' 62 25
2024-11-29 16:50:39,784 - DEBUG: STREAM b'IDAT' 99 685
2024-11-29 16:50:39,784 - DEBUG: STREAM b'IHDR' 16 13
2024-11-29 16:50:39,784 - DEBUG: STREAM b'pHYs' 41 9
2024-11-29 16:50:39,785 - DEBUG: STREAM b'tEXt' 62 25
2024-11-29 16:50:39,785 - DEBUG: STREAM b'IDAT' 99 671
2024-11-29 16:50:55,099 - INFO: Closed simulator session
2024-11-29 17:07:31,586 - INFO: Started simulator session
2024-11-29 17:07:31,889 - DEBUG: STREAM b'IHDR' 16 13
2024-11-29 17:07:31,889 - DEBUG: STREAM b'pHYs' 41 9
2024-11-29 17:07:31,889 - DEBUG: STREAM b'tEXt' 62 25
2024-11-29 17:07:31,889 - DEBUG: STREAM b'IDAT' 99 691
2024-11-29 17:07:31,889 - DEBUG: STREAM b'IHDR' 16 13
2024-11-29 17:07:31,889 - DEBUG: STREAM b'pHYs' 41 9
2024-11-29 17:07:31,904 - DEBUG: STREAM b'tEXt' 62 25
2024-11-29 17:07:31,904 - DEBUG: STREAM b'IDAT' 99 685
2024-11-29 17:07:31,904 - DEBUG: STREAM b'IHDR' 16 13
2024-11-29 17:07:31,904 - DEBUG: STREAM b'pHYs' 41 9
2024-11-29 17:07:31,904 - DEBUG: STREAM b'tEXt' 62 25
2024-11-29 17:07:31,904 - DEBUG: STREAM b'IDAT' 99 671
2024-11-29 17:08:46,754 - DEBUG: STREAM b'IHDR' 16 13
2024-11-29 17:08:46,754 - DEBUG: STREAM b'pHYs' 41 9
2024-11-29 17:08:46,754 - DEBUG: STREAM b'tEXt' 62 25
2024-11-29 17:08:46,754 - DEBUG: STREAM b'IDAT' 99 8192
2024-11-29 17:08:47,339 - DEBUG: STREAM b'IHDR' 16 13
2024-11-29 17:08:47,339 - DEBUG: STREAM b'pHYs' 41 9
2024-11-29 17:08:47,339 - DEBUG: STREAM b'tEXt' 62 25
2024-11-29 17:08:47,339 - DEBUG: STREAM b'IDAT' 99 698
2024-11-29 17:08:47,342 - DEBUG: STREAM b'IHDR' 16 13
2024-11-29 17:08:47,342 - DEBUG: STREAM b'pHYs' 41 9
2024-11-29 17:08:47,342 - DEBUG: STREAM b'tEXt' 62 25
2024-11-29 17:08:47,342 - DEBUG: STREAM b'IDAT' 99 698
2024-11-29 17:09:02,063 - DEBUG: STREAM b'IHDR' 16 13
2024-11-29 17:09:02,063 - DEBUG: STREAM b'pHYs' 41 9
2024-11-29 17:09:02,063 - DEBUG: STREAM b'tEXt' 62 25
2024-11-29 17:09:02,063 - DEBUG: STREAM b'IDAT' 99 714
2024-11-29 17:09:17,297 - DEBUG: STREAM b'IHDR' 16 13
2024-11-29 17:09:17,297 - DEBUG: STREAM b'pHYs' 41 9
2024-11-29 17:09:17,297 - DEBUG: STREAM b'tEXt' 62 25
2024-11-29 17:09:17,297 - DEBUG: STREAM b'IDAT' 99 714
2024-11-29 17:09:18,861 - DEBUG: STREAM b'IHDR' 16 13
2024-11-29 17:09:18,861 - DEBUG: STREAM b'pHYs' 41 9
2024-11-29 17:09:18,861 - DEBUG: STREAM b'tEXt' 62 25
2024-11-29 17:09:18,861 - DEBUG: STREAM b'IDAT' 99 698
2024-11-29 17:09:20,556 - DEBUG: STREAM b'IHDR' 16 13
2024-11-29 17:09:20,556 - DEBUG: STREAM b'pHYs' 41 9
2024-11-29 17:09:20,556 - DEBUG: STREAM b'tEXt' 62 25
2024-11-29 17:09:20,556 - DEBUG: STREAM b'IDAT' 99 714
2024-11-29 17:09:20,910 - DEBUG: STREAM b'IHDR' 16 13
2024-11-29 17:09:20,910 - DEBUG: STREAM b'pHYs' 41 9
2024-11-29 17:09:20,910 - DEBUG: STREAM b'tEXt' 62 25
2024-11-29 17:09:20,910 - DEBUG: STREAM b'IDAT' 99 698
2024-11-29 17:09:21,056 - DEBUG: STREAM b'IHDR' 16 13
2024-11-29 17:09:21,056 - DEBUG: STREAM b'pHYs' 41 9
2024-11-29 17:09:21,056 - DEBUG: STREAM b'tEXt' 62 25
2024-11-29 17:09:21,056 - DEBUG: STREAM b'IDAT' 99 698
2024-11-29 17:09:21,275 - DEBUG: STREAM b'IHDR' 16 13
2024-11-29 17:09:21,275 - DEBUG: STREAM b'pHYs' 41 9
2024-11-29 17:09:21,275 - DEBUG: STREAM b'tEXt' 62 25
2024-11-29 17:09:21,275 - DEBUG: STREAM b'IDAT' 99 714
2024-11-29 17:09:21,773 - DEBUG: STREAM b'IHDR' 16 13
2024-11-29 17:09:21,773 - DEBUG: STREAM b'pHYs' 41 9
2024-11-29 17:09:21,773 - DEBUG: STREAM b'tEXt' 62 25
2024-11-29 17:09:21,773 - DEBUG: STREAM b'IDAT' 99 698
2024-11-29 17:09:25,526 - DEBUG: STREAM b'IHDR' 16 13
2024-11-29 17:09:25,526 - DEBUG: STREAM b'pHYs' 41 9
2024-11-29 17:09:25,526 - DEBUG: STREAM b'tEXt' 62 25
2024-11-29 17:09:25,526 - DEBUG: STREAM b'IDAT' 99 714
2024-11-29 17:09:26,209 - DEBUG: STREAM b'IHDR' 16 13
2024-11-29 17:09:26,209 - DEBUG: STREAM b'pHYs' 41 9
2024-11-29 17:09:26,209 - DEBUG: STREAM b'tEXt' 62 25
2024-11-29 17:09:26,209 - DEBUG: STREAM b'IDAT' 99 714
2024-11-29 17:09:26,792 - DEBUG: STREAM b'IHDR' 16 13
2024-11-29 17:09:26,792 - DEBUG: STREAM b'pHYs' 41 9
2024-11-29 17:09:26,792 - DEBUG: STREAM b'tEXt' 62 25
2024-11-29 17:09:26,792 - DEBUG: STREAM b'IDAT' 99 698
2024-11-29 17:09:27,169 - DEBUG: STREAM b'IHDR' 16 13
2024-11-29 17:09:27,169 - DEBUG: STREAM b'pHYs' 41 9
2024-11-29 17:09:27,169 - DEBUG: STREAM b'tEXt' 62 25
2024-11-29 17:09:27,169 - DEBUG: STREAM b'IDAT' 99 714
2024-11-29 17:09:27,326 - DEBUG: STREAM b'IHDR' 16 13
2024-11-29 17:09:27,326 - DEBUG: STREAM b'pHYs' 41 9
2024-11-29 17:09:27,326 - DEBUG: STREAM b'tEXt' 62 25
2024-11-29 17:09:27,326 - DEBUG: STREAM b'IDAT' 99 698
2024-11-29 17:09:27,437 - DEBUG: STREAM b'IHDR' 16 13
2024-11-29 17:09:27,437 - DEBUG: STREAM b'pHYs' 41 9
2024-11-29 17:09:27,437 - DEBUG: STREAM b'tEXt' 62 25
2024-11-29 17:09:27,437 - DEBUG: STREAM b'IDAT' 99 698
2024-11-29 17:09:42,092 - DEBUG: STREAM b'IHDR' 16 13
2024-11-29 17:09:42,092 - DEBUG: STREAM b'pHYs' 41 9
2024-11-29 17:09:42,092 - DEBUG: STREAM b'tEXt' 62 25
2024-11-29 17:09:42,092 - DEBUG: STREAM b'IDAT' 99 714
2024-11-29 17:09:42,119 - DEBUG: STREAM b'IHDR' 16 13
2024-11-29 17:09:42,119 - DEBUG: STREAM b'pHYs' 41 9
2024-11-29 17:09:42,119 - DEBUG: STREAM b'tEXt' 62 25
2024-11-29 17:09:42,119 - DEBUG: STREAM b'IDAT' 99 714
2024-11-29 17:09:42,293 - DEBUG: STREAM b'IHDR' 16 13
2024-11-29 17:09:42,293 - DEBUG: STREAM b'pHYs' 41 9
2024-11-29 17:09:42,293 - DEBUG: STREAM b'tEXt' 62 25
2024-11-29 17:09:42,293 - DEBUG: STREAM b'IDAT' 99 698
2024-11-29 17:09:42,339 - DEBUG: STREAM b'IHDR' 16 13
2024-11-29 17:09:42,339 - DEBUG: STREAM b'pHYs' 41 9
2024-11-29 17:09:42,339 - DEBUG: STREAM b'tEXt' 62 25
2024-11-29 17:09:42,339 - DEBUG: STREAM b'IDAT' 99 698
2024-11-29 17:09:46,951 - DEBUG: STREAM b'IHDR' 16 13
2024-11-29 17:09:46,951 - DEBUG: STREAM b'pHYs' 41 9
2024-11-29 17:09:46,951 - DEBUG: STREAM b'tEXt' 62 25
2024-11-29 17:09:46,951 - DEBUG: STREAM b'IDAT' 99 714
2024-11-29 17:09:46,981 - DEBUG: STREAM b'IHDR' 16 13
2024-11-29 17:09:46,981 - DEBUG: STREAM b'pHYs' 41 9
2024-11-29 17:09:46,981 - DEBUG: STREAM b'tEXt' 62 25
2024-11-29 17:09:46,981 - DEBUG: STREAM b'IDAT' 99 714
2024-11-29 17:09:47,154 - DEBUG: STREAM b'IHDR' 16 13
2024-11-29 17:09:47,154 - DEBUG: STREAM b'pHYs' 41 9
2024-11-29 17:09:47,154 - DEBUG: STREAM b'tEXt' 62 25
2024-11-29 17:09:47,154 - DEBUG: STREAM b'IDAT' 99 698
2024-11-29 17:09:47,186 - DEBUG: STREAM b'IHDR' 16 13
2024-11-29 17:09:47,186 - DEBUG: STREAM b'pHYs' 41 9
2024-11-29 17:09:47,186 - DEBUG: STREAM b'tEXt' 62 25
2024-11-29 17:09:47,186 - DEBUG: STREAM b'IDAT' 99 698
2024-11-29 17:09:48,573 - DEBUG: STREAM b'IHDR' 16 13
2024-11-29 17:09:48,573 - DEBUG: STREAM b'pHYs' 41 9
2024-11-29 17:09:48,573 - DEBUG: STREAM b'tEXt' 62 25
2024-11-29 17:09:48,573 - DEBUG: STREAM b'IDAT' 99 714
2024-11-29 17:09:48,605 - DEBUG: STREAM b'IHDR' 16 13
2024-11-29 17:09:48,605 - DEBUG: STREAM b'pHYs' 41 9
2024-11-29 17:09:48,605 - DEBUG: STREAM b'tEXt' 62 25
2024-11-29 17:09:48,605 - DEBUG: STREAM b'IDAT' 99 714
2024-11-29 17:09:48,763 - DEBUG: STREAM b'IHDR' 16 13
2024-11-29 17:09:48,763 - DEBUG: STREAM b'pHYs' 41 9
2024-11-29 17:09:48,763 - DEBUG: STREAM b'tEXt' 62 25
2024-11-29 17:09:48,763 - DEBUG: STREAM b'IDAT' 99 698
2024-11-29 17:09:48,785 - DEBUG: STREAM b'IHDR' 16 13
2024-11-29 17:09:48,785 - DEBUG: STREAM b'pHYs' 41 9
2024-11-29 17:09:48,785 - DEBUG: STREAM b'tEXt' 62 25
2024-11-29 17:09:48,785 - DEBUG: STREAM b'IDAT' 99 698
2024-11-29 17:10:05,331 - DEBUG: STREAM b'IHDR' 16 13
2024-11-29 17:10:05,331 - DEBUG: STREAM b'pHYs' 41 9
2024-11-29 17:10:05,331 - DEBUG: STREAM b'tEXt' 62 25
2024-11-29 17:10:05,331 - DEBUG: STREAM b'IDAT' 99 714
2024-11-29 17:10:05,431 - DEBUG: STREAM b'IHDR' 16 13
2024-11-29 17:10:05,431 - DEBUG: STREAM b'pHYs' 41 9
2024-11-29 17:10:05,431 - DEBUG: STREAM b'tEXt' 62 25
2024-11-29 17:10:05,431 - DEBUG: STREAM b'IDAT' 99 714
2024-11-29 17:10:05,613 - DEBUG: STREAM b'IHDR' 16 13
2024-11-29 17:10:05,613 - DEBUG: STREAM b'pHYs' 41 9
2024-11-29 17:10:05,613 - DEBUG: STREAM b'tEXt' 62 25
2024-11-29 17:10:05,613 - DEBUG: STREAM b'IDAT' 99 698
2024-11-29 17:10:05,732 - DEBUG: STREAM b'IHDR' 16 13
2024-11-29 17:10:05,732 - DEBUG: STREAM b'pHYs' 41 9
2024-11-29 17:10:05,732 - DEBUG: STREAM b'tEXt' 62 25
2024-11-29 17:10:05,732 - DEBUG: STREAM b'IDAT' 99 698
2024-11-29 17:10:05,818 - DEBUG: STREAM b'IHDR' 16 13
2024-11-29 17:10:05,818 - DEBUG: STREAM b'pHYs' 41 9
2024-11-29 17:10:05,818 - DEBUG: STREAM b'tEXt' 62 25
2024-11-29 17:10:05,818 - DEBUG: STREAM b'IDAT' 99 714
2024-11-29 17:10:06,229 - DEBUG: STREAM b'IHDR' 16 13
2024-11-29 17:10:06,229 - DEBUG: STREAM b'pHYs' 41 9
2024-11-29 17:10:06,229 - DEBUG: STREAM b'tEXt' 62 25
2024-11-29 17:10:06,229 - DEBUG: STREAM b'IDAT' 99 714
2024-11-29 17:10:06,955 - DEBUG: STREAM b'IHDR' 16 13
2024-11-29 17:10:06,955 - DEBUG: STREAM b'pHYs' 41 9
2024-11-29 17:10:06,955 - DEBUG: STREAM b'tEXt' 62 25
2024-11-29 17:10:06,955 - DEBUG: STREAM b'IDAT' 99 698
2024-11-29 17:10:08,237 - DEBUG: STREAM b'IHDR' 16 13
2024-11-29 17:10:08,237 - DEBUG: STREAM b'pHYs' 41 9
2024-11-29 17:10:08,237 - DEBUG: STREAM b'tEXt' 62 25
2024-11-29 17:10:08,237 - DEBUG: STREAM b'IDAT' 99 698
2024-11-29 17:10:08,946 - DEBUG: STREAM b'IHDR' 16 13
2024-11-29 17:10:08,946 - DEBUG: STREAM b'pHYs' 41 9
2024-11-29 17:10:08,946 - DEBUG: STREAM b'tEXt' 62 25
2024-11-29 17:10:08,946 - DEBUG: STREAM b'IDAT' 99 714
2024-11-29 17:10:09,513 - DEBUG: STREAM b'IHDR' 16 13
2024-11-29 17:10:09,513 - DEBUG: STREAM b'pHYs' 41 9
2024-11-29 17:10:09,513 - DEBUG: STREAM b'tEXt' 62 25
2024-11-29 17:10:09,513 - DEBUG: STREAM b'IDAT' 99 714
2024-11-29 17:10:10,317 - DEBUG: STREAM b'IHDR' 16 13
2024-11-29 17:10:10,317 - DEBUG: STREAM b'pHYs' 41 9
2024-11-29 17:10:10,317 - DEBUG: STREAM b'tEXt' 62 25
2024-11-29 17:10:10,317 - DEBUG: STREAM b'IDAT' 99 698
2024-11-29 17:10:10,902 - DEBUG: STREAM b'IHDR' 16 13
2024-11-29 17:10:10,902 - DEBUG: STREAM b'pHYs' 41 9
2024-11-29 17:10:10,902 - DEBUG: STREAM b'tEXt' 62 25
2024-11-29 17:10:10,902 - DEBUG: STREAM b'IDAT' 99 714
2024-11-29 17:10:12,237 - DEBUG: STREAM b'IHDR' 16 13
2024-11-29 17:10:12,237 - DEBUG: STREAM b'pHYs' 41 9
2024-11-29 17:10:12,237 - DEBUG: STREAM b'tEXt' 62 25
2024-11-29 17:10:12,237 - DEBUG: STREAM b'IDAT' 99 698
2024-11-29 17:10:13,395 - DEBUG: STREAM b'IHDR' 16 13
2024-11-29 17:10:13,395 - DEBUG: STREAM b'pHYs' 41 9
2024-11-29 17:10:13,395 - DEBUG: STREAM b'tEXt' 62 25
2024-11-29 17:10:13,395 - DEBUG: STREAM b'IDAT' 99 714
2024-11-29 17:10:14,940 - DEBUG: STREAM b'IHDR' 16 13
2024-11-29 17:10:14,940 - DEBUG: STREAM b'pHYs' 41 9
2024-11-29 17:10:14,940 - DEBUG: STREAM b'tEXt' 62 25
2024-11-29 17:10:14,940 - DEBUG: STREAM b'IDAT' 99 698
2024-11-29 17:10:15,003 - DEBUG: STREAM b'IHDR' 16 13
2024-11-29 17:10:15,003 - DEBUG: STREAM b'pHYs' 41 9
2024-11-29 17:10:15,003 - DEBUG: STREAM b'tEXt' 62 25
2024-11-29 17:10:15,003 - DEBUG: STREAM b'IDAT' 99 714
2024-11-29 17:10:17,464 - DEBUG: STREAM b'IHDR' 16 13
2024-11-29 17:10:17,464 - DEBUG: STREAM b'pHYs' 41 9
2024-11-29 17:10:17,464 - DEBUG: STREAM b'tEXt' 62 25
2024-11-29 17:10:17,464 - DEBUG: STREAM b'IDAT' 99 698
2024-11-29 17:10:17,921 - DEBUG: STREAM b'IHDR' 16 13
2024-11-29 17:10:17,921 - DEBUG: STREAM b'pHYs' 41 9
2024-11-29 17:10:17,921 - DEBUG: STREAM b'tEXt' 62 25
2024-11-29 17:10:17,921 - DEBUG: STREAM b'IDAT' 99 714
2024-11-29 17:10:18,599 - DEBUG: STREAM b'IHDR' 16 13
2024-11-29 17:10:18,599 - DEBUG: STREAM b'pHYs' 41 9
2024-11-29 17:10:18,599 - DEBUG: STREAM b'tEXt' 62 25
2024-11-29 17:10:18,599 - DEBUG: STREAM b'IDAT' 99 698
2024-11-29 17:10:18,740 - DEBUG: STREAM b'IHDR' 16 13
2024-11-29 17:10:18,740 - DEBUG: STREAM b'pHYs' 41 9
2024-11-29 17:10:18,740 - DEBUG: STREAM b'tEXt' 62 25
2024-11-29 17:10:18,740 - DEBUG: STREAM b'IDAT' 99 714
2024-11-29 17:10:19,117 - DEBUG: STREAM b'IHDR' 16 13
2024-11-29 17:10:19,117 - DEBUG: STREAM b'pHYs' 41 9
2024-11-29 17:10:19,117 - DEBUG: STREAM b'tEXt' 62 25
2024-11-29 17:10:19,117 - DEBUG: STREAM b'IDAT' 99 698
2024-11-29 17:10:19,574 - DEBUG: STREAM b'IHDR' 16 13
2024-11-29 17:10:19,574 - DEBUG: STREAM b'pHYs' 41 9
2024-11-29 17:10:19,574 - DEBUG: STREAM b'tEXt' 62 25
2024-11-29 17:10:19,574 - DEBUG: STREAM b'IDAT' 99 714
2024-11-29 17:10:20,869 - DEBUG: STREAM b'IHDR' 16 13
2024-11-29 17:10:20,869 - DEBUG: STREAM b'pHYs' 41 9
2024-11-29 17:10:20,869 - DEBUG: STREAM b'tEXt' 62 25
2024-11-29 17:10:20,869 - DEBUG: STREAM b'IDAT' 99 698
2024-11-29 17:10:22,212 - DEBUG: STREAM b'IHDR' 16 13
2024-11-29 17:10:22,212 - DEBUG: STREAM b'pHYs' 41 9
2024-11-29 17:10:22,212 - DEBUG: STREAM b'tEXt' 62 25
2024-11-29 17:10:22,212 - DEBUG: STREAM b'IDAT' 99 698
2024-11-29 17:10:23,250 - DEBUG: STREAM b'IHDR' 16 13
2024-11-29 17:10:23,250 - DEBUG: STREAM b'pHYs' 41 9
2024-11-29 17:10:23,250 - DEBUG: STREAM b'tEXt' 62 25
2024-11-29 17:10:23,250 - DEBUG: STREAM b'IDAT' 99 714
2024-11-29 17:10:23,912 - DEBUG: STREAM b'IHDR' 16 13
2024-11-29 17:10:23,912 - DEBUG: STREAM b'pHYs' 41 9
2024-11-29 17:10:23,912 - DEBUG: STREAM b'tEXt' 62 25
2024-11-29 17:10:23,912 - DEBUG: STREAM b'IDAT' 99 714
2024-11-29 17:10:24,667 - DEBUG: STREAM b'IHDR' 16 13
2024-11-29 17:10:24,667 - DEBUG: STREAM b'pHYs' 41 9
2024-11-29 17:10:24,667 - DEBUG: STREAM b'tEXt' 62 25
2024-11-29 17:10:24,667 - DEBUG: STREAM b'IDAT' 99 698
2024-11-29 17:10:25,060 - DEBUG: STREAM b'IHDR' 16 13
2024-11-29 17:10:25,060 - DEBUG: STREAM b'pHYs' 41 9
2024-11-29 17:10:25,061 - DEBUG: STREAM b'tEXt' 62 25
2024-11-29 17:10:25,061 - DEBUG: STREAM b'IDAT' 99 714
2024-11-29 17:10:27,174 - DEBUG: STREAM b'IHDR' 16 13
2024-11-29 17:10:27,174 - DEBUG: STREAM b'pHYs' 41 9
2024-11-29 17:10:27,174 - DEBUG: STREAM b'tEXt' 62 25
2024-11-29 17:10:27,174 - DEBUG: STREAM b'IDAT' 99 698
2024-11-29 17:10:28,200 - DEBUG: STREAM b'IHDR' 16 13
2024-11-29 17:10:28,200 - DEBUG: STREAM b'pHYs' 41 9
2024-11-29 17:10:28,200 - DEBUG: STREAM b'tEXt' 62 25
2024-11-29 17:10:28,200 - DEBUG: STREAM b'IDAT' 99 714
2024-11-29 17:10:28,893 - DEBUG: STREAM b'IHDR' 16 13
2024-11-29 17:10:28,893 - DEBUG: STREAM b'pHYs' 41 9
2024-11-29 17:10:28,893 - DEBUG: STREAM b'tEXt' 62 25
2024-11-29 17:10:28,893 - DEBUG: STREAM b'IDAT' 99 698
2024-11-29 17:10:29,648 - DEBUG: STREAM b'IHDR' 16 13
2024-11-29 17:10:29,648 - DEBUG: STREAM b'pHYs' 41 9
2024-11-29 17:10:29,648 - DEBUG: STREAM b'tEXt' 62 25
2024-11-29 17:10:29,648 - DEBUG: STREAM b'IDAT' 99 698
2024-11-29 17:10:30,877 - DEBUG: STREAM b'IHDR' 16 13
2024-11-29 17:10:30,877 - DEBUG: STREAM b'pHYs' 41 9
2024-11-29 17:10:30,877 - DEBUG: STREAM b'tEXt' 62 25
2024-11-29 17:10:30,877 - DEBUG: STREAM b'IDAT' 99 714
2024-11-29 17:10:31,191 - DEBUG: STREAM b'IHDR' 16 13
2024-11-29 17:10:31,191 - DEBUG: STREAM b'pHYs' 41 9
2024-11-29 17:10:31,191 - DEBUG: STREAM b'tEXt' 62 25
2024-11-29 17:10:31,191 - DEBUG: STREAM b'IDAT' 99 714
2024-11-29 17:10:31,525 - DEBUG: STREAM b'IHDR' 16 13
2024-11-29 17:10:31,525 - DEBUG: STREAM b'pHYs' 41 9
2024-11-29 17:10:31,525 - DEBUG: STREAM b'tEXt' 62 25
2024-11-29 17:10:31,525 - DEBUG: STREAM b'IDAT' 99 698
2024-11-29 17:10:31,921 - DEBUG: STREAM b'IHDR' 16 13
2024-11-29 17:10:31,921 - DEBUG: STREAM b'pHYs' 41 9
2024-11-29 17:10:31,921 - DEBUG: STREAM b'tEXt' 62 25
2024-11-29 17:10:31,921 - DEBUG: STREAM b'IDAT' 99 698
2024-11-29 17:10:32,660 - DEBUG: STREAM b'IHDR' 16 13
2024-11-29 17:10:32,660 - DEBUG: STREAM b'pHYs' 41 9
2024-11-29 17:10:32,660 - DEBUG: STREAM b'tEXt' 62 25
2024-11-29 17:10:32,660 - DEBUG: STREAM b'IDAT' 99 714
2024-11-29 17:10:33,304 - DEBUG: STREAM b'IHDR' 16 13
2024-11-29 17:10:33,304 - DEBUG: STREAM b'pHYs' 41 9
2024-11-29 17:10:33,304 - DEBUG: STREAM b'tEXt' 62 25
2024-11-29 17:10:33,304 - DEBUG: STREAM b'IDAT' 99 714
2024-11-29 17:10:36,550 - DEBUG: STREAM b'IHDR' 16 13
2024-11-29 17:10:36,550 - DEBUG: STREAM b'pHYs' 41 9
2024-11-29 17:10:36,550 - DEBUG: STREAM b'tEXt' 62 25
2024-11-29 17:10:36,550 - DEBUG: STREAM b'IDAT' 99 698
2024-11-29 17:10:37,037 - DEBUG: STREAM b'IHDR' 16 13
2024-11-29 17:10:37,037 - DEBUG: STREAM b'pHYs' 41 9
2024-11-29 17:10:37,037 - DEBUG: STREAM b'tEXt' 62 25
2024-11-29 17:10:37,037 - DEBUG: STREAM b'IDAT' 99 714
2024-11-29 17:10:38,168 - DEBUG: STREAM b'IHDR' 16 13
2024-11-29 17:10:38,168 - DEBUG: STREAM b'pHYs' 41 9
2024-11-29 17:10:38,168 - DEBUG: STREAM b'tEXt' 62 25
2024-11-29 17:10:38,168 - DEBUG: STREAM b'IDAT' 99 698
2024-11-29 17:10:38,561 - DEBUG: STREAM b'IHDR' 16 13
2024-11-29 17:10:38,561 - DEBUG: STREAM b'pHYs' 41 9
2024-11-29 17:10:38,561 - DEBUG: STREAM b'tEXt' 62 25
2024-11-29 17:10:38,561 - DEBUG: STREAM b'IDAT' 99 714
2024-11-29 17:10:38,969 - DEBUG: STREAM b'IHDR' 16 13
2024-11-29 17:10:38,969 - DEBUG: STREAM b'pHYs' 41 9
2024-11-29 17:10:38,969 - DEBUG: STREAM b'tEXt' 62 25
2024-11-29 17:10:38,969 - DEBUG: STREAM b'IDAT' 99 698
2024-11-29 17:10:39,881 - DEBUG: STREAM b'IHDR' 16 13
2024-11-29 17:10:39,881 - DEBUG: STREAM b'pHYs' 41 9
2024-11-29 17:10:39,881 - DEBUG: STREAM b'tEXt' 62 25
2024-11-29 17:10:39,881 - DEBUG: STREAM b'IDAT' 99 714
2024-11-29 17:10:48,509 - DEBUG: STREAM b'IHDR' 16 13
2024-11-29 17:10:48,509 - DEBUG: STREAM b'pHYs' 41 9
2024-11-29 17:10:48,509 - DEBUG: STREAM b'tEXt' 62 25
2024-11-29 17:10:48,509 - DEBUG: STREAM b'IDAT' 99 698
2024-11-29 17:10:50,661 - DEBUG: STREAM b'IHDR' 16 13
2024-11-29 17:10:50,661 - DEBUG: STREAM b'pHYs' 41 9
2024-11-29 17:10:50,661 - DEBUG: STREAM b'tEXt' 62 25
2024-11-29 17:10:50,661 - DEBUG: STREAM b'IDAT' 99 714
2024-11-29 17:10:50,896 - DEBUG: STREAM b'IHDR' 16 13
2024-11-29 17:10:50,896 - DEBUG: STREAM b'pHYs' 41 9
2024-11-29 17:10:50,896 - DEBUG: STREAM b'tEXt' 62 25
2024-11-29 17:10:50,896 - DEBUG: STREAM b'IDAT' 99 698
2024-11-29 17:10:51,341 - DEBUG: STREAM b'IHDR' 16 13
2024-11-29 17:10:51,341 - DEBUG: STREAM b'pHYs' 41 9
2024-11-29 17:10:51,341 - DEBUG: STREAM b'tEXt' 62 25
2024-11-29 17:10:51,341 - DEBUG: STREAM b'IDAT' 99 714
2024-11-29 17:10:51,814 - DEBUG: STREAM b'IHDR' 16 13
2024-11-29 17:10:51,814 - DEBUG: STREAM b'pHYs' 41 9
2024-11-29 17:10:51,814 - DEBUG: STREAM b'tEXt' 62 25
2024-11-29 17:10:51,814 - DEBUG: STREAM b'IDAT' 99 698
2024-11-29 17:10:52,253 - DEBUG: STREAM b'IHDR' 16 13
2024-11-29 17:10:52,253 - DEBUG: STREAM b'pHYs' 41 9
2024-11-29 17:10:52,253 - DEBUG: STREAM b'tEXt' 62 25
2024-11-29 17:10:52,253 - DEBUG: STREAM b'IDAT' 99 714
2024-11-29 17:10:52,678 - DEBUG: STREAM b'IHDR' 16 13
2024-11-29 17:10:52,678 - DEBUG: STREAM b'pHYs' 41 9
2024-11-29 17:10:52,678 - DEBUG: STREAM b'tEXt' 62 25
2024-11-29 17:10:52,678 - DEBUG: STREAM b'IDAT' 99 698
2024-11-29 17:10:52,992 - DEBUG: STREAM b'IHDR' 16 13
2024-11-29 17:10:52,992 - DEBUG: STREAM b'pHYs' 41 9
2024-11-29 17:10:52,992 - DEBUG: STREAM b'tEXt' 62 25
2024-11-29 17:10:52,992 - DEBUG: STREAM b'IDAT' 99 714
2024-11-29 17:10:53,385 - DEBUG: STREAM b'IHDR' 16 13
2024-11-29 17:10:53,385 - DEBUG: STREAM b'pHYs' 41 9
2024-11-29 17:10:53,385 - DEBUG: STREAM b'tEXt' 62 25
2024-11-29 17:10:53,385 - DEBUG: STREAM b'IDAT' 99 698
2024-11-29 17:10:53,747 - DEBUG: STREAM b'IHDR' 16 13
2024-11-29 17:10:53,747 - DEBUG: STREAM b'pHYs' 41 9
2024-11-29 17:10:53,747 - DEBUG: STREAM b'tEXt' 62 25
2024-11-29 17:10:53,747 - DEBUG: STREAM b'IDAT' 99 714
2024-11-29 17:10:55,445 - DEBUG: STREAM b'IHDR' 16 13
2024-11-29 17:10:55,445 - DEBUG: STREAM b'pHYs' 41 9
2024-11-29 17:10:55,445 - DEBUG: STREAM b'tEXt' 62 25
2024-11-29 17:10:55,445 - DEBUG: STREAM b'IDAT' 99 698
2024-11-29 17:10:56,295 - DEBUG: STREAM b'IHDR' 16 13
2024-11-29 17:10:56,295 - DEBUG: STREAM b'pHYs' 41 9
2024-11-29 17:10:56,295 - DEBUG: STREAM b'tEXt' 62 25
2024-11-29 17:10:56,295 - DEBUG: STREAM b'IDAT' 99 714
2024-11-29 17:10:57,432 - DEBUG: STREAM b'IHDR' 16 13
2024-11-29 17:10:57,432 - DEBUG: STREAM b'pHYs' 41 9
2024-11-29 17:10:57,432 - DEBUG: STREAM b'tEXt' 62 25
2024-11-29 17:10:57,432 - DEBUG: STREAM b'IDAT' 99 698
2024-11-29 17:10:58,426 - DEBUG: STREAM b'IHDR' 16 13
2024-11-29 17:10:58,426 - DEBUG: STREAM b'pHYs' 41 9
2024-11-29 17:10:58,426 - DEBUG: STREAM b'tEXt' 62 25
2024-11-29 17:10:58,426 - DEBUG: STREAM b'IDAT' 99 698
2024-11-29 17:11:02,341 - DEBUG: STREAM b'IHDR' 16 13
2024-11-29 17:11:02,341 - DEBUG: STREAM b'pHYs' 41 9
2024-11-29 17:11:02,341 - DEBUG: STREAM b'tEXt' 62 25
2024-11-29 17:11:02,341 - DEBUG: STREAM b'IDAT' 99 714
2024-11-29 17:11:03,035 - DEBUG: STREAM b'IHDR' 16 13
2024-11-29 17:11:03,035 - DEBUG: STREAM b'pHYs' 41 9
2024-11-29 17:11:03,035 - DEBUG: STREAM b'tEXt' 62 25
2024-11-29 17:11:03,035 - DEBUG: STREAM b'IDAT' 99 714
2024-11-29 17:11:07,380 - DEBUG: STREAM b'IHDR' 16 13
2024-11-29 17:11:07,380 - DEBUG: STREAM b'pHYs' 41 9
2024-11-29 17:11:07,380 - DEBUG: STREAM b'tEXt' 62 25
2024-11-29 17:11:07,380 - DEBUG: STREAM b'IDAT' 99 698
2024-11-29 17:11:07,632 - DEBUG: STREAM b'IHDR' 16 13
2024-11-29 17:11:07,632 - DEBUG: STREAM b'pHYs' 41 9
2024-11-29 17:11:07,632 - DEBUG: STREAM b'tEXt' 62 25
2024-11-29 17:11:07,632 - DEBUG: STREAM b'IDAT' 99 714
2024-11-29 17:11:07,915 - DEBUG: STREAM b'IHDR' 16 13
2024-11-29 17:11:07,915 - DEBUG: STREAM b'pHYs' 41 9
2024-11-29 17:11:07,915 - DEBUG: STREAM b'tEXt' 62 25
2024-11-29 17:11:07,915 - DEBUG: STREAM b'IDAT' 99 698
2024-11-29 17:11:08,246 - DEBUG: STREAM b'IHDR' 16 13
2024-11-29 17:11:08,246 - DEBUG: STREAM b'pHYs' 41 9
2024-11-29 17:11:08,246 - DEBUG: STREAM b'tEXt' 62 25
2024-11-29 17:11:08,246 - DEBUG: STREAM b'IDAT' 99 714
2024-11-29 17:11:08,733 - DEBUG: STREAM b'IHDR' 16 13
2024-11-29 17:11:08,733 - DEBUG: STREAM b'pHYs' 41 9
2024-11-29 17:11:08,733 - DEBUG: STREAM b'tEXt' 62 25
2024-11-29 17:11:08,733 - DEBUG: STREAM b'IDAT' 99 698
2024-11-29 17:11:09,001 - DEBUG: STREAM b'IHDR' 16 13
2024-11-29 17:11:09,001 - DEBUG: STREAM b'pHYs' 41 9
2024-11-29 17:11:09,001 - DEBUG: STREAM b'tEXt' 62 25
2024-11-29 17:11:09,001 - DEBUG: STREAM b'IDAT' 99 714
2024-11-29 17:11:10,273 - DEBUG: STREAM b'IHDR' 16 13
2024-11-29 17:11:10,273 - DEBUG: STREAM b'pHYs' 41 9
2024-11-29 17:11:10,273 - DEBUG: STREAM b'tEXt' 62 25
2024-11-29 17:11:10,273 - DEBUG: STREAM b'IDAT' 99 698
2024-11-29 17:11:10,619 - DEBUG: STREAM b'IHDR' 16 13
2024-11-29 17:11:10,619 - DEBUG: STREAM b'pHYs' 41 9
2024-11-29 17:11:10,619 - DEBUG: STREAM b'tEXt' 62 25
2024-11-29 17:11:10,619 - DEBUG: STREAM b'IDAT' 99 714
2024-11-29 17:11:10,823 - DEBUG: STREAM b'IHDR' 16 13
2024-11-29 17:11:10,823 - DEBUG: STREAM b'pHYs' 41 9
2024-11-29 17:11:10,823 - DEBUG: STREAM b'tEXt' 62 25
2024-11-29 17:11:10,823 - DEBUG: STREAM b'IDAT' 99 698
2024-11-29 17:11:23,548 - DEBUG: STREAM b'IHDR' 16 13
2024-11-29 17:11:23,548 - DEBUG: STREAM b'pHYs' 41 9
2024-11-29 17:11:23,548 - DEBUG: STREAM b'tEXt' 62 25
2024-11-29 17:11:23,548 - DEBUG: STREAM b'IDAT' 99 714
2024-11-29 17:11:24,490 - DEBUG: STREAM b'IHDR' 16 13
2024-11-29 17:11:24,490 - DEBUG: STREAM b'pHYs' 41 9
2024-11-29 17:11:24,490 - DEBUG: STREAM b'tEXt' 62 25
2024-11-29 17:11:24,490 - DEBUG: STREAM b'IDAT' 99 698
2024-11-29 17:11:24,947 - DEBUG: STREAM b'IHDR' 16 13
2024-11-29 17:11:24,947 - DEBUG: STREAM b'pHYs' 41 9
2024-11-29 17:11:24,947 - DEBUG: STREAM b'tEXt' 62 25
2024-11-29 17:11:24,947 - DEBUG: STREAM b'IDAT' 99 714
2024-11-29 17:11:25,403 - DEBUG: STREAM b'IHDR' 16 13
2024-11-29 17:11:25,403 - DEBUG: STREAM b'pHYs' 41 9
2024-11-29 17:11:25,403 - DEBUG: STREAM b'tEXt' 62 25
2024-11-29 17:11:25,403 - DEBUG: STREAM b'IDAT' 99 698
2024-11-29 17:11:25,859 - DEBUG: STREAM b'IHDR' 16 13
2024-11-29 17:11:25,859 - DEBUG: STREAM b'pHYs' 41 9
2024-11-29 17:11:25,859 - DEBUG: STREAM b'tEXt' 62 25
2024-11-29 17:11:25,859 - DEBUG: STREAM b'IDAT' 99 714
2024-11-29 17:11:26,208 - DEBUG: STREAM b'IHDR' 16 13
2024-11-29 17:11:26,208 - DEBUG: STREAM b'pHYs' 41 9
2024-11-29 17:11:26,208 - DEBUG: STREAM b'tEXt' 62 25
2024-11-29 17:11:26,208 - DEBUG: STREAM b'IDAT' 99 698
2024-11-29 17:11:26,606 - DEBUG: STREAM b'IHDR' 16 13
2024-11-29 17:11:26,606 - DEBUG: STREAM b'pHYs' 41 9
2024-11-29 17:11:26,606 - DEBUG: STREAM b'tEXt' 62 25
2024-11-29 17:11:26,606 - DEBUG: STREAM b'IDAT' 99 714
2024-11-29 17:11:29,595 - DEBUG: STREAM b'IHDR' 16 13
2024-11-29 17:11:29,595 - DEBUG: STREAM b'pHYs' 41 9
2024-11-29 17:11:29,595 - DEBUG: STREAM b'tEXt' 62 25
2024-11-29 17:11:29,595 - DEBUG: STREAM b'IDAT' 99 698
2024-11-29 17:11:30,335 - DEBUG: STREAM b'IHDR' 16 13
2024-11-29 17:11:30,335 - DEBUG: STREAM b'pHYs' 41 9
2024-11-29 17:11:30,335 - DEBUG: STREAM b'tEXt' 62 25
2024-11-29 17:11:30,335 - DEBUG: STREAM b'IDAT' 99 714
2024-11-29 17:11:32,796 - DEBUG: STREAM b'IHDR' 16 13
2024-11-29 17:11:32,796 - DEBUG: STREAM b'pHYs' 41 9
2024-11-29 17:11:32,796 - DEBUG: STREAM b'tEXt' 62 25
2024-11-29 17:11:32,796 - DEBUG: STREAM b'IDAT' 99 698
2024-11-29 17:11:33,015 - DEBUG: STREAM b'IHDR' 16 13
2024-11-29 17:11:33,015 - DEBUG: STREAM b'pHYs' 41 9
2024-11-29 17:11:33,015 - DEBUG: STREAM b'tEXt' 62 25
2024-11-29 17:11:33,015 - DEBUG: STREAM b'IDAT' 99 714
2024-11-29 17:11:33,629 - DEBUG: STREAM b'IHDR' 16 13
2024-11-29 17:11:33,629 - DEBUG: STREAM b'pHYs' 41 9
2024-11-29 17:11:33,629 - DEBUG: STREAM b'tEXt' 62 25
2024-11-29 17:11:33,629 - DEBUG: STREAM b'IDAT' 99 698
2024-11-29 17:11:33,974 - DEBUG: STREAM b'IHDR' 16 13
2024-11-29 17:11:33,974 - DEBUG: STREAM b'pHYs' 41 9
2024-11-29 17:11:33,974 - DEBUG: STREAM b'tEXt' 62 25
2024-11-29 17:11:33,974 - DEBUG: STREAM b'IDAT' 99 714
2024-11-29 17:11:35,548 - DEBUG: STREAM b'IHDR' 16 13
2024-11-29 17:11:35,548 - DEBUG: STREAM b'pHYs' 41 9
2024-11-29 17:11:35,548 - DEBUG: STREAM b'tEXt' 62 25
2024-11-29 17:11:35,548 - DEBUG: STREAM b'IDAT' 99 698
2024-11-29 17:11:35,720 - DEBUG: STREAM b'IHDR' 16 13
2024-11-29 17:11:35,720 - DEBUG: STREAM b'pHYs' 41 9
2024-11-29 17:11:35,720 - DEBUG: STREAM b'tEXt' 62 25
2024-11-29 17:11:35,720 - DEBUG: STREAM b'IDAT' 99 714
2024-11-29 17:11:35,988 - DEBUG: STREAM b'IHDR' 16 13
2024-11-29 17:11:35,988 - DEBUG: STREAM b'pHYs' 41 9
2024-11-29 17:11:35,988 - DEBUG: STREAM b'tEXt' 62 25
2024-11-29 17:11:36,003 - DEBUG: STREAM b'IDAT' 99 698
2024-11-29 17:11:36,566 - DEBUG: STREAM b'IHDR' 16 13
2024-11-29 17:11:36,566 - DEBUG: STREAM b'pHYs' 41 9
2024-11-29 17:11:36,566 - DEBUG: STREAM b'tEXt' 62 25
2024-11-29 17:11:36,566 - DEBUG: STREAM b'IDAT' 99 714
2024-11-29 17:11:40,212 - DEBUG: STREAM b'IHDR' 16 13
2024-11-29 17:11:40,212 - DEBUG: STREAM b'pHYs' 41 9
2024-11-29 17:11:40,212 - DEBUG: STREAM b'tEXt' 62 25
2024-11-29 17:11:40,212 - DEBUG: STREAM b'IDAT' 99 698
2024-11-29 17:11:40,716 - DEBUG: STREAM b'IHDR' 16 13
2024-11-29 17:11:40,716 - DEBUG: STREAM b'pHYs' 41 9
2024-11-29 17:11:40,716 - DEBUG: STREAM b'tEXt' 62 25
2024-11-29 17:11:40,716 - DEBUG: STREAM b'IDAT' 99 714
2024-11-29 17:11:41,269 - DEBUG: STREAM b'IHDR' 16 13
2024-11-29 17:11:41,269 - DEBUG: STREAM b'pHYs' 41 9
2024-11-29 17:11:41,269 - DEBUG: STREAM b'tEXt' 62 25
2024-11-29 17:11:41,269 - DEBUG: STREAM b'IDAT' 99 698
2024-11-29 17:11:41,668 - DEBUG: STREAM b'IHDR' 16 13
2024-11-29 17:11:41,668 - DEBUG: STREAM b'pHYs' 41 9
2024-11-29 17:11:41,668 - DEBUG: STREAM b'tEXt' 62 25
2024-11-29 17:11:41,668 - DEBUG: STREAM b'IDAT' 99 714
2024-11-29 17:11:42,739 - DEBUG: STREAM b'IHDR' 16 13
2024-11-29 17:11:42,739 - DEBUG: STREAM b'pHYs' 41 9
2024-11-29 17:11:42,739 - DEBUG: STREAM b'tEXt' 62 25
2024-11-29 17:11:42,739 - DEBUG: STREAM b'IDAT' 99 698
2024-11-29 17:12:04,985 - DEBUG: STREAM b'IHDR' 16 13
2024-11-29 17:12:04,985 - DEBUG: STREAM b'pHYs' 41 9
2024-11-29 17:12:04,985 - DEBUG: STREAM b'tEXt' 62 25
2024-11-29 17:12:04,985 - DEBUG: STREAM b'IDAT' 99 698
2024-11-29 17:12:05,300 - DEBUG: STREAM b'IHDR' 16 13
2024-11-29 17:12:05,300 - DEBUG: STREAM b'pHYs' 41 9
2024-11-29 17:12:05,300 - DEBUG: STREAM b'tEXt' 62 25
2024-11-29 17:12:05,300 - DEBUG: STREAM b'IDAT' 99 714
2024-11-29 17:12:05,869 - DEBUG: STREAM b'IHDR' 16 13
2024-11-29 17:12:05,869 - DEBUG: STREAM b'pHYs' 41 9
2024-11-29 17:12:05,869 - DEBUG: STREAM b'tEXt' 62 25
2024-11-29 17:12:05,869 - DEBUG: STREAM b'IDAT' 99 714
2024-11-29 17:12:07,466 - DEBUG: STREAM b'IHDR' 16 13
2024-11-29 17:12:07,466 - DEBUG: STREAM b'pHYs' 41 9
2024-11-29 17:12:07,466 - DEBUG: STREAM b'tEXt' 62 25
2024-11-29 17:12:07,466 - DEBUG: STREAM b'IDAT' 99 698
2024-11-29 17:12:07,717 - DEBUG: STREAM b'IHDR' 16 13
2024-11-29 17:12:07,717 - DEBUG: STREAM b'pHYs' 41 9
2024-11-29 17:12:07,717 - DEBUG: STREAM b'tEXt' 62 25
2024-11-29 17:12:07,717 - DEBUG: STREAM b'IDAT' 99 714
2024-11-29 17:12:08,165 - DEBUG: STREAM b'IHDR' 16 13
2024-11-29 17:12:08,165 - DEBUG: STREAM b'pHYs' 41 9
2024-11-29 17:12:08,165 - DEBUG: STREAM b'tEXt' 62 25
2024-11-29 17:12:08,165 - DEBUG: STREAM b'IDAT' 99 698
2024-11-29 17:12:09,481 - DEBUG: STREAM b'IHDR' 16 13
2024-11-29 17:12:09,481 - DEBUG: STREAM b'pHYs' 41 9
2024-11-29 17:12:09,481 - DEBUG: STREAM b'tEXt' 62 25
2024-11-29 17:12:09,481 - DEBUG: STREAM b'IDAT' 99 714
2024-11-29 17:12:11,939 - DEBUG: STREAM b'IHDR' 16 13
2024-11-29 17:12:11,939 - DEBUG: STREAM b'pHYs' 41 9
2024-11-29 17:12:11,939 - DEBUG: STREAM b'tEXt' 62 25
2024-11-29 17:12:11,939 - DEBUG: STREAM b'IDAT' 99 698
2024-11-29 17:12:12,825 - DEBUG: STREAM b'IHDR' 16 13
2024-11-29 17:12:12,825 - DEBUG: STREAM b'pHYs' 41 9
2024-11-29 17:12:12,825 - DEBUG: STREAM b'tEXt' 62 25
2024-11-29 17:12:12,825 - DEBUG: STREAM b'IDAT' 99 714
2024-11-29 17:12:24,223 - DEBUG: STREAM b'IHDR' 16 13
2024-11-29 17:12:24,223 - DEBUG: STREAM b'pHYs' 41 9
2024-11-29 17:12:24,223 - DEBUG: STREAM b'tEXt' 62 25
2024-11-29 17:12:24,223 - DEBUG: STREAM b'IDAT' 99 698
2024-11-29 17:12:24,696 - DEBUG: STREAM b'IHDR' 16 13
2024-11-29 17:12:24,697 - DEBUG: STREAM b'pHYs' 41 9
2024-11-29 17:12:24,697 - DEBUG: STREAM b'tEXt' 62 25
2024-11-29 17:12:24,697 - DEBUG: STREAM b'IDAT' 99 698
2024-11-29 17:12:26,071 - DEBUG: STREAM b'IHDR' 16 13
2024-11-29 17:12:26,071 - DEBUG: STREAM b'pHYs' 41 9
2024-11-29 17:12:26,071 - DEBUG: STREAM b'tEXt' 62 25
2024-11-29 17:12:26,071 - DEBUG: STREAM b'IDAT' 99 714
2024-11-29 17:12:26,484 - DEBUG: STREAM b'IHDR' 16 13
2024-11-29 17:12:26,484 - DEBUG: STREAM b'pHYs' 41 9
2024-11-29 17:12:26,484 - DEBUG: STREAM b'tEXt' 62 25
2024-11-29 17:12:26,484 - DEBUG: STREAM b'IDAT' 99 714
2024-11-29 17:12:26,768 - DEBUG: STREAM b'IHDR' 16 13
2024-11-29 17:12:26,768 - DEBUG: STREAM b'pHYs' 41 9
2024-11-29 17:12:26,768 - DEBUG: STREAM b'tEXt' 62 25
2024-11-29 17:12:26,768 - DEBUG: STREAM b'IDAT' 99 698
2024-11-29 17:12:27,226 - DEBUG: STREAM b'IHDR' 16 13
2024-11-29 17:12:27,226 - DEBUG: STREAM b'pHYs' 41 9
2024-11-29 17:12:27,226 - DEBUG: STREAM b'tEXt' 62 25
2024-11-29 17:12:27,226 - DEBUG: STREAM b'IDAT' 99 698
2024-11-29 17:12:28,014 - DEBUG: STREAM b'IHDR' 16 13
2024-11-29 17:12:28,014 - DEBUG: STREAM b'pHYs' 41 9
2024-11-29 17:12:28,014 - DEBUG: STREAM b'tEXt' 62 25
2024-11-29 17:12:28,014 - DEBUG: STREAM b'IDAT' 99 714
2024-11-29 17:12:28,755 - DEBUG: STREAM b'IHDR' 16 13
2024-11-29 17:12:28,755 - DEBUG: STREAM b'pHYs' 41 9
2024-11-29 17:12:28,755 - DEBUG: STREAM b'tEXt' 62 25
2024-11-29 17:12:28,755 - DEBUG: STREAM b'IDAT' 99 714
2024-11-29 17:12:28,787 - DEBUG: STREAM b'IHDR' 16 13
2024-11-29 17:12:28,787 - DEBUG: STREAM b'pHYs' 41 9
2024-11-29 17:12:28,787 - DEBUG: STREAM b'tEXt' 62 25
2024-11-29 17:12:28,787 - DEBUG: STREAM b'IDAT' 99 698
2024-11-29 17:12:29,200 - DEBUG: STREAM b'IHDR' 16 13
2024-11-29 17:12:29,200 - DEBUG: STREAM b'pHYs' 41 9
2024-11-29 17:12:29,200 - DEBUG: STREAM b'tEXt' 62 25
2024-11-29 17:12:29,200 - DEBUG: STREAM b'IDAT' 99 698
2024-11-29 17:12:44,473 - DEBUG: STREAM b'IHDR' 16 13
2024-11-29 17:12:44,473 - DEBUG: STREAM b'pHYs' 41 9
2024-11-29 17:12:44,473 - DEBUG: STREAM b'tEXt' 62 25
2024-11-29 17:12:44,473 - DEBUG: STREAM b'IDAT' 99 714
2024-11-29 17:12:44,504 - DEBUG: STREAM b'IHDR' 16 13
2024-11-29 17:12:44,504 - DEBUG: STREAM b'pHYs' 41 9
2024-11-29 17:12:44,504 - DEBUG: STREAM b'tEXt' 62 25
2024-11-29 17:12:44,504 - DEBUG: STREAM b'IDAT' 99 714
2024-11-29 17:12:46,665 - DEBUG: STREAM b'IHDR' 16 13
2024-11-29 17:12:46,665 - DEBUG: STREAM b'pHYs' 41 9
2024-11-29 17:12:46,665 - DEBUG: STREAM b'tEXt' 62 25
2024-11-29 17:12:46,665 - DEBUG: STREAM b'IDAT' 99 698
2024-11-29 17:12:46,681 - DEBUG: STREAM b'IHDR' 16 13
2024-11-29 17:12:46,681 - DEBUG: STREAM b'pHYs' 41 9
2024-11-29 17:12:46,681 - DEBUG: STREAM b'tEXt' 62 25
2024-11-29 17:12:46,681 - DEBUG: STREAM b'IDAT' 99 698
2024-11-29 17:12:47,610 - DEBUG: STREAM b'IHDR' 16 13
2024-11-29 17:12:47,610 - DEBUG: STREAM b'pHYs' 41 9
2024-11-29 17:12:47,610 - DEBUG: STREAM b'tEXt' 62 25
2024-11-29 17:12:47,610 - DEBUG: STREAM b'IDAT' 99 714
2024-11-29 17:12:47,642 - DEBUG: STREAM b'IHDR' 16 13
2024-11-29 17:12:47,642 - DEBUG: STREAM b'pHYs' 41 9
2024-11-29 17:12:47,642 - DEBUG: STREAM b'tEXt' 62 25
2024-11-29 17:12:47,642 - DEBUG: STREAM b'IDAT' 99 714
2024-11-29 17:12:48,105 - DEBUG: STREAM b'IHDR' 16 13
2024-11-29 17:12:48,105 - DEBUG: STREAM b'pHYs' 41 9
2024-11-29 17:12:48,105 - DEBUG: STREAM b'tEXt' 62 25
2024-11-29 17:12:48,105 - DEBUG: STREAM b'IDAT' 99 698
2024-11-29 17:12:48,135 - DEBUG: STREAM b'IHDR' 16 13
2024-11-29 17:12:48,135 - DEBUG: STREAM b'pHYs' 41 9
2024-11-29 17:12:48,135 - DEBUG: STREAM b'tEXt' 62 25
2024-11-29 17:12:48,135 - DEBUG: STREAM b'IDAT' 99 698
2024-11-29 17:12:49,230 - DEBUG: STREAM b'IHDR' 16 13
2024-11-29 17:12:49,230 - DEBUG: STREAM b'pHYs' 41 9
2024-11-29 17:12:49,230 - DEBUG: STREAM b'tEXt' 62 25
2024-11-29 17:12:49,230 - DEBUG: STREAM b'IDAT' 99 714
2024-11-29 17:12:56,255 - DEBUG: STREAM b'IHDR' 16 13
2024-11-29 17:12:56,255 - DEBUG: STREAM b'pHYs' 41 9
2024-11-29 17:12:56,255 - DEBUG: STREAM b'tEXt' 62 25
2024-11-29 17:12:56,255 - DEBUG: STREAM b'IDAT' 99 714
2024-11-29 17:12:58,423 - DEBUG: STREAM b'IHDR' 16 13
2024-11-29 17:12:58,423 - DEBUG: STREAM b'pHYs' 41 9
2024-11-29 17:12:58,423 - DEBUG: STREAM b'tEXt' 62 25
2024-11-29 17:12:58,423 - DEBUG: STREAM b'IDAT' 99 698
2024-11-29 17:12:59,666 - DEBUG: STREAM b'IHDR' 16 13
2024-11-29 17:12:59,666 - DEBUG: STREAM b'pHYs' 41 9
2024-11-29 17:12:59,666 - DEBUG: STREAM b'tEXt' 62 25
2024-11-29 17:12:59,666 - DEBUG: STREAM b'IDAT' 99 698
2024-11-29 17:13:00,326 - DEBUG: STREAM b'IHDR' 16 13
2024-11-29 17:13:00,326 - DEBUG: STREAM b'pHYs' 41 9
2024-11-29 17:13:00,326 - DEBUG: STREAM b'tEXt' 62 25
2024-11-29 17:13:00,326 - DEBUG: STREAM b'IDAT' 99 714
2024-11-29 17:13:00,326 - DEBUG: STREAM b'IHDR' 16 13
2024-11-29 17:13:00,326 - DEBUG: STREAM b'pHYs' 41 9
2024-11-29 17:13:00,326 - DEBUG: STREAM b'tEXt' 62 25
2024-11-29 17:13:00,326 - DEBUG: STREAM b'IDAT' 99 714
2024-11-29 17:13:04,200 - DEBUG: STREAM b'IHDR' 16 13
2024-11-29 17:13:04,200 - DEBUG: STREAM b'pHYs' 41 9
2024-11-29 17:13:04,200 - DEBUG: STREAM b'tEXt' 62 25
2024-11-29 17:13:04,200 - DEBUG: STREAM b'IDAT' 99 698
2024-11-29 17:13:04,263 - DEBUG: STREAM b'IHDR' 16 13
2024-11-29 17:13:04,263 - DEBUG: STREAM b'pHYs' 41 9
2024-11-29 17:13:04,263 - DEBUG: STREAM b'tEXt' 62 25
2024-11-29 17:13:04,263 - DEBUG: STREAM b'IDAT' 99 698
2024-11-29 17:13:04,627 - DEBUG: STREAM b'IHDR' 16 13
2024-11-29 17:13:04,627 - DEBUG: STREAM b'pHYs' 41 9
2024-11-29 17:13:04,627 - DEBUG: STREAM b'tEXt' 62 25
2024-11-29 17:13:04,627 - DEBUG: STREAM b'IDAT' 99 714
2024-11-29 17:13:05,568 - DEBUG: STREAM b'IHDR' 16 13
2024-11-29 17:13:05,568 - DEBUG: STREAM b'pHYs' 41 9
2024-11-29 17:13:05,568 - DEBUG: STREAM b'tEXt' 62 25
2024-11-29 17:13:05,568 - DEBUG: STREAM b'IDAT' 99 714
2024-11-29 17:13:07,805 - DEBUG: STREAM b'IHDR' 16 13
2024-11-29 17:13:07,805 - DEBUG: STREAM b'pHYs' 41 9
2024-11-29 17:13:07,805 - DEBUG: STREAM b'tEXt' 62 25
2024-11-29 17:13:07,805 - DEBUG: STREAM b'IDAT' 99 698
2024-11-29 17:13:08,354 - DEBUG: STREAM b'IHDR' 16 13
2024-11-29 17:13:08,354 - DEBUG: STREAM b'pHYs' 41 9
2024-11-29 17:13:08,354 - DEBUG: STREAM b'tEXt' 62 25
2024-11-29 17:13:08,354 - DEBUG: STREAM b'IDAT' 99 714
2024-11-29 17:13:09,176 - DEBUG: STREAM b'IHDR' 16 13
2024-11-29 17:13:09,177 - DEBUG: STREAM b'pHYs' 41 9
2024-11-29 17:13:09,177 - DEBUG: STREAM b'tEXt' 62 25
2024-11-29 17:13:09,177 - DEBUG: STREAM b'IDAT' 99 698
2024-11-29 17:13:09,487 - DEBUG: STREAM b'IHDR' 16 13
2024-11-29 17:13:09,487 - DEBUG: STREAM b'pHYs' 41 9
2024-11-29 17:13:09,487 - DEBUG: STREAM b'tEXt' 62 25
2024-11-29 17:13:09,487 - DEBUG: STREAM b'IDAT' 99 714
2024-11-29 17:13:10,885 - DEBUG: STREAM b'IHDR' 16 13
2024-11-29 17:13:10,885 - DEBUG: STREAM b'pHYs' 41 9
2024-11-29 17:13:10,885 - DEBUG: STREAM b'tEXt' 62 25
2024-11-29 17:13:10,901 - DEBUG: STREAM b'IDAT' 99 698
2024-11-29 17:13:11,675 - DEBUG: STREAM b'IHDR' 16 13
2024-11-29 17:13:11,675 - DEBUG: STREAM b'pHYs' 41 9
2024-11-29 17:13:11,675 - DEBUG: STREAM b'tEXt' 62 25
2024-11-29 17:13:11,675 - DEBUG: STREAM b'IDAT' 99 714
2024-11-29 17:13:12,826 - DEBUG: STREAM b'IHDR' 16 13
2024-11-29 17:13:12,826 - DEBUG: STREAM b'pHYs' 41 9
2024-11-29 17:13:12,826 - DEBUG: STREAM b'tEXt' 62 25
2024-11-29 17:13:12,826 - DEBUG: STREAM b'IDAT' 99 698
2024-11-29 17:13:13,741 - DEBUG: STREAM b'IHDR' 16 13
2024-11-29 17:13:13,741 - DEBUG: STREAM b'pHYs' 41 9
2024-11-29 17:13:13,741 - DEBUG: STREAM b'tEXt' 62 25
2024-11-29 17:13:13,741 - DEBUG: STREAM b'IDAT' 99 714
2024-11-29 17:13:14,625 - DEBUG: STREAM b'IHDR' 16 13
2024-11-29 17:13:14,625 - DEBUG: STREAM b'pHYs' 41 9
2024-11-29 17:13:14,625 - DEBUG: STREAM b'tEXt' 62 25
2024-11-29 17:13:14,625 - DEBUG: STREAM b'IDAT' 99 698
2024-11-29 17:13:14,880 - DEBUG: STREAM b'IHDR' 16 13
2024-11-29 17:13:14,880 - DEBUG: STREAM b'pHYs' 41 9
2024-11-29 17:13:14,880 - DEBUG: STREAM b'tEXt' 62 25
2024-11-29 17:13:14,880 - DEBUG: STREAM b'IDAT' 99 714
2024-11-29 17:13:15,320 - DEBUG: STREAM b'IHDR' 16 13
2024-11-29 17:13:15,320 - DEBUG: STREAM b'pHYs' 41 9
2024-11-29 17:13:15,320 - DEBUG: STREAM b'tEXt' 62 25
2024-11-29 17:13:15,320 - DEBUG: STREAM b'IDAT' 99 698
2024-11-29 17:13:16,967 - DEBUG: STREAM b'IHDR' 16 13
2024-11-29 17:13:16,967 - DEBUG: STREAM b'pHYs' 41 9
2024-11-29 17:13:16,967 - DEBUG: STREAM b'tEXt' 62 25
2024-11-29 17:13:16,967 - DEBUG: STREAM b'IDAT' 99 714
2024-11-29 17:13:18,019 - DEBUG: STREAM b'IHDR' 16 13
2024-11-29 17:13:18,019 - DEBUG: STREAM b'pHYs' 41 9
2024-11-29 17:13:18,019 - DEBUG: STREAM b'tEXt' 62 25
2024-11-29 17:13:18,019 - DEBUG: STREAM b'IDAT' 99 698
2024-11-29 17:13:18,287 - DEBUG: STREAM b'IHDR' 16 13
2024-11-29 17:13:18,287 - DEBUG: STREAM b'pHYs' 41 9
2024-11-29 17:13:18,287 - DEBUG: STREAM b'tEXt' 62 25
2024-11-29 17:13:18,287 - DEBUG: STREAM b'IDAT' 99 714
2024-11-29 17:14:34,198 - DEBUG: STREAM b'IHDR' 16 13
2024-11-29 17:14:34,198 - DEBUG: STREAM b'pHYs' 41 9
2024-11-29 17:14:34,198 - DEBUG: STREAM b'tEXt' 62 25
2024-11-29 17:14:34,198 - DEBUG: STREAM b'IDAT' 99 698
2024-11-29 17:14:34,407 - DEBUG: STREAM b'IHDR' 16 13
2024-11-29 17:14:34,407 - DEBUG: STREAM b'pHYs' 41 9
2024-11-29 17:14:34,407 - DEBUG: STREAM b'tEXt' 62 25
2024-11-29 17:14:34,407 - DEBUG: STREAM b'IDAT' 99 698
2024-11-29 17:14:38,683 - DEBUG: STREAM b'IHDR' 16 13
2024-11-29 17:14:38,683 - DEBUG: STREAM b'pHYs' 41 9
2024-11-29 17:14:38,683 - DEBUG: STREAM b'tEXt' 62 25
2024-11-29 17:14:38,683 - DEBUG: STREAM b'IDAT' 99 714
2024-11-29 17:14:38,714 - DEBUG: STREAM b'IHDR' 16 13
2024-11-29 17:14:38,714 - DEBUG: STREAM b'pHYs' 41 9
2024-11-29 17:14:38,714 - DEBUG: STREAM b'tEXt' 62 25
2024-11-29 17:14:38,714 - DEBUG: STREAM b'IDAT' 99 714
2024-11-29 17:14:38,949 - DEBUG: STREAM b'IHDR' 16 13
2024-11-29 17:14:38,949 - DEBUG: STREAM b'pHYs' 41 9
2024-11-29 17:14:38,949 - DEBUG: STREAM b'tEXt' 62 25
2024-11-29 17:14:38,949 - DEBUG: STREAM b'IDAT' 99 698
2024-11-29 17:14:38,998 - DEBUG: STREAM b'IHDR' 16 13
2024-11-29 17:14:38,998 - DEBUG: STREAM b'pHYs' 41 9
2024-11-29 17:14:38,998 - DEBUG: STREAM b'tEXt' 62 25
2024-11-29 17:14:38,998 - DEBUG: STREAM b'IDAT' 99 698
2024-11-29 17:14:47,146 - DEBUG: STREAM b'IHDR' 16 13
2024-11-29 17:14:47,146 - DEBUG: STREAM b'pHYs' 41 9
2024-11-29 17:14:47,146 - DEBUG: STREAM b'tEXt' 62 25
2024-11-29 17:14:47,146 - DEBUG: STREAM b'IDAT' 99 714
2024-11-29 17:14:47,146 - DEBUG: STREAM b'IHDR' 16 13
2024-11-29 17:14:47,146 - DEBUG: STREAM b'pHYs' 41 9
2024-11-29 17:14:47,146 - DEBUG: STREAM b'tEXt' 62 25
2024-11-29 17:14:47,146 - DEBUG: STREAM b'IDAT' 99 714
2024-11-29 17:14:47,351 - DEBUG: STREAM b'IHDR' 16 13
2024-11-29 17:14:47,351 - DEBUG: STREAM b'pHYs' 41 9
2024-11-29 17:14:47,351 - DEBUG: STREAM b'tEXt' 62 25
2024-11-29 17:14:47,351 - DEBUG: STREAM b'IDAT' 99 698
2024-11-29 17:14:47,351 - DEBUG: STREAM b'IHDR' 16 13
2024-11-29 17:14:47,351 - DEBUG: STREAM b'pHYs' 41 9
2024-11-29 17:14:47,351 - DEBUG: STREAM b'tEXt' 62 25
2024-11-29 17:14:47,351 - DEBUG: STREAM b'IDAT' 99 698
2024-11-29 17:14:47,746 - DEBUG: STREAM b'IHDR' 16 13
2024-11-29 17:14:47,746 - DEBUG: STREAM b'pHYs' 41 9
2024-11-29 17:14:47,746 - DEBUG: STREAM b'tEXt' 62 25
2024-11-29 17:14:47,746 - DEBUG: STREAM b'IDAT' 99 714
2024-11-29 17:14:47,966 - DEBUG: STREAM b'IHDR' 16 13
2024-11-29 17:14:47,966 - DEBUG: STREAM b'pHYs' 41 9
2024-11-29 17:14:47,966 - DEBUG: STREAM b'tEXt' 62 25
2024-11-29 17:14:47,966 - DEBUG: STREAM b'IDAT' 99 698
2024-11-29 17:14:54,290 - DEBUG: STREAM b'IHDR' 16 13
2024-11-29 17:14:54,290 - DEBUG: STREAM b'pHYs' 41 9
2024-11-29 17:14:54,290 - DEBUG: STREAM b'tEXt' 62 25
2024-11-29 17:14:54,290 - DEBUG: STREAM b'IDAT' 99 714
2024-11-29 17:14:54,918 - DEBUG: STREAM b'IHDR' 16 13
2024-11-29 17:14:54,918 - DEBUG: STREAM b'pHYs' 41 9
2024-11-29 17:14:54,918 - DEBUG: STREAM b'tEXt' 62 25
2024-11-29 17:14:54,918 - DEBUG: STREAM b'IDAT' 99 714
2024-11-29 17:14:56,541 - DEBUG: STREAM b'IHDR' 16 13
2024-11-29 17:14:56,541 - DEBUG: STREAM b'pHYs' 41 9
2024-11-29 17:14:56,541 - DEBUG: STREAM b'tEXt' 62 25
2024-11-29 17:14:56,543 - DEBUG: STREAM b'IDAT' 99 698
2024-11-29 17:14:56,847 - DEBUG: STREAM b'IHDR' 16 13
2024-11-29 17:14:56,847 - DEBUG: STREAM b'pHYs' 41 9
2024-11-29 17:14:56,847 - DEBUG: STREAM b'tEXt' 62 25
2024-11-29 17:14:56,847 - DEBUG: STREAM b'IDAT' 99 714
2024-11-29 17:14:57,331 - DEBUG: STREAM b'IHDR' 16 13
2024-11-29 17:14:57,331 - DEBUG: STREAM b'pHYs' 41 9
2024-11-29 17:14:57,331 - DEBUG: STREAM b'tEXt' 62 25
2024-11-29 17:14:57,331 - DEBUG: STREAM b'IDAT' 99 698
2024-11-29 17:14:57,535 - DEBUG: STREAM b'IHDR' 16 13
2024-11-29 17:14:57,535 - DEBUG: STREAM b'pHYs' 41 9
2024-11-29 17:14:57,535 - DEBUG: STREAM b'tEXt' 62 25
2024-11-29 17:14:57,535 - DEBUG: STREAM b'IDAT' 99 714
2024-11-29 17:14:57,991 - DEBUG: STREAM b'IHDR' 16 13
2024-11-29 17:14:57,991 - DEBUG: STREAM b'pHYs' 41 9
2024-11-29 17:14:57,991 - DEBUG: STREAM b'tEXt' 62 25
2024-11-29 17:14:57,991 - DEBUG: STREAM b'IDAT' 99 698
2024-11-29 17:14:58,353 - DEBUG: STREAM b'IHDR' 16 13
2024-11-29 17:14:58,353 - DEBUG: STREAM b'pHYs' 41 9
2024-11-29 17:14:58,353 - DEBUG: STREAM b'tEXt' 62 25
2024-11-29 17:14:58,353 - DEBUG: STREAM b'IDAT' 99 714
2024-11-29 17:14:58,746 - DEBUG: STREAM b'IHDR' 16 13
2024-11-29 17:14:58,746 - DEBUG: STREAM b'pHYs' 41 9
2024-11-29 17:14:58,747 - DEBUG: STREAM b'tEXt' 62 25
2024-11-29 17:14:58,747 - DEBUG: STREAM b'IDAT' 99 698
2024-11-29 17:14:59,406 - DEBUG: STREAM b'IHDR' 16 13
2024-11-29 17:14:59,406 - DEBUG: STREAM b'pHYs' 41 9
2024-11-29 17:14:59,406 - DEBUG: STREAM b'tEXt' 62 25
2024-11-29 17:14:59,406 - DEBUG: STREAM b'IDAT' 99 714
2024-11-29 17:14:59,595 - DEBUG: STREAM b'IHDR' 16 13
2024-11-29 17:14:59,595 - DEBUG: STREAM b'pHYs' 41 9
2024-11-29 17:14:59,595 - DEBUG: STREAM b'tEXt' 62 25
2024-11-29 17:14:59,595 - DEBUG: STREAM b'IDAT' 99 698
2024-11-29 17:15:00,397 - DEBUG: STREAM b'IHDR' 16 13
2024-11-29 17:15:00,397 - DEBUG: STREAM b'pHYs' 41 9
2024-11-29 17:15:00,397 - DEBUG: STREAM b'tEXt' 62 25
2024-11-29 17:15:00,397 - DEBUG: STREAM b'IDAT' 99 714
2024-11-29 17:15:01,440 - DEBUG: STREAM b'IHDR' 16 13
2024-11-29 17:15:01,440 - DEBUG: STREAM b'pHYs' 41 9
2024-11-29 17:15:01,440 - DEBUG: STREAM b'tEXt' 62 25
2024-11-29 17:15:01,440 - DEBUG: STREAM b'IDAT' 99 698
2024-11-29 17:15:01,871 - DEBUG: STREAM b'IHDR' 16 13
2024-11-29 17:15:01,871 - DEBUG: STREAM b'pHYs' 41 9
2024-11-29 17:15:01,871 - DEBUG: STREAM b'tEXt' 62 25
2024-11-29 17:15:01,871 - DEBUG: STREAM b'IDAT' 99 714
2024-11-29 17:15:08,630 - DEBUG: STREAM b'IHDR' 16 13
2024-11-29 17:15:08,630 - DEBUG: STREAM b'pHYs' 41 9
2024-11-29 17:15:08,630 - DEBUG: STREAM b'tEXt' 62 25
2024-11-29 17:15:08,630 - DEBUG: STREAM b'IDAT' 99 698
2024-11-29 17:15:08,977 - DEBUG: STREAM b'IHDR' 16 13
2024-11-29 17:15:08,977 - DEBUG: STREAM b'pHYs' 41 9
2024-11-29 17:15:08,977 - DEBUG: STREAM b'tEXt' 62 25
2024-11-29 17:15:08,977 - DEBUG: STREAM b'IDAT' 99 698
2024-11-29 17:19:55,148 - DEBUG: STREAM b'IHDR' 16 13
2024-11-29 17:19:55,148 - DEBUG: STREAM b'pHYs' 41 9
2024-11-29 17:19:55,148 - DEBUG: STREAM b'tEXt' 62 25
2024-11-29 17:19:55,148 - DEBUG: STREAM b'IDAT' 99 714
2024-11-29 17:19:55,239 - DEBUG: STREAM b'IHDR' 16 13
2024-11-29 17:19:55,239 - DEBUG: STREAM b'pHYs' 41 9
2024-11-29 17:19:55,252 - DEBUG: STREAM b'tEXt' 62 25
2024-11-29 17:19:55,252 - DEBUG: STREAM b'IDAT' 99 714
2024-11-29 17:19:55,409 - DEBUG: STREAM b'IHDR' 16 13
2024-11-29 17:19:55,409 - DEBUG: STREAM b'pHYs' 41 9
2024-11-29 17:19:55,409 - DEBUG: STREAM b'tEXt' 62 25
2024-11-29 17:19:55,409 - DEBUG: STREAM b'IDAT' 99 698
2024-11-29 17:19:55,571 - DEBUG: STREAM b'IHDR' 16 13
2024-11-29 17:19:55,571 - DEBUG: STREAM b'pHYs' 41 9
2024-11-29 17:19:55,571 - DEBUG: STREAM b'tEXt' 62 25
2024-11-29 17:19:55,571 - DEBUG: STREAM b'IDAT' 99 698
2024-11-29 17:20:13,771 - DEBUG: STREAM b'IHDR' 16 13
2024-11-29 17:20:13,771 - DEBUG: STREAM b'pHYs' 41 9
2024-11-29 17:20:13,771 - DEBUG: STREAM b'tEXt' 62 25
2024-11-29 17:20:13,771 - DEBUG: STREAM b'IDAT' 99 714
2024-11-29 17:20:13,803 - DEBUG: STREAM b'IHDR' 16 13
2024-11-29 17:20:13,803 - DEBUG: STREAM b'pHYs' 41 9
2024-11-29 17:20:13,803 - DEBUG: STREAM b'tEXt' 62 25
2024-11-29 17:20:13,803 - DEBUG: STREAM b'IDAT' 99 714
2024-11-29 17:21:12,843 - DEBUG: STREAM b'IHDR' 16 13
2024-11-29 17:21:12,843 - DEBUG: STREAM b'pHYs' 41 9
2024-11-29 17:21:12,843 - DEBUG: STREAM b'tEXt' 62 25
2024-11-29 17:21:12,843 - DEBUG: STREAM b'IDAT' 99 698
2024-11-29 17:21:12,930 - DEBUG: STREAM b'IHDR' 16 13
2024-11-29 17:21:12,930 - DEBUG: STREAM b'pHYs' 41 9
2024-11-29 17:21:12,930 - DEBUG: STREAM b'tEXt' 62 25
2024-11-29 17:21:12,930 - DEBUG: STREAM b'IDAT' 99 698
2024-11-29 17:21:21,955 - DEBUG: STREAM b'IHDR' 16 13
2024-11-29 17:21:21,955 - DEBUG: STREAM b'pHYs' 41 9
2024-11-29 17:21:21,955 - DEBUG: STREAM b'tEXt' 62 25
2024-11-29 17:21:21,955 - DEBUG: STREAM b'IDAT' 99 714
2024-11-29 17:21:22,050 - DEBUG: STREAM b'IHDR' 16 13
2024-11-29 17:21:22,050 - DEBUG: STREAM b'pHYs' 41 9
2024-11-29 17:21:22,050 - DEBUG: STREAM b'tEXt' 62 25
2024-11-29 17:21:22,050 - DEBUG: STREAM b'IDAT' 99 714
2024-11-29 17:21:22,256 - DEBUG: STREAM b'IHDR' 16 13
2024-11-29 17:21:22,256 - DEBUG: STREAM b'pHYs' 41 9
2024-11-29 17:21:22,256 - DEBUG: STREAM b'tEXt' 62 25
2024-11-29 17:21:22,256 - DEBUG: STREAM b'IDAT' 99 698
2024-11-29 17:21:22,349 - DEBUG: STREAM b'IHDR' 16 13
2024-11-29 17:21:22,349 - DEBUG: STREAM b'pHYs' 41 9
2024-11-29 17:21:22,349 - DEBUG: STREAM b'tEXt' 62 25
2024-11-29 17:21:22,349 - DEBUG: STREAM b'IDAT' 99 698
2024-11-29 17:21:25,063 - DEBUG: STREAM b'IHDR' 16 13
2024-11-29 17:21:25,063 - DEBUG: STREAM b'pHYs' 41 9
2024-11-29 17:21:25,063 - DEBUG: STREAM b'tEXt' 62 25
2024-11-29 17:21:25,063 - DEBUG: STREAM b'IDAT' 99 714
2024-11-29 17:21:25,143 - DEBUG: STREAM b'IHDR' 16 13
2024-11-29 17:21:25,143 - DEBUG: STREAM b'pHYs' 41 9
2024-11-29 17:21:25,143 - DEBUG: STREAM b'tEXt' 62 25
2024-11-29 17:21:25,143 - DEBUG: STREAM b'IDAT' 99 714
2024-11-29 17:21:25,395 - DEBUG: STREAM b'IHDR' 16 13
2024-11-29 17:21:25,395 - DEBUG: STREAM b'pHYs' 41 9
2024-11-29 17:21:25,395 - DEBUG: STREAM b'tEXt' 62 25
2024-11-29 17:21:25,395 - DEBUG: STREAM b'IDAT' 99 698
2024-11-29 17:21:25,451 - DEBUG: STREAM b'IHDR' 16 13
2024-11-29 17:21:25,451 - DEBUG: STREAM b'pHYs' 41 9
2024-11-29 17:21:25,451 - DEBUG: STREAM b'tEXt' 62 25
2024-11-29 17:21:25,451 - DEBUG: STREAM b'IDAT' 99 698
2024-11-29 17:21:30,634 - DEBUG: STREAM b'IHDR' 16 13
2024-11-29 17:21:30,634 - DEBUG: STREAM b'pHYs' 41 9
2024-11-29 17:21:30,634 - DEBUG: STREAM b'tEXt' 62 25
2024-11-29 17:21:30,634 - DEBUG: STREAM b'IDAT' 99 714
2024-11-29 17:21:30,727 - DEBUG: STREAM b'IHDR' 16 13
2024-11-29 17:21:30,727 - DEBUG: STREAM b'pHYs' 41 9
2024-11-29 17:21:30,727 - DEBUG: STREAM b'tEXt' 62 25
2024-11-29 17:21:30,727 - DEBUG: STREAM b'IDAT' 99 714
2024-11-29 17:21:30,907 - DEBUG: STREAM b'IHDR' 16 13
2024-11-29 17:21:30,908 - DEBUG: STREAM b'pHYs' 41 9
2024-11-29 17:21:30,908 - DEBUG: STREAM b'tEXt' 62 25
2024-11-29 17:21:30,908 - DEBUG: STREAM b'IDAT' 99 698
2024-11-29 17:21:30,965 - DEBUG: STREAM b'IHDR' 16 13
2024-11-29 17:21:30,965 - DEBUG: STREAM b'pHYs' 41 9
2024-11-29 17:21:30,965 - DEBUG: STREAM b'tEXt' 62 25
2024-11-29 17:21:30,965 - DEBUG: STREAM b'IDAT' 99 698
2024-11-29 17:21:36,288 - DEBUG: STREAM b'IHDR' 16 13
2024-11-29 17:21:36,290 - DEBUG: STREAM b'pHYs' 41 9
2024-11-29 17:21:36,290 - DEBUG: STREAM b'tEXt' 62 25
2024-11-29 17:21:36,290 - DEBUG: STREAM b'IDAT' 99 714
2024-11-29 17:21:36,314 - DEBUG: STREAM b'IHDR' 16 13
2024-11-29 17:21:36,314 - DEBUG: STREAM b'pHYs' 41 9
2024-11-29 17:21:36,314 - DEBUG: STREAM b'tEXt' 62 25
2024-11-29 17:21:36,314 - DEBUG: STREAM b'IDAT' 99 714
2024-11-29 17:21:36,507 - DEBUG: STREAM b'IHDR' 16 13
2024-11-29 17:21:36,510 - DEBUG: STREAM b'pHYs' 41 9
2024-11-29 17:21:36,510 - DEBUG: STREAM b'tEXt' 62 25
2024-11-29 17:21:36,510 - DEBUG: STREAM b'IDAT' 99 698
2024-11-29 17:21:36,570 - DEBUG: STREAM b'IHDR' 16 13
2024-11-29 17:21:36,570 - DEBUG: STREAM b'pHYs' 41 9
2024-11-29 17:21:36,570 - DEBUG: STREAM b'tEXt' 62 25
2024-11-29 17:21:36,570 - DEBUG: STREAM b'IDAT' 99 698
2024-11-29 17:21:55,613 - DEBUG: STREAM b'IHDR' 16 13
2024-11-29 17:21:55,613 - DEBUG: STREAM b'pHYs' 41 9
2024-11-29 17:21:55,613 - DEBUG: STREAM b'tEXt' 62 25
2024-11-29 17:21:55,613 - DEBUG: STREAM b'IDAT' 99 714
2024-11-29 17:21:56,070 - DEBUG: STREAM b'IHDR' 16 13
2024-11-29 17:21:56,070 - DEBUG: STREAM b'pHYs' 41 9
2024-11-29 17:21:56,070 - DEBUG: STREAM b'tEXt' 62 25
2024-11-29 17:21:56,070 - DEBUG: STREAM b'IDAT' 99 714
2024-11-29 17:25:00,617 - DEBUG: STREAM b'IHDR' 16 13
2024-11-29 17:25:00,617 - DEBUG: STREAM b'pHYs' 41 9
2024-11-29 17:25:00,617 - DEBUG: STREAM b'tEXt' 62 25
2024-11-29 17:25:00,617 - DEBUG: STREAM b'IDAT' 99 691
2024-11-29 17:25:00,617 - DEBUG: STREAM b'IHDR' 16 13
2024-11-29 17:25:00,617 - DEBUG: STREAM b'pHYs' 41 9
2024-11-29 17:25:00,617 - DEBUG: STREAM b'tEXt' 62 25
2024-11-29 17:25:00,617 - DEBUG: STREAM b'IDAT' 99 685
2024-11-29 17:25:00,617 - DEBUG: STREAM b'IHDR' 16 13
2024-11-29 17:25:00,617 - DEBUG: STREAM b'pHYs' 41 9
2024-11-29 17:25:00,617 - DEBUG: STREAM b'tEXt' 62 25
2024-11-29 17:25:00,617 - DEBUG: STREAM b'IDAT' 99 671
2024-11-29 17:25:00,617 - DEBUG: STREAM b'IHDR' 16 13
2024-11-29 17:25:00,617 - DEBUG: STREAM b'pHYs' 41 9
2024-11-29 17:25:00,617 - DEBUG: STREAM b'tEXt' 62 25
2024-11-29 17:25:00,617 - DEBUG: STREAM b'IDAT' 99 691
2024-11-29 17:25:00,617 - DEBUG: STREAM b'IHDR' 16 13
2024-11-29 17:25:00,617 - DEBUG: STREAM b'pHYs' 41 9
2024-11-29 17:25:00,617 - DEBUG: STREAM b'tEXt' 62 25
2024-11-29 17:25:00,617 - DEBUG: STREAM b'IDAT' 99 685
2024-11-29 17:25:00,617 - DEBUG: STREAM b'IHDR' 16 13
2024-11-29 17:25:00,617 - DEBUG: STREAM b'pHYs' 41 9
2024-11-29 17:25:00,617 - DEBUG: STREAM b'tEXt' 62 25
2024-11-29 17:25:00,617 - DEBUG: STREAM b'IDAT' 99 671
2024-11-29 17:25:05,451 - DEBUG: STREAM b'IHDR' 16 13
2024-11-29 17:25:05,451 - DEBUG: STREAM b'pHYs' 41 9
2024-11-29 17:25:05,451 - DEBUG: STREAM b'tEXt' 62 25
2024-11-29 17:25:05,451 - DEBUG: STREAM b'IDAT' 99 8192
2024-11-29 17:25:05,497 - DEBUG: STREAM b'IHDR' 16 13
2024-11-29 17:25:05,497 - DEBUG: STREAM b'pHYs' 41 9
2024-11-29 17:25:05,497 - DEBUG: STREAM b'tEXt' 62 25
2024-11-29 17:25:05,497 - DEBUG: STREAM b'IDAT' 99 698
2024-11-29 17:25:05,497 - DEBUG: STREAM b'IHDR' 16 13
2024-11-29 17:25:05,497 - DEBUG: STREAM b'pHYs' 41 9
2024-11-29 17:25:05,497 - DEBUG: STREAM b'tEXt' 62 25
2024-11-29 17:25:05,497 - DEBUG: STREAM b'IDAT' 99 698
2024-11-29 17:25:05,497 - DEBUG: STREAM b'IHDR' 16 13
2024-11-29 17:25:05,497 - DEBUG: STREAM b'pHYs' 41 9
2024-11-29 17:25:05,497 - DEBUG: STREAM b'tEXt' 62 25
2024-11-29 17:25:05,497 - DEBUG: STREAM b'IDAT' 99 698
2024-11-29 17:25:05,513 - DEBUG: STREAM b'IHDR' 16 13
2024-11-29 17:25:05,513 - DEBUG: STREAM b'pHYs' 41 9
2024-11-29 17:25:05,513 - DEBUG: STREAM b'tEXt' 62 25
2024-11-29 17:25:05,513 - DEBUG: STREAM b'IDAT' 99 698
2024-11-29 17:25:09,117 - DEBUG: STREAM b'IHDR' 16 13
2024-11-29 17:25:09,117 - DEBUG: STREAM b'pHYs' 41 9
2024-11-29 17:25:09,117 - DEBUG: STREAM b'tEXt' 62 25
2024-11-29 17:25:09,117 - DEBUG: STREAM b'IDAT' 99 714
2024-11-29 17:25:09,431 - DEBUG: STREAM b'IHDR' 16 13
2024-11-29 17:25:09,431 - DEBUG: STREAM b'pHYs' 41 9
2024-11-29 17:25:09,431 - DEBUG: STREAM b'tEXt' 62 25
2024-11-29 17:25:09,431 - DEBUG: STREAM b'IDAT' 99 714
2024-11-29 17:25:10,938 - DEBUG: STREAM b'IHDR' 16 13
2024-11-29 17:25:10,938 - DEBUG: STREAM b'pHYs' 41 9
2024-11-29 17:25:10,938 - DEBUG: STREAM b'tEXt' 62 25
2024-11-29 17:25:10,938 - DEBUG: STREAM b'IDAT' 99 714
2024-11-29 17:25:10,938 - DEBUG: STREAM b'IHDR' 16 13
2024-11-29 17:25:10,938 - DEBUG: STREAM b'pHYs' 41 9
2024-11-29 17:25:10,938 - DEBUG: STREAM b'tEXt' 62 25
2024-11-29 17:25:10,938 - DEBUG: STREAM b'IDAT' 99 698
2024-11-29 17:25:11,539 - DEBUG: STREAM b'IHDR' 16 13
2024-11-29 17:25:11,539 - DEBUG: STREAM b'pHYs' 41 9
2024-11-29 17:25:11,539 - DEBUG: STREAM b'tEXt' 62 25
2024-11-29 17:25:11,539 - DEBUG: STREAM b'IDAT' 99 714
2024-11-29 17:25:11,949 - DEBUG: STREAM b'IHDR' 16 13
2024-11-29 17:25:11,949 - DEBUG: STREAM b'pHYs' 41 9
2024-11-29 17:25:11,949 - DEBUG: STREAM b'tEXt' 62 25
2024-11-29 17:25:11,949 - DEBUG: STREAM b'IDAT' 99 698
2024-11-29 17:25:13,167 - DEBUG: STREAM b'IHDR' 16 13
2024-11-29 17:25:13,167 - DEBUG: STREAM b'pHYs' 41 9
2024-11-29 17:25:13,167 - DEBUG: STREAM b'tEXt' 62 25
2024-11-29 17:25:13,167 - DEBUG: STREAM b'IDAT' 99 698
2024-11-29 17:25:14,015 - DEBUG: STREAM b'IHDR' 16 13
2024-11-29 17:25:14,015 - DEBUG: STREAM b'pHYs' 41 9
2024-11-29 17:25:14,015 - DEBUG: STREAM b'tEXt' 62 25
2024-11-29 17:25:14,015 - DEBUG: STREAM b'IDAT' 99 714
2024-11-29 17:25:14,440 - DEBUG: STREAM b'IHDR' 16 13
2024-11-29 17:25:14,440 - DEBUG: STREAM b'pHYs' 41 9
2024-11-29 17:25:14,440 - DEBUG: STREAM b'tEXt' 62 25
2024-11-29 17:25:14,440 - DEBUG: STREAM b'IDAT' 99 698
2024-11-29 17:25:15,116 - DEBUG: STREAM b'IHDR' 16 13
2024-11-29 17:25:15,116 - DEBUG: STREAM b'pHYs' 41 9
2024-11-29 17:25:15,116 - DEBUG: STREAM b'tEXt' 62 25
2024-11-29 17:25:15,116 - DEBUG: STREAM b'IDAT' 99 714
2024-11-29 17:25:15,587 - DEBUG: STREAM b'IHDR' 16 13
2024-11-29 17:25:15,587 - DEBUG: STREAM b'pHYs' 41 9
2024-11-29 17:25:15,587 - DEBUG: STREAM b'tEXt' 62 25
2024-11-29 17:25:15,587 - DEBUG: STREAM b'IDAT' 99 698
2024-11-29 17:25:15,698 - DEBUG: STREAM b'IHDR' 16 13
2024-11-29 17:25:15,698 - DEBUG: STREAM b'pHYs' 41 9
2024-11-29 17:25:15,698 - DEBUG: STREAM b'tEXt' 62 25
2024-11-29 17:25:15,698 - DEBUG: STREAM b'IDAT' 99 714
2024-11-29 17:25:15,935 - DEBUG: STREAM b'IHDR' 16 13
2024-11-29 17:25:15,935 - DEBUG: STREAM b'pHYs' 41 9
2024-11-29 17:25:15,935 - DEBUG: STREAM b'tEXt' 62 25
2024-11-29 17:25:15,935 - DEBUG: STREAM b'IDAT' 99 698
2024-11-29 17:25:16,044 - DEBUG: STREAM b'IHDR' 16 13
2024-11-29 17:25:16,044 - DEBUG: STREAM b'pHYs' 41 9
2024-11-29 17:25:16,044 - DEBUG: STREAM b'tEXt' 62 25
2024-11-29 17:25:16,044 - DEBUG: STREAM b'IDAT' 99 714
2024-11-29 17:26:05,527 - DEBUG: STREAM b'IHDR' 16 13
2024-11-29 17:26:05,527 - DEBUG: STREAM b'pHYs' 41 9
2024-11-29 17:26:05,527 - DEBUG: STREAM b'tEXt' 62 25
2024-11-29 17:26:05,527 - DEBUG: STREAM b'IDAT' 99 698
2024-11-29 17:26:06,727 - DEBUG: STREAM b'IHDR' 16 13
2024-11-29 17:26:06,727 - DEBUG: STREAM b'pHYs' 41 9
2024-11-29 17:26:06,727 - DEBUG: STREAM b'tEXt' 62 25
2024-11-29 17:26:06,727 - DEBUG: STREAM b'IDAT' 99 714
2024-11-29 17:29:56,785 - DEBUG: STREAM b'IHDR' 16 13
2024-11-29 17:29:56,785 - DEBUG: STREAM b'pHYs' 41 9
2024-11-29 17:29:56,785 - DEBUG: STREAM b'tEXt' 62 25
2024-11-29 17:29:56,785 - DEBUG: STREAM b'IDAT' 99 698
2024-11-29 17:29:56,793 - DEBUG: STREAM b'IHDR' 16 13
2024-11-29 17:29:56,793 - DEBUG: STREAM b'pHYs' 41 9
2024-11-29 17:29:56,793 - DEBUG: STREAM b'tEXt' 62 25
2024-11-29 17:29:56,793 - DEBUG: STREAM b'IDAT' 99 714
2024-11-29 17:29:57,060 - DEBUG: STREAM b'IHDR' 16 13
2024-11-29 17:29:57,062 - DEBUG: STREAM b'pHYs' 41 9
2024-11-29 17:29:57,062 - DEBUG: STREAM b'tEXt' 62 25
2024-11-29 17:29:57,062 - DEBUG: STREAM b'IDAT' 99 698
2024-11-29 17:29:57,170 - DEBUG: STREAM b'IHDR' 16 13
2024-11-29 17:29:57,170 - DEBUG: STREAM b'pHYs' 41 9
2024-11-29 17:29:57,170 - DEBUG: STREAM b'tEXt' 62 25
2024-11-29 17:29:57,170 - DEBUG: STREAM b'IDAT' 99 698
2024-11-29 17:31:51,313 - DEBUG: STREAM b'IHDR' 16 13
2024-11-29 17:31:51,313 - DEBUG: STREAM b'pHYs' 41 9
2024-11-29 17:31:51,313 - DEBUG: STREAM b'tEXt' 62 25
2024-11-29 17:31:51,313 - DEBUG: STREAM b'IDAT' 99 714
2024-11-29 17:31:51,438 - DEBUG: STREAM b'IHDR' 16 13
2024-11-29 17:31:51,438 - DEBUG: STREAM b'pHYs' 41 9
2024-11-29 17:31:51,438 - DEBUG: STREAM b'tEXt' 62 25
2024-11-29 17:31:51,438 - DEBUG: STREAM b'IDAT' 99 714
2024-11-29 17:31:51,642 - DEBUG: STREAM b'IHDR' 16 13
2024-11-29 17:31:51,642 - DEBUG: STREAM b'pHYs' 41 9
2024-11-29 17:31:51,642 - DEBUG: STREAM b'tEXt' 62 25
2024-11-29 17:31:51,642 - DEBUG: STREAM b'IDAT' 99 714
2024-11-29 17:31:51,658 - DEBUG: STREAM b'IHDR' 16 13
2024-11-29 17:31:51,658 - DEBUG: STREAM b'pHYs' 41 9
2024-11-29 17:31:51,658 - DEBUG: STREAM b'tEXt' 62 25
2024-11-29 17:31:51,658 - DEBUG: STREAM b'IDAT' 99 698
2024-11-29 18:21:05,635 - DEBUG: STREAM b'IHDR' 16 13
2024-11-29 18:21:05,635 - DEBUG: STREAM b'pHYs' 41 9
2024-11-29 18:21:05,635 - DEBUG: STREAM b'tEXt' 62 25
2024-11-29 18:21:05,635 - DEBUG: STREAM b'IDAT' 99 691
2024-11-29 18:21:05,635 - DEBUG: STREAM b'IHDR' 16 13
2024-11-29 18:21:05,635 - DEBUG: STREAM b'pHYs' 41 9
2024-11-29 18:21:05,635 - DEBUG: STREAM b'tEXt' 62 25
2024-11-29 18:21:05,635 - DEBUG: STREAM b'IDAT' 99 685
2024-11-29 18:21:05,635 - DEBUG: STREAM b'IHDR' 16 13
2024-11-29 18:21:05,650 - DEBUG: STREAM b'pHYs' 41 9
2024-11-29 18:21:05,650 - DEBUG: STREAM b'tEXt' 62 25
2024-11-29 18:21:05,650 - DEBUG: STREAM b'IDAT' 99 671
2024-11-29 18:21:13,848 - DEBUG: STREAM b'IHDR' 16 13
2024-11-29 18:21:13,848 - DEBUG: STREAM b'pHYs' 41 9
2024-11-29 18:21:13,848 - DEBUG: STREAM b'tEXt' 62 25
2024-11-29 18:21:13,848 - DEBUG: STREAM b'IDAT' 99 691
2024-11-29 18:21:13,848 - DEBUG: STREAM b'IHDR' 16 13
2024-11-29 18:21:13,848 - DEBUG: STREAM b'pHYs' 41 9
2024-11-29 18:21:13,848 - DEBUG: STREAM b'tEXt' 62 25
2024-11-29 18:21:13,848 - DEBUG: STREAM b'IDAT' 99 685
2024-11-29 18:21:13,848 - DEBUG: STREAM b'IHDR' 16 13
2024-11-29 18:21:13,848 - DEBUG: STREAM b'pHYs' 41 9
2024-11-29 18:21:13,848 - DEBUG: STREAM b'tEXt' 62 25
2024-11-29 18:21:13,848 - DEBUG: STREAM b'IDAT' 99 671
2024-11-29 18:21:13,848 - DEBUG: STREAM b'IHDR' 16 13
2024-11-29 18:21:13,848 - DEBUG: STREAM b'pHYs' 41 9
2024-11-29 18:21:13,848 - DEBUG: STREAM b'tEXt' 62 25
2024-11-29 18:21:13,848 - DEBUG: STREAM b'IDAT' 99 691
2024-11-29 18:21:13,848 - DEBUG: STREAM b'IHDR' 16 13
2024-11-29 18:21:13,863 - DEBUG: STREAM b'pHYs' 41 9
2024-11-29 18:21:13,863 - DEBUG: STREAM b'tEXt' 62 25
2024-11-29 18:21:13,863 - DEBUG: STREAM b'IDAT' 99 685
2024-11-29 18:21:13,863 - DEBUG: STREAM b'IHDR' 16 13
2024-11-29 18:21:13,863 - DEBUG: STREAM b'pHYs' 41 9
2024-11-29 18:21:13,863 - DEBUG: STREAM b'tEXt' 62 25
2024-11-29 18:21:13,863 - DEBUG: STREAM b'IDAT' 99 671
2024-11-29 18:28:00,399 - INFO: Closed simulator session
