2024-12-10 17:20:45,685 - INFO: Started simulator session
2024-12-10 17:20:45,690 - DEBUG: STREAM b'IHDR' 16 13
2024-12-10 17:20:45,690 - DEBUG: STREAM b'pHYs' 41 9
2024-12-10 17:20:45,690 - DEBUG: STREAM b'tEXt' 62 25
2024-12-10 17:20:45,690 - DEBUG: STREAM b'IDAT' 99 691
2024-12-10 17:20:45,690 - DEBUG: STREAM b'IHDR' 16 13
2024-12-10 17:20:45,690 - DEBUG: STREAM b'pHYs' 41 9
2024-12-10 17:20:45,690 - DEBUG: STREAM b'tEXt' 62 25
2024-12-10 17:20:45,693 - DEBUG: STREAM b'IDAT' 99 685
2024-12-10 17:20:45,693 - DEBUG: STREAM b'IHDR' 16 13
2024-12-10 17:20:45,693 - DEBUG: STREAM b'pHYs' 41 9
2024-12-10 17:20:45,693 - DEBUG: STREAM b'tEXt' 62 25
2024-12-10 17:20:45,693 - DEBUG: STREAM b'IDAT' 99 671
2024-12-10 17:21:09,404 - DEBUG: STREAM b'IHDR' 16 13
2024-12-10 17:21:09,404 - DEBUG: STREAM b'pHYs' 41 9
2024-12-10 17:21:09,404 - DEBUG: STREAM b'tEXt' 62 25
2024-12-10 17:21:09,404 - DEBUG: STREAM b'IDAT' 99 8192
2024-12-10 17:21:09,534 - DEBUG: STREAM b'IHDR' 16 13
2024-12-10 17:21:09,534 - DEBUG: STREAM b'pHYs' 41 9
2024-12-10 17:21:09,534 - DEBUG: STREAM b'tEXt' 62 25
2024-12-10 17:21:09,534 - DEBUG: STREAM b'IDAT' 99 698
2024-12-10 17:21:09,538 - DEBUG: STREAM b'IHDR' 16 13
2024-12-10 17:21:09,538 - DEBUG: STREAM b'pHYs' 41 9
2024-12-10 17:21:09,538 - DEBUG: STREAM b'tEXt' 62 25
2024-12-10 17:21:09,538 - DEBUG: STREAM b'IDAT' 99 698
2024-12-10 17:22:19,274 - DEBUG: STREAM b'IHDR' 16 13
2024-12-10 17:22:19,276 - DEBUG: STREAM b'pHYs' 41 9
2024-12-10 17:22:19,276 - DEBUG: STREAM b'tEXt' 62 25
2024-12-10 17:22:19,276 - DEBUG: STREAM b'IDAT' 99 714
2024-12-10 17:22:19,512 - DEBUG: STREAM b'IHDR' 16 13
2024-12-10 17:22:19,512 - DEBUG: STREAM b'pHYs' 41 9
2024-12-10 17:22:19,512 - DEBUG: STREAM b'tEXt' 62 25
2024-12-10 17:22:19,512 - DEBUG: STREAM b'IDAT' 99 714
2024-12-10 17:22:20,234 - DEBUG: STREAM b'IHDR' 16 13
2024-12-10 17:22:20,234 - DEBUG: STREAM b'pHYs' 41 9
2024-12-10 17:22:20,234 - DEBUG: STREAM b'tEXt' 62 25
2024-12-10 17:22:20,234 - DEBUG: STREAM b'IDAT' 99 698
2024-12-10 17:22:21,069 - DEBUG: STREAM b'IHDR' 16 13
2024-12-10 17:22:21,071 - DEBUG: STREAM b'pHYs' 41 9
2024-12-10 17:22:21,071 - DEBUG: STREAM b'tEXt' 62 25
2024-12-10 17:22:21,071 - DEBUG: STREAM b'IDAT' 99 698
2024-12-10 17:22:21,212 - DEBUG: STREAM b'IHDR' 16 13
2024-12-10 17:22:21,212 - DEBUG: STREAM b'pHYs' 41 9
2024-12-10 17:22:21,212 - DEBUG: STREAM b'tEXt' 62 25
2024-12-10 17:22:21,212 - DEBUG: STREAM b'IDAT' 99 714
2024-12-10 17:22:21,730 - DEBUG: STREAM b'IHDR' 16 13
2024-12-10 17:22:21,730 - DEBUG: STREAM b'pHYs' 41 9
2024-12-10 17:22:21,730 - DEBUG: STREAM b'tEXt' 62 25
2024-12-10 17:22:21,730 - DEBUG: STREAM b'IDAT' 99 714
2024-12-10 17:22:26,454 - DEBUG: STREAM b'IHDR' 16 13
2024-12-10 17:22:26,454 - DEBUG: STREAM b'pHYs' 41 9
2024-12-10 17:22:26,454 - DEBUG: STREAM b'tEXt' 62 25
2024-12-10 17:22:26,454 - DEBUG: STREAM b'IDAT' 99 698
2024-12-10 17:22:26,518 - DEBUG: STREAM b'IHDR' 16 13
2024-12-10 17:22:26,518 - DEBUG: STREAM b'pHYs' 41 9
2024-12-10 17:22:26,518 - DEBUG: STREAM b'tEXt' 62 25
2024-12-10 17:22:26,518 - DEBUG: STREAM b'IDAT' 99 714
2024-12-10 17:22:26,646 - DEBUG: STREAM b'IHDR' 16 13
2024-12-10 17:22:26,646 - DEBUG: STREAM b'pHYs' 41 9
2024-12-10 17:22:26,646 - DEBUG: STREAM b'tEXt' 62 25
2024-12-10 17:22:26,646 - DEBUG: STREAM b'IDAT' 99 698
2024-12-10 17:22:26,692 - DEBUG: STREAM b'IHDR' 16 13
2024-12-10 17:22:26,692 - DEBUG: STREAM b'pHYs' 41 9
2024-12-10 17:22:26,692 - DEBUG: STREAM b'tEXt' 62 25
2024-12-10 17:22:26,692 - DEBUG: STREAM b'IDAT' 99 714
2024-12-10 17:22:26,812 - DEBUG: STREAM b'IHDR' 16 13
2024-12-10 17:22:26,812 - DEBUG: STREAM b'pHYs' 41 9
2024-12-10 17:22:26,812 - DEBUG: STREAM b'tEXt' 62 25
2024-12-10 17:22:26,812 - DEBUG: STREAM b'IDAT' 99 698
2024-12-10 17:22:26,852 - DEBUG: STREAM b'IHDR' 16 13
2024-12-10 17:22:26,852 - DEBUG: STREAM b'pHYs' 41 9
2024-12-10 17:22:26,852 - DEBUG: STREAM b'tEXt' 62 25
2024-12-10 17:22:26,852 - DEBUG: STREAM b'IDAT' 99 714
2024-12-10 17:22:33,364 - DEBUG: STREAM b'IHDR' 16 13
2024-12-10 17:22:33,364 - DEBUG: STREAM b'pHYs' 41 9
2024-12-10 17:22:33,364 - DEBUG: STREAM b'tEXt' 62 25
2024-12-10 17:22:33,364 - DEBUG: STREAM b'IDAT' 99 698
2024-12-10 17:22:34,045 - DEBUG: STREAM b'IHDR' 16 13
2024-12-10 17:22:34,045 - DEBUG: STREAM b'pHYs' 41 9
2024-12-10 17:22:34,045 - DEBUG: STREAM b'tEXt' 62 25
2024-12-10 17:22:34,045 - DEBUG: STREAM b'IDAT' 99 698
2024-12-10 17:22:48,878 - DEBUG: STREAM b'IHDR' 16 13
2024-12-10 17:22:48,878 - DEBUG: STREAM b'pHYs' 41 9
2024-12-10 17:22:48,878 - DEBUG: STREAM b'tEXt' 62 25
2024-12-10 17:22:48,878 - DEBUG: STREAM b'IDAT' 99 714
2024-12-10 17:22:48,927 - DEBUG: STREAM b'IHDR' 16 13
2024-12-10 17:22:48,927 - DEBUG: STREAM b'pHYs' 41 9
2024-12-10 17:22:48,927 - DEBUG: STREAM b'tEXt' 62 25
2024-12-10 17:22:48,927 - DEBUG: STREAM b'IDAT' 99 714
2024-12-10 17:22:50,502 - DEBUG: STREAM b'IHDR' 16 13
2024-12-10 17:22:50,504 - DEBUG: STREAM b'pHYs' 41 9
2024-12-10 17:22:50,504 - DEBUG: STREAM b'tEXt' 62 25
2024-12-10 17:22:50,504 - DEBUG: STREAM b'IDAT' 99 698
2024-12-10 17:22:50,621 - DEBUG: STREAM b'IHDR' 16 13
2024-12-10 17:22:50,621 - DEBUG: STREAM b'pHYs' 41 9
2024-12-10 17:22:50,621 - DEBUG: STREAM b'tEXt' 62 25
2024-12-10 17:22:50,621 - DEBUG: STREAM b'IDAT' 99 714
2024-12-10 17:22:50,680 - DEBUG: STREAM b'IHDR' 16 13
2024-12-10 17:22:50,680 - DEBUG: STREAM b'pHYs' 41 9
2024-12-10 17:22:50,680 - DEBUG: STREAM b'tEXt' 62 25
2024-12-10 17:22:50,680 - DEBUG: STREAM b'IDAT' 99 698
2024-12-10 17:22:50,997 - DEBUG: STREAM b'IHDR' 16 13
2024-12-10 17:22:51,001 - DEBUG: STREAM b'pHYs' 41 9
2024-12-10 17:22:51,001 - DEBUG: STREAM b'tEXt' 62 25
2024-12-10 17:22:51,001 - DEBUG: STREAM b'IDAT' 99 714
2024-12-10 17:22:51,024 - DEBUG: STREAM b'IHDR' 16 13
2024-12-10 17:22:51,024 - DEBUG: STREAM b'pHYs' 41 9
2024-12-10 17:22:51,024 - DEBUG: STREAM b'tEXt' 62 25
2024-12-10 17:22:51,024 - DEBUG: STREAM b'IDAT' 99 698
2024-12-10 17:22:51,159 - DEBUG: STREAM b'IHDR' 16 13
2024-12-10 17:22:51,159 - DEBUG: STREAM b'pHYs' 41 9
2024-12-10 17:22:51,159 - DEBUG: STREAM b'tEXt' 62 25
2024-12-10 17:22:51,159 - DEBUG: STREAM b'IDAT' 99 714
2024-12-10 17:22:51,201 - DEBUG: STREAM b'IHDR' 16 13
2024-12-10 17:22:51,201 - DEBUG: STREAM b'pHYs' 41 9
2024-12-10 17:22:51,201 - DEBUG: STREAM b'tEXt' 62 25
2024-12-10 17:22:51,201 - DEBUG: STREAM b'IDAT' 99 698
2024-12-10 17:22:51,277 - DEBUG: STREAM b'IHDR' 16 13
2024-12-10 17:22:51,277 - DEBUG: STREAM b'pHYs' 41 9
2024-12-10 17:22:51,277 - DEBUG: STREAM b'tEXt' 62 25
2024-12-10 17:22:51,277 - DEBUG: STREAM b'IDAT' 99 714
2024-12-10 17:22:51,303 - DEBUG: STREAM b'IHDR' 16 13
2024-12-10 17:22:51,303 - DEBUG: STREAM b'pHYs' 41 9
2024-12-10 17:22:51,303 - DEBUG: STREAM b'tEXt' 62 25
2024-12-10 17:22:51,303 - DEBUG: STREAM b'IDAT' 99 698
2024-12-10 17:22:51,356 - DEBUG: STREAM b'IHDR' 16 13
2024-12-10 17:22:51,356 - DEBUG: STREAM b'pHYs' 41 9
2024-12-10 17:22:51,356 - DEBUG: STREAM b'tEXt' 62 25
2024-12-10 17:22:51,356 - DEBUG: STREAM b'IDAT' 99 714
2024-12-10 17:22:51,414 - DEBUG: STREAM b'IHDR' 16 13
2024-12-10 17:22:51,414 - DEBUG: STREAM b'pHYs' 41 9
2024-12-10 17:22:51,414 - DEBUG: STREAM b'tEXt' 62 25
2024-12-10 17:22:51,414 - DEBUG: STREAM b'IDAT' 99 698
2024-12-10 17:22:51,463 - DEBUG: STREAM b'IHDR' 16 13
2024-12-10 17:22:51,463 - DEBUG: STREAM b'pHYs' 41 9
2024-12-10 17:22:51,463 - DEBUG: STREAM b'tEXt' 62 25
2024-12-10 17:22:51,463 - DEBUG: STREAM b'IDAT' 99 714
2024-12-10 17:22:51,597 - DEBUG: STREAM b'IHDR' 16 13
2024-12-10 17:22:51,599 - DEBUG: STREAM b'pHYs' 41 9
2024-12-10 17:22:51,599 - DEBUG: STREAM b'tEXt' 62 25
2024-12-10 17:22:51,599 - DEBUG: STREAM b'IDAT' 99 698
2024-12-10 17:22:51,656 - DEBUG: STREAM b'IHDR' 16 13
2024-12-10 17:22:51,656 - DEBUG: STREAM b'pHYs' 41 9
2024-12-10 17:22:51,656 - DEBUG: STREAM b'tEXt' 62 25
2024-12-10 17:22:51,656 - DEBUG: STREAM b'IDAT' 99 714
2024-12-10 17:22:52,225 - DEBUG: STREAM b'IHDR' 16 13
2024-12-10 17:22:52,225 - DEBUG: STREAM b'pHYs' 41 9
2024-12-10 17:22:52,225 - DEBUG: STREAM b'tEXt' 62 25
2024-12-10 17:22:52,225 - DEBUG: STREAM b'IDAT' 99 698
2024-12-10 17:22:52,304 - DEBUG: STREAM b'IHDR' 16 13
2024-12-10 17:22:52,304 - DEBUG: STREAM b'pHYs' 41 9
2024-12-10 17:22:52,304 - DEBUG: STREAM b'tEXt' 62 25
2024-12-10 17:22:52,304 - DEBUG: STREAM b'IDAT' 99 714
2024-12-10 17:22:52,334 - DEBUG: STREAM b'IHDR' 16 13
2024-12-10 17:22:52,334 - DEBUG: STREAM b'pHYs' 41 9
2024-12-10 17:22:52,334 - DEBUG: STREAM b'tEXt' 62 25
2024-12-10 17:22:52,334 - DEBUG: STREAM b'IDAT' 99 698
2024-12-10 17:22:52,522 - DEBUG: STREAM b'IHDR' 16 13
2024-12-10 17:22:52,524 - DEBUG: STREAM b'pHYs' 41 9
2024-12-10 17:22:52,524 - DEBUG: STREAM b'tEXt' 62 25
2024-12-10 17:22:52,524 - DEBUG: STREAM b'IDAT' 99 714
2024-12-10 17:22:52,606 - DEBUG: STREAM b'IHDR' 16 13
2024-12-10 17:22:52,606 - DEBUG: STREAM b'pHYs' 41 9
2024-12-10 17:22:52,606 - DEBUG: STREAM b'tEXt' 62 25
2024-12-10 17:22:52,606 - DEBUG: STREAM b'IDAT' 99 698
2024-12-10 17:22:52,658 - DEBUG: STREAM b'IHDR' 16 13
2024-12-10 17:22:52,658 - DEBUG: STREAM b'pHYs' 41 9
2024-12-10 17:22:52,658 - DEBUG: STREAM b'tEXt' 62 25
2024-12-10 17:22:52,658 - DEBUG: STREAM b'IDAT' 99 714
2024-12-10 17:22:52,687 - DEBUG: STREAM b'IHDR' 16 13
2024-12-10 17:22:52,687 - DEBUG: STREAM b'pHYs' 41 9
2024-12-10 17:22:52,687 - DEBUG: STREAM b'tEXt' 62 25
2024-12-10 17:22:52,687 - DEBUG: STREAM b'IDAT' 99 698
2024-12-10 17:22:52,749 - DEBUG: STREAM b'IHDR' 16 13
2024-12-10 17:22:52,749 - DEBUG: STREAM b'pHYs' 41 9
2024-12-10 17:22:52,749 - DEBUG: STREAM b'tEXt' 62 25
2024-12-10 17:22:52,749 - DEBUG: STREAM b'IDAT' 99 714
2024-12-10 17:22:52,785 - DEBUG: STREAM b'IHDR' 16 13
2024-12-10 17:22:52,785 - DEBUG: STREAM b'pHYs' 41 9
2024-12-10 17:22:52,785 - DEBUG: STREAM b'tEXt' 62 25
2024-12-10 17:22:52,785 - DEBUG: STREAM b'IDAT' 99 698
2024-12-10 17:22:52,847 - DEBUG: STREAM b'IHDR' 16 13
2024-12-10 17:22:52,847 - DEBUG: STREAM b'pHYs' 41 9
2024-12-10 17:22:52,847 - DEBUG: STREAM b'tEXt' 62 25
2024-12-10 17:22:52,847 - DEBUG: STREAM b'IDAT' 99 714
2024-12-10 17:22:52,910 - DEBUG: STREAM b'IHDR' 16 13
2024-12-10 17:22:52,910 - DEBUG: STREAM b'pHYs' 41 9
2024-12-10 17:22:52,910 - DEBUG: STREAM b'tEXt' 62 25
2024-12-10 17:22:52,910 - DEBUG: STREAM b'IDAT' 99 698
2024-12-10 17:22:52,996 - DEBUG: STREAM b'IHDR' 16 13
2024-12-10 17:22:52,996 - DEBUG: STREAM b'pHYs' 41 9
2024-12-10 17:22:52,996 - DEBUG: STREAM b'tEXt' 62 25
2024-12-10 17:22:52,996 - DEBUG: STREAM b'IDAT' 99 714
2024-12-10 17:22:53,038 - DEBUG: STREAM b'IHDR' 16 13
2024-12-10 17:22:53,038 - DEBUG: STREAM b'pHYs' 41 9
2024-12-10 17:22:53,038 - DEBUG: STREAM b'tEXt' 62 25
2024-12-10 17:22:53,038 - DEBUG: STREAM b'IDAT' 99 698
2024-12-10 17:22:53,100 - DEBUG: STREAM b'IHDR' 16 13
2024-12-10 17:22:53,100 - DEBUG: STREAM b'pHYs' 41 9
2024-12-10 17:22:53,100 - DEBUG: STREAM b'tEXt' 62 25
2024-12-10 17:22:53,100 - DEBUG: STREAM b'IDAT' 99 714
2024-12-10 17:22:53,162 - DEBUG: STREAM b'IHDR' 16 13
2024-12-10 17:22:53,162 - DEBUG: STREAM b'pHYs' 41 9
2024-12-10 17:22:53,162 - DEBUG: STREAM b'tEXt' 62 25
2024-12-10 17:22:53,162 - DEBUG: STREAM b'IDAT' 99 698
2024-12-10 17:22:53,226 - DEBUG: STREAM b'IHDR' 16 13
2024-12-10 17:22:53,226 - DEBUG: STREAM b'pHYs' 41 9
2024-12-10 17:22:53,226 - DEBUG: STREAM b'tEXt' 62 25
2024-12-10 17:22:53,226 - DEBUG: STREAM b'IDAT' 99 714
2024-12-10 17:22:53,280 - DEBUG: STREAM b'IHDR' 16 13
2024-12-10 17:22:53,290 - DEBUG: STREAM b'pHYs' 41 9
2024-12-10 17:22:53,290 - DEBUG: STREAM b'tEXt' 62 25
2024-12-10 17:22:53,290 - DEBUG: STREAM b'IDAT' 99 698
2024-12-10 17:22:53,368 - DEBUG: STREAM b'IHDR' 16 13
2024-12-10 17:22:53,368 - DEBUG: STREAM b'pHYs' 41 9
2024-12-10 17:22:53,368 - DEBUG: STREAM b'tEXt' 62 25
2024-12-10 17:22:53,368 - DEBUG: STREAM b'IDAT' 99 714
2024-12-10 17:22:53,410 - DEBUG: STREAM b'IHDR' 16 13
2024-12-10 17:22:53,410 - DEBUG: STREAM b'pHYs' 41 9
2024-12-10 17:22:53,410 - DEBUG: STREAM b'tEXt' 62 25
2024-12-10 17:22:53,410 - DEBUG: STREAM b'IDAT' 99 698
2024-12-10 17:22:53,499 - DEBUG: STREAM b'IHDR' 16 13
2024-12-10 17:22:53,499 - DEBUG: STREAM b'pHYs' 41 9
2024-12-10 17:22:53,499 - DEBUG: STREAM b'tEXt' 62 25
2024-12-10 17:22:53,499 - DEBUG: STREAM b'IDAT' 99 714
2024-12-10 17:22:53,603 - DEBUG: STREAM b'IHDR' 16 13
2024-12-10 17:22:53,603 - DEBUG: STREAM b'pHYs' 41 9
2024-12-10 17:22:53,603 - DEBUG: STREAM b'tEXt' 62 25
2024-12-10 17:22:53,603 - DEBUG: STREAM b'IDAT' 99 698
2024-12-10 17:22:53,681 - DEBUG: STREAM b'IHDR' 16 13
2024-12-10 17:22:53,681 - DEBUG: STREAM b'pHYs' 41 9
2024-12-10 17:22:53,681 - DEBUG: STREAM b'tEXt' 62 25
2024-12-10 17:22:53,681 - DEBUG: STREAM b'IDAT' 99 714
2024-12-10 17:22:53,791 - DEBUG: STREAM b'IHDR' 16 13
2024-12-10 17:22:53,791 - DEBUG: STREAM b'pHYs' 41 9
2024-12-10 17:22:53,791 - DEBUG: STREAM b'tEXt' 62 25
2024-12-10 17:22:53,791 - DEBUG: STREAM b'IDAT' 99 698
2024-12-10 17:22:53,894 - DEBUG: STREAM b'IHDR' 16 13
2024-12-10 17:22:53,894 - DEBUG: STREAM b'pHYs' 41 9
2024-12-10 17:22:53,894 - DEBUG: STREAM b'tEXt' 62 25
2024-12-10 17:22:53,894 - DEBUG: STREAM b'IDAT' 99 714
2024-12-10 17:22:53,981 - DEBUG: STREAM b'IHDR' 16 13
2024-12-10 17:22:53,981 - DEBUG: STREAM b'pHYs' 41 9
2024-12-10 17:22:53,981 - DEBUG: STREAM b'tEXt' 62 25
2024-12-10 17:22:53,981 - DEBUG: STREAM b'IDAT' 99 698
2024-12-10 17:22:54,062 - DEBUG: STREAM b'IHDR' 16 13
2024-12-10 17:22:54,062 - DEBUG: STREAM b'pHYs' 41 9
2024-12-10 17:22:54,062 - DEBUG: STREAM b'tEXt' 62 25
2024-12-10 17:22:54,062 - DEBUG: STREAM b'IDAT' 99 714
2024-12-10 17:22:54,150 - DEBUG: STREAM b'IHDR' 16 13
2024-12-10 17:22:54,150 - DEBUG: STREAM b'pHYs' 41 9
2024-12-10 17:22:54,150 - DEBUG: STREAM b'tEXt' 62 25
2024-12-10 17:22:54,150 - DEBUG: STREAM b'IDAT' 99 698
2024-12-10 17:22:54,197 - DEBUG: STREAM b'IHDR' 16 13
2024-12-10 17:22:54,197 - DEBUG: STREAM b'pHYs' 41 9
2024-12-10 17:22:54,197 - DEBUG: STREAM b'tEXt' 62 25
2024-12-10 17:22:54,197 - DEBUG: STREAM b'IDAT' 99 714
2024-12-10 17:22:54,229 - DEBUG: STREAM b'IHDR' 16 13
2024-12-10 17:22:54,229 - DEBUG: STREAM b'pHYs' 41 9
2024-12-10 17:22:54,229 - DEBUG: STREAM b'tEXt' 62 25
2024-12-10 17:22:54,229 - DEBUG: STREAM b'IDAT' 99 698
2024-12-10 17:22:54,279 - DEBUG: STREAM b'IHDR' 16 13
2024-12-10 17:22:54,279 - DEBUG: STREAM b'pHYs' 41 9
2024-12-10 17:22:54,279 - DEBUG: STREAM b'tEXt' 62 25
2024-12-10 17:22:54,279 - DEBUG: STREAM b'IDAT' 99 714
2024-12-10 17:22:54,344 - DEBUG: STREAM b'IHDR' 16 13
2024-12-10 17:22:54,344 - DEBUG: STREAM b'pHYs' 41 9
2024-12-10 17:22:54,344 - DEBUG: STREAM b'tEXt' 62 25
2024-12-10 17:22:54,344 - DEBUG: STREAM b'IDAT' 99 698
2024-12-10 17:22:54,383 - DEBUG: STREAM b'IHDR' 16 13
2024-12-10 17:22:54,383 - DEBUG: STREAM b'pHYs' 41 9
2024-12-10 17:22:54,383 - DEBUG: STREAM b'tEXt' 62 25
2024-12-10 17:22:54,383 - DEBUG: STREAM b'IDAT' 99 714
2024-12-10 17:22:54,452 - DEBUG: STREAM b'IHDR' 16 13
2024-12-10 17:22:54,452 - DEBUG: STREAM b'pHYs' 41 9
2024-12-10 17:22:54,452 - DEBUG: STREAM b'tEXt' 62 25
2024-12-10 17:22:54,452 - DEBUG: STREAM b'IDAT' 99 698
2024-12-10 17:22:54,518 - DEBUG: STREAM b'IHDR' 16 13
2024-12-10 17:22:54,518 - DEBUG: STREAM b'pHYs' 41 9
2024-12-10 17:22:54,518 - DEBUG: STREAM b'tEXt' 62 25
2024-12-10 17:22:54,518 - DEBUG: STREAM b'IDAT' 99 714
2024-12-10 17:22:54,792 - DEBUG: STREAM b'IHDR' 16 13
2024-12-10 17:22:54,792 - DEBUG: STREAM b'pHYs' 41 9
2024-12-10 17:22:54,792 - DEBUG: STREAM b'tEXt' 62 25
2024-12-10 17:22:54,792 - DEBUG: STREAM b'IDAT' 99 698
2024-12-10 17:22:54,863 - DEBUG: STREAM b'IHDR' 16 13
2024-12-10 17:22:54,863 - DEBUG: STREAM b'pHYs' 41 9
2024-12-10 17:22:54,863 - DEBUG: STREAM b'tEXt' 62 25
2024-12-10 17:22:54,863 - DEBUG: STREAM b'IDAT' 99 714
2024-12-10 17:22:54,916 - DEBUG: STREAM b'IHDR' 16 13
2024-12-10 17:22:54,916 - DEBUG: STREAM b'pHYs' 41 9
2024-12-10 17:22:54,916 - DEBUG: STREAM b'tEXt' 62 25
2024-12-10 17:22:54,916 - DEBUG: STREAM b'IDAT' 99 698
2024-12-10 17:22:54,976 - DEBUG: STREAM b'IHDR' 16 13
2024-12-10 17:22:54,977 - DEBUG: STREAM b'pHYs' 41 9
2024-12-10 17:22:54,977 - DEBUG: STREAM b'tEXt' 62 25
2024-12-10 17:22:54,977 - DEBUG: STREAM b'IDAT' 99 714
2024-12-10 17:22:55,024 - DEBUG: STREAM b'IHDR' 16 13
2024-12-10 17:22:55,024 - DEBUG: STREAM b'pHYs' 41 9
2024-12-10 17:22:55,024 - DEBUG: STREAM b'tEXt' 62 25
2024-12-10 17:22:55,024 - DEBUG: STREAM b'IDAT' 99 698
2024-12-10 17:22:55,099 - DEBUG: STREAM b'IHDR' 16 13
2024-12-10 17:22:55,099 - DEBUG: STREAM b'pHYs' 41 9
2024-12-10 17:22:55,099 - DEBUG: STREAM b'tEXt' 62 25
2024-12-10 17:22:55,099 - DEBUG: STREAM b'IDAT' 99 714
2024-12-10 17:22:55,171 - DEBUG: STREAM b'IHDR' 16 13
2024-12-10 17:22:55,171 - DEBUG: STREAM b'pHYs' 41 9
2024-12-10 17:22:55,171 - DEBUG: STREAM b'tEXt' 62 25
2024-12-10 17:22:55,171 - DEBUG: STREAM b'IDAT' 99 698
2024-12-10 17:22:55,253 - DEBUG: STREAM b'IHDR' 16 13
2024-12-10 17:22:55,253 - DEBUG: STREAM b'pHYs' 41 9
2024-12-10 17:22:55,253 - DEBUG: STREAM b'tEXt' 62 25
2024-12-10 17:22:55,253 - DEBUG: STREAM b'IDAT' 99 714
2024-12-10 17:22:55,318 - DEBUG: STREAM b'IHDR' 16 13
2024-12-10 17:22:55,318 - DEBUG: STREAM b'pHYs' 41 9
2024-12-10 17:22:55,318 - DEBUG: STREAM b'tEXt' 62 25
2024-12-10 17:22:55,318 - DEBUG: STREAM b'IDAT' 99 698
2024-12-10 17:22:55,402 - DEBUG: STREAM b'IHDR' 16 13
2024-12-10 17:22:55,402 - DEBUG: STREAM b'pHYs' 41 9
2024-12-10 17:22:55,402 - DEBUG: STREAM b'tEXt' 62 25
2024-12-10 17:22:55,402 - DEBUG: STREAM b'IDAT' 99 714
2024-12-10 17:22:55,466 - DEBUG: STREAM b'IHDR' 16 13
2024-12-10 17:22:55,466 - DEBUG: STREAM b'pHYs' 41 9
2024-12-10 17:22:55,466 - DEBUG: STREAM b'tEXt' 62 25
2024-12-10 17:22:55,466 - DEBUG: STREAM b'IDAT' 99 698
2024-12-10 17:22:55,534 - DEBUG: STREAM b'IHDR' 16 13
2024-12-10 17:22:55,534 - DEBUG: STREAM b'pHYs' 41 9
2024-12-10 17:22:55,534 - DEBUG: STREAM b'tEXt' 62 25
2024-12-10 17:22:55,534 - DEBUG: STREAM b'IDAT' 99 714
2024-12-10 17:22:55,599 - DEBUG: STREAM b'IHDR' 16 13
2024-12-10 17:22:55,599 - DEBUG: STREAM b'pHYs' 41 9
2024-12-10 17:22:55,599 - DEBUG: STREAM b'tEXt' 62 25
2024-12-10 17:22:55,599 - DEBUG: STREAM b'IDAT' 99 698
2024-12-10 17:22:55,683 - DEBUG: STREAM b'IHDR' 16 13
2024-12-10 17:22:55,683 - DEBUG: STREAM b'pHYs' 41 9
2024-12-10 17:22:55,685 - DEBUG: STREAM b'tEXt' 62 25
2024-12-10 17:22:55,685 - DEBUG: STREAM b'IDAT' 99 714
2024-12-10 17:22:55,711 - DEBUG: STREAM b'IHDR' 16 13
2024-12-10 17:22:55,711 - DEBUG: STREAM b'pHYs' 41 9
2024-12-10 17:22:55,711 - DEBUG: STREAM b'tEXt' 62 25
2024-12-10 17:22:55,711 - DEBUG: STREAM b'IDAT' 99 698
2024-12-10 17:22:55,768 - DEBUG: STREAM b'IHDR' 16 13
2024-12-10 17:22:55,768 - DEBUG: STREAM b'pHYs' 41 9
2024-12-10 17:22:55,768 - DEBUG: STREAM b'tEXt' 62 25
2024-12-10 17:22:55,768 - DEBUG: STREAM b'IDAT' 99 714
2024-12-10 17:22:55,828 - DEBUG: STREAM b'IHDR' 16 13
2024-12-10 17:22:55,828 - DEBUG: STREAM b'pHYs' 41 9
2024-12-10 17:22:55,828 - DEBUG: STREAM b'tEXt' 62 25
2024-12-10 17:22:55,828 - DEBUG: STREAM b'IDAT' 99 698
2024-12-10 17:22:55,882 - DEBUG: STREAM b'IHDR' 16 13
2024-12-10 17:22:55,885 - DEBUG: STREAM b'pHYs' 41 9
2024-12-10 17:22:55,885 - DEBUG: STREAM b'tEXt' 62 25
2024-12-10 17:22:55,885 - DEBUG: STREAM b'IDAT' 99 714
2024-12-10 17:22:55,936 - DEBUG: STREAM b'IHDR' 16 13
2024-12-10 17:22:55,936 - DEBUG: STREAM b'pHYs' 41 9
2024-12-10 17:22:55,936 - DEBUG: STREAM b'tEXt' 62 25
2024-12-10 17:22:55,936 - DEBUG: STREAM b'IDAT' 99 698
2024-12-10 17:22:55,992 - DEBUG: STREAM b'IHDR' 16 13
2024-12-10 17:22:55,992 - DEBUG: STREAM b'pHYs' 41 9
2024-12-10 17:22:55,992 - DEBUG: STREAM b'tEXt' 62 25
2024-12-10 17:22:55,992 - DEBUG: STREAM b'IDAT' 99 714
2024-12-10 17:22:56,050 - DEBUG: STREAM b'IHDR' 16 13
2024-12-10 17:22:56,050 - DEBUG: STREAM b'pHYs' 41 9
2024-12-10 17:22:56,050 - DEBUG: STREAM b'tEXt' 62 25
2024-12-10 17:22:56,050 - DEBUG: STREAM b'IDAT' 99 698
2024-12-10 17:22:56,088 - DEBUG: STREAM b'IHDR' 16 13
2024-12-10 17:22:56,104 - DEBUG: STREAM b'pHYs' 41 9
2024-12-10 17:22:56,104 - DEBUG: STREAM b'tEXt' 62 25
2024-12-10 17:22:56,104 - DEBUG: STREAM b'IDAT' 99 714
2024-12-10 17:22:56,152 - DEBUG: STREAM b'IHDR' 16 13
2024-12-10 17:22:56,152 - DEBUG: STREAM b'pHYs' 41 9
2024-12-10 17:22:56,152 - DEBUG: STREAM b'tEXt' 62 25
2024-12-10 17:22:56,152 - DEBUG: STREAM b'IDAT' 99 698
2024-12-10 17:22:56,209 - DEBUG: STREAM b'IHDR' 16 13
2024-12-10 17:22:56,209 - DEBUG: STREAM b'pHYs' 41 9
2024-12-10 17:22:56,209 - DEBUG: STREAM b'tEXt' 62 25
2024-12-10 17:22:56,209 - DEBUG: STREAM b'IDAT' 99 714
2024-12-10 17:22:56,264 - DEBUG: STREAM b'IHDR' 16 13
2024-12-10 17:22:56,264 - DEBUG: STREAM b'pHYs' 41 9
2024-12-10 17:22:56,264 - DEBUG: STREAM b'tEXt' 62 25
2024-12-10 17:22:56,264 - DEBUG: STREAM b'IDAT' 99 698
2024-12-10 17:22:56,328 - DEBUG: STREAM b'IHDR' 16 13
2024-12-10 17:22:56,328 - DEBUG: STREAM b'pHYs' 41 9
2024-12-10 17:22:56,328 - DEBUG: STREAM b'tEXt' 62 25
2024-12-10 17:22:56,328 - DEBUG: STREAM b'IDAT' 99 714
2024-12-10 17:22:56,379 - DEBUG: STREAM b'IHDR' 16 13
2024-12-10 17:22:56,379 - DEBUG: STREAM b'pHYs' 41 9
2024-12-10 17:22:56,379 - DEBUG: STREAM b'tEXt' 62 25
2024-12-10 17:22:56,379 - DEBUG: STREAM b'IDAT' 99 698
2024-12-10 17:22:56,453 - DEBUG: STREAM b'IHDR' 16 13
2024-12-10 17:22:56,453 - DEBUG: STREAM b'pHYs' 41 9
2024-12-10 17:22:56,453 - DEBUG: STREAM b'tEXt' 62 25
2024-12-10 17:22:56,453 - DEBUG: STREAM b'IDAT' 99 714
2024-12-10 17:22:56,533 - DEBUG: STREAM b'IHDR' 16 13
2024-12-10 17:22:56,533 - DEBUG: STREAM b'pHYs' 41 9
2024-12-10 17:22:56,538 - DEBUG: STREAM b'tEXt' 62 25
2024-12-10 17:22:56,538 - DEBUG: STREAM b'IDAT' 99 698
2024-12-10 17:22:56,613 - DEBUG: STREAM b'IHDR' 16 13
2024-12-10 17:22:56,613 - DEBUG: STREAM b'pHYs' 41 9
2024-12-10 17:22:56,613 - DEBUG: STREAM b'tEXt' 62 25
2024-12-10 17:22:56,613 - DEBUG: STREAM b'IDAT' 99 714
2024-12-10 17:22:56,697 - DEBUG: STREAM b'IHDR' 16 13
2024-12-10 17:22:56,697 - DEBUG: STREAM b'pHYs' 41 9
2024-12-10 17:22:56,697 - DEBUG: STREAM b'tEXt' 62 25
2024-12-10 17:22:56,697 - DEBUG: STREAM b'IDAT' 99 698
2024-12-10 17:22:56,765 - DEBUG: STREAM b'IHDR' 16 13
2024-12-10 17:22:56,765 - DEBUG: STREAM b'pHYs' 41 9
2024-12-10 17:22:56,765 - DEBUG: STREAM b'tEXt' 62 25
2024-12-10 17:22:56,765 - DEBUG: STREAM b'IDAT' 99 714
2024-12-10 17:22:56,899 - DEBUG: STREAM b'IHDR' 16 13
2024-12-10 17:22:56,899 - DEBUG: STREAM b'pHYs' 41 9
2024-12-10 17:22:56,899 - DEBUG: STREAM b'tEXt' 62 25
2024-12-10 17:22:56,899 - DEBUG: STREAM b'IDAT' 99 698
2024-12-10 17:22:56,942 - DEBUG: STREAM b'IHDR' 16 13
2024-12-10 17:22:56,942 - DEBUG: STREAM b'pHYs' 41 9
2024-12-10 17:22:56,942 - DEBUG: STREAM b'tEXt' 62 25
2024-12-10 17:22:56,946 - DEBUG: STREAM b'IDAT' 99 714
2024-12-10 17:22:58,520 - DEBUG: STREAM b'IHDR' 16 13
2024-12-10 17:22:58,520 - DEBUG: STREAM b'pHYs' 41 9
2024-12-10 17:22:58,520 - DEBUG: STREAM b'tEXt' 62 25
2024-12-10 17:22:58,520 - DEBUG: STREAM b'IDAT' 99 698
2024-12-10 17:22:58,563 - DEBUG: STREAM b'IHDR' 16 13
2024-12-10 17:22:58,563 - DEBUG: STREAM b'pHYs' 41 9
2024-12-10 17:22:58,563 - DEBUG: STREAM b'tEXt' 62 25
2024-12-10 17:22:58,563 - DEBUG: STREAM b'IDAT' 99 714
2024-12-10 17:22:58,590 - DEBUG: STREAM b'IHDR' 16 13
2024-12-10 17:22:58,592 - DEBUG: STREAM b'pHYs' 41 9
2024-12-10 17:22:58,592 - DEBUG: STREAM b'tEXt' 62 25
2024-12-10 17:22:58,592 - DEBUG: STREAM b'IDAT' 99 698
2024-12-10 17:22:58,639 - DEBUG: STREAM b'IHDR' 16 13
2024-12-10 17:22:58,639 - DEBUG: STREAM b'pHYs' 41 9
2024-12-10 17:22:58,639 - DEBUG: STREAM b'tEXt' 62 25
2024-12-10 17:22:58,639 - DEBUG: STREAM b'IDAT' 99 714
2024-12-10 17:22:58,695 - DEBUG: STREAM b'IHDR' 16 13
2024-12-10 17:22:58,695 - DEBUG: STREAM b'pHYs' 41 9
2024-12-10 17:22:58,695 - DEBUG: STREAM b'tEXt' 62 25
2024-12-10 17:22:58,695 - DEBUG: STREAM b'IDAT' 99 698
2024-12-10 17:22:58,735 - DEBUG: STREAM b'IHDR' 16 13
2024-12-10 17:22:58,735 - DEBUG: STREAM b'pHYs' 41 9
2024-12-10 17:22:58,735 - DEBUG: STREAM b'tEXt' 62 25
2024-12-10 17:22:58,735 - DEBUG: STREAM b'IDAT' 99 714
2024-12-10 17:22:58,760 - DEBUG: STREAM b'IHDR' 16 13
2024-12-10 17:22:58,760 - DEBUG: STREAM b'pHYs' 41 9
2024-12-10 17:22:58,760 - DEBUG: STREAM b'tEXt' 62 25
2024-12-10 17:22:58,762 - DEBUG: STREAM b'IDAT' 99 698
2024-12-10 17:22:58,822 - DEBUG: STREAM b'IHDR' 16 13
2024-12-10 17:22:58,822 - DEBUG: STREAM b'pHYs' 41 9
2024-12-10 17:22:58,822 - DEBUG: STREAM b'tEXt' 62 25
2024-12-10 17:22:58,822 - DEBUG: STREAM b'IDAT' 99 714
2024-12-10 17:22:58,845 - DEBUG: STREAM b'IHDR' 16 13
2024-12-10 17:22:58,845 - DEBUG: STREAM b'pHYs' 41 9
2024-12-10 17:22:58,845 - DEBUG: STREAM b'tEXt' 62 25
2024-12-10 17:22:58,845 - DEBUG: STREAM b'IDAT' 99 698
2024-12-10 17:22:58,930 - DEBUG: STREAM b'IHDR' 16 13
2024-12-10 17:22:58,930 - DEBUG: STREAM b'pHYs' 41 9
2024-12-10 17:22:58,930 - DEBUG: STREAM b'tEXt' 62 25
2024-12-10 17:22:58,930 - DEBUG: STREAM b'IDAT' 99 714
2024-12-10 17:22:59,001 - DEBUG: STREAM b'IHDR' 16 13
2024-12-10 17:22:59,001 - DEBUG: STREAM b'pHYs' 41 9
2024-12-10 17:22:59,001 - DEBUG: STREAM b'tEXt' 62 25
2024-12-10 17:22:59,001 - DEBUG: STREAM b'IDAT' 99 698
2024-12-10 17:22:59,076 - DEBUG: STREAM b'IHDR' 16 13
2024-12-10 17:22:59,076 - DEBUG: STREAM b'pHYs' 41 9
2024-12-10 17:22:59,076 - DEBUG: STREAM b'tEXt' 62 25
2024-12-10 17:22:59,076 - DEBUG: STREAM b'IDAT' 99 714
2024-12-10 17:22:59,104 - DEBUG: STREAM b'IHDR' 16 13
2024-12-10 17:22:59,104 - DEBUG: STREAM b'pHYs' 41 9
2024-12-10 17:22:59,104 - DEBUG: STREAM b'tEXt' 62 25
2024-12-10 17:22:59,104 - DEBUG: STREAM b'IDAT' 99 698
2024-12-10 17:22:59,168 - DEBUG: STREAM b'IHDR' 16 13
2024-12-10 17:22:59,168 - DEBUG: STREAM b'pHYs' 41 9
2024-12-10 17:22:59,168 - DEBUG: STREAM b'tEXt' 62 25
2024-12-10 17:22:59,168 - DEBUG: STREAM b'IDAT' 99 714
2024-12-10 17:22:59,215 - DEBUG: STREAM b'IHDR' 16 13
2024-12-10 17:22:59,215 - DEBUG: STREAM b'pHYs' 41 9
2024-12-10 17:22:59,215 - DEBUG: STREAM b'tEXt' 62 25
2024-12-10 17:22:59,215 - DEBUG: STREAM b'IDAT' 99 698
2024-12-10 17:22:59,279 - DEBUG: STREAM b'IHDR' 16 13
2024-12-10 17:22:59,279 - DEBUG: STREAM b'pHYs' 41 9
2024-12-10 17:22:59,279 - DEBUG: STREAM b'tEXt' 62 25
2024-12-10 17:22:59,279 - DEBUG: STREAM b'IDAT' 99 714
2024-12-10 17:22:59,335 - DEBUG: STREAM b'IHDR' 16 13
2024-12-10 17:22:59,335 - DEBUG: STREAM b'pHYs' 41 9
2024-12-10 17:22:59,335 - DEBUG: STREAM b'tEXt' 62 25
2024-12-10 17:22:59,335 - DEBUG: STREAM b'IDAT' 99 698
2024-12-10 17:22:59,419 - DEBUG: STREAM b'IHDR' 16 13
2024-12-10 17:22:59,419 - DEBUG: STREAM b'pHYs' 41 9
2024-12-10 17:22:59,419 - DEBUG: STREAM b'tEXt' 62 25
2024-12-10 17:22:59,419 - DEBUG: STREAM b'IDAT' 99 714
2024-12-10 17:22:59,446 - DEBUG: STREAM b'IHDR' 16 13
2024-12-10 17:22:59,446 - DEBUG: STREAM b'pHYs' 41 9
2024-12-10 17:22:59,446 - DEBUG: STREAM b'tEXt' 62 25
2024-12-10 17:22:59,446 - DEBUG: STREAM b'IDAT' 99 698
2024-12-10 17:22:59,503 - DEBUG: STREAM b'IHDR' 16 13
2024-12-10 17:22:59,503 - DEBUG: STREAM b'pHYs' 41 9
2024-12-10 17:22:59,503 - DEBUG: STREAM b'tEXt' 62 25
2024-12-10 17:22:59,503 - DEBUG: STREAM b'IDAT' 99 714
2024-12-10 17:22:59,633 - DEBUG: STREAM b'IHDR' 16 13
2024-12-10 17:22:59,633 - DEBUG: STREAM b'pHYs' 41 9
2024-12-10 17:22:59,633 - DEBUG: STREAM b'tEXt' 62 25
2024-12-10 17:22:59,633 - DEBUG: STREAM b'IDAT' 99 698
2024-12-10 17:22:59,746 - DEBUG: STREAM b'IHDR' 16 13
2024-12-10 17:22:59,746 - DEBUG: STREAM b'pHYs' 41 9
2024-12-10 17:22:59,746 - DEBUG: STREAM b'tEXt' 62 25
2024-12-10 17:22:59,746 - DEBUG: STREAM b'IDAT' 99 714
2024-12-10 17:22:59,856 - DEBUG: STREAM b'IHDR' 16 13
2024-12-10 17:22:59,860 - DEBUG: STREAM b'pHYs' 41 9
2024-12-10 17:22:59,860 - DEBUG: STREAM b'tEXt' 62 25
2024-12-10 17:22:59,860 - DEBUG: STREAM b'IDAT' 99 698
2024-12-10 17:22:59,954 - DEBUG: STREAM b'IHDR' 16 13
2024-12-10 17:22:59,954 - DEBUG: STREAM b'pHYs' 41 9
2024-12-10 17:22:59,954 - DEBUG: STREAM b'tEXt' 62 25
2024-12-10 17:22:59,954 - DEBUG: STREAM b'IDAT' 99 714
2024-12-10 17:23:00,040 - DEBUG: STREAM b'IHDR' 16 13
2024-12-10 17:23:00,042 - DEBUG: STREAM b'pHYs' 41 9
2024-12-10 17:23:00,042 - DEBUG: STREAM b'tEXt' 62 25
2024-12-10 17:23:00,042 - DEBUG: STREAM b'IDAT' 99 698
2024-12-10 17:23:00,210 - DEBUG: STREAM b'IHDR' 16 13
2024-12-10 17:23:00,210 - DEBUG: STREAM b'pHYs' 41 9
2024-12-10 17:23:00,210 - DEBUG: STREAM b'tEXt' 62 25
2024-12-10 17:23:00,210 - DEBUG: STREAM b'IDAT' 99 714
2024-12-10 17:23:00,302 - DEBUG: STREAM b'IHDR' 16 13
2024-12-10 17:23:00,302 - DEBUG: STREAM b'pHYs' 41 9
2024-12-10 17:23:00,302 - DEBUG: STREAM b'tEXt' 62 25
2024-12-10 17:23:00,302 - DEBUG: STREAM b'IDAT' 99 698
2024-12-10 17:23:00,380 - DEBUG: STREAM b'IHDR' 16 13
2024-12-10 17:23:00,380 - DEBUG: STREAM b'pHYs' 41 9
2024-12-10 17:23:00,380 - DEBUG: STREAM b'tEXt' 62 25
2024-12-10 17:23:00,380 - DEBUG: STREAM b'IDAT' 99 714
2024-12-10 17:23:00,417 - DEBUG: STREAM b'IHDR' 16 13
2024-12-10 17:23:00,417 - DEBUG: STREAM b'pHYs' 41 9
2024-12-10 17:23:00,417 - DEBUG: STREAM b'tEXt' 62 25
2024-12-10 17:23:00,417 - DEBUG: STREAM b'IDAT' 99 698
2024-12-10 17:23:00,493 - DEBUG: STREAM b'IHDR' 16 13
2024-12-10 17:23:00,493 - DEBUG: STREAM b'pHYs' 41 9
2024-12-10 17:23:00,493 - DEBUG: STREAM b'tEXt' 62 25
2024-12-10 17:23:00,493 - DEBUG: STREAM b'IDAT' 99 714
2024-12-10 17:23:00,587 - DEBUG: STREAM b'IHDR' 16 13
2024-12-10 17:23:00,587 - DEBUG: STREAM b'pHYs' 41 9
2024-12-10 17:23:00,587 - DEBUG: STREAM b'tEXt' 62 25
2024-12-10 17:23:00,587 - DEBUG: STREAM b'IDAT' 99 698
2024-12-10 17:23:00,652 - DEBUG: STREAM b'IHDR' 16 13
2024-12-10 17:23:00,652 - DEBUG: STREAM b'pHYs' 41 9
2024-12-10 17:23:00,652 - DEBUG: STREAM b'tEXt' 62 25
2024-12-10 17:23:00,652 - DEBUG: STREAM b'IDAT' 99 714
2024-12-10 17:23:00,767 - DEBUG: STREAM b'IHDR' 16 13
2024-12-10 17:23:00,767 - DEBUG: STREAM b'pHYs' 41 9
2024-12-10 17:23:00,767 - DEBUG: STREAM b'tEXt' 62 25
2024-12-10 17:23:00,767 - DEBUG: STREAM b'IDAT' 99 698
2024-12-10 17:23:00,843 - DEBUG: STREAM b'IHDR' 16 13
2024-12-10 17:23:00,852 - DEBUG: STREAM b'pHYs' 41 9
2024-12-10 17:23:00,852 - DEBUG: STREAM b'tEXt' 62 25
2024-12-10 17:23:00,852 - DEBUG: STREAM b'IDAT' 99 714
2024-12-10 17:23:00,937 - DEBUG: STREAM b'IHDR' 16 13
2024-12-10 17:23:00,937 - DEBUG: STREAM b'pHYs' 41 9
2024-12-10 17:23:00,937 - DEBUG: STREAM b'tEXt' 62 25
2024-12-10 17:23:00,937 - DEBUG: STREAM b'IDAT' 99 698
2024-12-10 17:23:01,004 - DEBUG: STREAM b'IHDR' 16 13
2024-12-10 17:23:01,004 - DEBUG: STREAM b'pHYs' 41 9
2024-12-10 17:23:01,006 - DEBUG: STREAM b'tEXt' 62 25
2024-12-10 17:23:01,006 - DEBUG: STREAM b'IDAT' 99 714
2024-12-10 17:23:01,178 - DEBUG: STREAM b'IHDR' 16 13
2024-12-10 17:23:01,178 - DEBUG: STREAM b'pHYs' 41 9
2024-12-10 17:23:01,178 - DEBUG: STREAM b'tEXt' 62 25
2024-12-10 17:23:01,178 - DEBUG: STREAM b'IDAT' 99 698
2024-12-10 17:23:01,224 - DEBUG: STREAM b'IHDR' 16 13
2024-12-10 17:23:01,224 - DEBUG: STREAM b'pHYs' 41 9
2024-12-10 17:23:01,224 - DEBUG: STREAM b'tEXt' 62 25
2024-12-10 17:23:01,224 - DEBUG: STREAM b'IDAT' 99 714
2024-12-10 17:23:01,339 - DEBUG: STREAM b'IHDR' 16 13
2024-12-10 17:23:01,339 - DEBUG: STREAM b'pHYs' 41 9
2024-12-10 17:23:01,341 - DEBUG: STREAM b'tEXt' 62 25
2024-12-10 17:23:01,341 - DEBUG: STREAM b'IDAT' 99 698
2024-12-10 17:23:01,411 - DEBUG: STREAM b'IHDR' 16 13
2024-12-10 17:23:01,411 - DEBUG: STREAM b'pHYs' 41 9
2024-12-10 17:23:01,413 - DEBUG: STREAM b'tEXt' 62 25
2024-12-10 17:23:01,413 - DEBUG: STREAM b'IDAT' 99 714
2024-12-10 17:23:01,545 - DEBUG: STREAM b'IHDR' 16 13
2024-12-10 17:23:01,545 - DEBUG: STREAM b'pHYs' 41 9
2024-12-10 17:23:01,545 - DEBUG: STREAM b'tEXt' 62 25
2024-12-10 17:23:01,547 - DEBUG: STREAM b'IDAT' 99 698
2024-12-10 17:23:01,604 - DEBUG: STREAM b'IHDR' 16 13
2024-12-10 17:23:01,606 - DEBUG: STREAM b'pHYs' 41 9
2024-12-10 17:23:01,606 - DEBUG: STREAM b'tEXt' 62 25
2024-12-10 17:23:01,606 - DEBUG: STREAM b'IDAT' 99 714
2024-12-10 17:23:01,798 - DEBUG: STREAM b'IHDR' 16 13
2024-12-10 17:23:01,798 - DEBUG: STREAM b'pHYs' 41 9
2024-12-10 17:23:01,798 - DEBUG: STREAM b'tEXt' 62 25
2024-12-10 17:23:01,798 - DEBUG: STREAM b'IDAT' 99 698
2024-12-10 17:23:01,853 - DEBUG: STREAM b'IHDR' 16 13
2024-12-10 17:23:01,853 - DEBUG: STREAM b'pHYs' 41 9
2024-12-10 17:23:01,853 - DEBUG: STREAM b'tEXt' 62 25
2024-12-10 17:23:01,853 - DEBUG: STREAM b'IDAT' 99 714
2024-12-10 17:23:02,048 - DEBUG: STREAM b'IHDR' 16 13
2024-12-10 17:23:02,050 - DEBUG: STREAM b'pHYs' 41 9
2024-12-10 17:23:02,050 - DEBUG: STREAM b'tEXt' 62 25
2024-12-10 17:23:02,050 - DEBUG: STREAM b'IDAT' 99 698
2024-12-10 17:23:02,122 - DEBUG: STREAM b'IHDR' 16 13
2024-12-10 17:23:02,122 - DEBUG: STREAM b'pHYs' 41 9
2024-12-10 17:23:02,122 - DEBUG: STREAM b'tEXt' 62 25
2024-12-10 17:23:02,122 - DEBUG: STREAM b'IDAT' 99 714
2024-12-10 17:23:02,282 - DEBUG: STREAM b'IHDR' 16 13
2024-12-10 17:23:02,282 - DEBUG: STREAM b'pHYs' 41 9
2024-12-10 17:23:02,282 - DEBUG: STREAM b'tEXt' 62 25
2024-12-10 17:23:02,282 - DEBUG: STREAM b'IDAT' 99 698
2024-12-10 17:23:02,346 - DEBUG: STREAM b'IHDR' 16 13
2024-12-10 17:23:02,346 - DEBUG: STREAM b'pHYs' 41 9
2024-12-10 17:23:02,346 - DEBUG: STREAM b'tEXt' 62 25
2024-12-10 17:23:02,346 - DEBUG: STREAM b'IDAT' 99 714
2024-12-10 17:23:02,466 - DEBUG: STREAM b'IHDR' 16 13
2024-12-10 17:23:02,466 - DEBUG: STREAM b'pHYs' 41 9
2024-12-10 17:23:02,466 - DEBUG: STREAM b'tEXt' 62 25
2024-12-10 17:23:02,466 - DEBUG: STREAM b'IDAT' 99 698
2024-12-10 17:23:02,540 - DEBUG: STREAM b'IHDR' 16 13
2024-12-10 17:23:02,540 - DEBUG: STREAM b'pHYs' 41 9
2024-12-10 17:23:02,540 - DEBUG: STREAM b'tEXt' 62 25
2024-12-10 17:23:02,540 - DEBUG: STREAM b'IDAT' 99 714
2024-12-10 17:23:02,735 - DEBUG: STREAM b'IHDR' 16 13
2024-12-10 17:23:02,737 - DEBUG: STREAM b'pHYs' 41 9
2024-12-10 17:23:02,737 - DEBUG: STREAM b'tEXt' 62 25
2024-12-10 17:23:02,737 - DEBUG: STREAM b'IDAT' 99 698
2024-12-10 17:23:02,806 - DEBUG: STREAM b'IHDR' 16 13
2024-12-10 17:23:02,806 - DEBUG: STREAM b'pHYs' 41 9
2024-12-10 17:23:02,806 - DEBUG: STREAM b'tEXt' 62 25
2024-12-10 17:23:02,806 - DEBUG: STREAM b'IDAT' 99 714
2024-12-10 17:23:02,963 - DEBUG: STREAM b'IHDR' 16 13
2024-12-10 17:23:02,963 - DEBUG: STREAM b'pHYs' 41 9
2024-12-10 17:23:02,963 - DEBUG: STREAM b'tEXt' 62 25
2024-12-10 17:23:02,963 - DEBUG: STREAM b'IDAT' 99 698
2024-12-10 17:23:03,029 - DEBUG: STREAM b'IHDR' 16 13
2024-12-10 17:23:03,029 - DEBUG: STREAM b'pHYs' 41 9
2024-12-10 17:23:03,029 - DEBUG: STREAM b'tEXt' 62 25
2024-12-10 17:23:03,029 - DEBUG: STREAM b'IDAT' 99 714
2024-12-10 17:23:03,158 - DEBUG: STREAM b'IHDR' 16 13
2024-12-10 17:23:03,158 - DEBUG: STREAM b'pHYs' 41 9
2024-12-10 17:23:03,158 - DEBUG: STREAM b'tEXt' 62 25
2024-12-10 17:23:03,159 - DEBUG: STREAM b'IDAT' 99 698
2024-12-10 17:23:03,257 - DEBUG: STREAM b'IHDR' 16 13
2024-12-10 17:23:03,257 - DEBUG: STREAM b'pHYs' 41 9
2024-12-10 17:23:03,257 - DEBUG: STREAM b'tEXt' 62 25
2024-12-10 17:23:03,257 - DEBUG: STREAM b'IDAT' 99 714
2024-12-10 17:23:03,601 - DEBUG: STREAM b'IHDR' 16 13
2024-12-10 17:23:03,601 - DEBUG: STREAM b'pHYs' 41 9
2024-12-10 17:23:03,601 - DEBUG: STREAM b'tEXt' 62 25
2024-12-10 17:23:03,601 - DEBUG: STREAM b'IDAT' 99 698
2024-12-10 17:23:03,648 - DEBUG: STREAM b'IHDR' 16 13
2024-12-10 17:23:03,648 - DEBUG: STREAM b'pHYs' 41 9
2024-12-10 17:23:03,648 - DEBUG: STREAM b'tEXt' 62 25
2024-12-10 17:23:03,648 - DEBUG: STREAM b'IDAT' 99 714
2024-12-10 17:23:03,838 - DEBUG: STREAM b'IHDR' 16 13
2024-12-10 17:23:03,838 - DEBUG: STREAM b'pHYs' 41 9
2024-12-10 17:23:03,838 - DEBUG: STREAM b'tEXt' 62 25
2024-12-10 17:23:03,838 - DEBUG: STREAM b'IDAT' 99 698
2024-12-10 17:23:03,914 - DEBUG: STREAM b'IHDR' 16 13
2024-12-10 17:23:03,915 - DEBUG: STREAM b'pHYs' 41 9
2024-12-10 17:23:03,915 - DEBUG: STREAM b'tEXt' 62 25
2024-12-10 17:23:03,915 - DEBUG: STREAM b'IDAT' 99 714
2024-12-10 17:23:04,045 - DEBUG: STREAM b'IHDR' 16 13
2024-12-10 17:23:04,045 - DEBUG: STREAM b'pHYs' 41 9
2024-12-10 17:23:04,045 - DEBUG: STREAM b'tEXt' 62 25
2024-12-10 17:23:04,045 - DEBUG: STREAM b'IDAT' 99 698
2024-12-10 17:23:04,127 - DEBUG: STREAM b'IHDR' 16 13
2024-12-10 17:23:04,129 - DEBUG: STREAM b'pHYs' 41 9
2024-12-10 17:23:04,129 - DEBUG: STREAM b'tEXt' 62 25
2024-12-10 17:23:04,129 - DEBUG: STREAM b'IDAT' 99 714
2024-12-10 17:23:04,315 - DEBUG: STREAM b'IHDR' 16 13
2024-12-10 17:23:04,315 - DEBUG: STREAM b'pHYs' 41 9
2024-12-10 17:23:04,315 - DEBUG: STREAM b'tEXt' 62 25
2024-12-10 17:23:04,315 - DEBUG: STREAM b'IDAT' 99 698
2024-12-10 17:23:04,400 - DEBUG: STREAM b'IHDR' 16 13
2024-12-10 17:23:04,400 - DEBUG: STREAM b'pHYs' 41 9
2024-12-10 17:23:04,400 - DEBUG: STREAM b'tEXt' 62 25
2024-12-10 17:23:04,405 - DEBUG: STREAM b'IDAT' 99 714
2024-12-10 17:23:04,552 - DEBUG: STREAM b'IHDR' 16 13
2024-12-10 17:23:04,552 - DEBUG: STREAM b'pHYs' 41 9
2024-12-10 17:23:04,552 - DEBUG: STREAM b'tEXt' 62 25
2024-12-10 17:23:04,552 - DEBUG: STREAM b'IDAT' 99 698
2024-12-10 17:23:04,607 - DEBUG: STREAM b'IHDR' 16 13
2024-12-10 17:23:04,607 - DEBUG: STREAM b'pHYs' 41 9
2024-12-10 17:23:04,607 - DEBUG: STREAM b'tEXt' 62 25
2024-12-10 17:23:04,607 - DEBUG: STREAM b'IDAT' 99 714
2024-12-10 17:23:04,771 - DEBUG: STREAM b'IHDR' 16 13
2024-12-10 17:23:04,771 - DEBUG: STREAM b'pHYs' 41 9
2024-12-10 17:23:04,771 - DEBUG: STREAM b'tEXt' 62 25
2024-12-10 17:23:04,771 - DEBUG: STREAM b'IDAT' 99 698
2024-12-10 17:23:04,833 - DEBUG: STREAM b'IHDR' 16 13
2024-12-10 17:23:04,833 - DEBUG: STREAM b'pHYs' 41 9
2024-12-10 17:23:04,833 - DEBUG: STREAM b'tEXt' 62 25
2024-12-10 17:23:04,833 - DEBUG: STREAM b'IDAT' 99 714
2024-12-10 17:23:05,002 - DEBUG: STREAM b'IHDR' 16 13
2024-12-10 17:23:05,002 - DEBUG: STREAM b'pHYs' 41 9
2024-12-10 17:23:05,002 - DEBUG: STREAM b'tEXt' 62 25
2024-12-10 17:23:05,002 - DEBUG: STREAM b'IDAT' 99 698
2024-12-10 17:23:05,073 - DEBUG: STREAM b'IHDR' 16 13
2024-12-10 17:23:05,073 - DEBUG: STREAM b'pHYs' 41 9
2024-12-10 17:23:05,073 - DEBUG: STREAM b'tEXt' 62 25
2024-12-10 17:23:05,073 - DEBUG: STREAM b'IDAT' 99 714
2024-12-10 17:23:05,284 - DEBUG: STREAM b'IHDR' 16 13
2024-12-10 17:23:05,284 - DEBUG: STREAM b'pHYs' 41 9
2024-12-10 17:23:05,284 - DEBUG: STREAM b'tEXt' 62 25
2024-12-10 17:23:05,284 - DEBUG: STREAM b'IDAT' 99 698
2024-12-10 17:23:05,326 - DEBUG: STREAM b'IHDR' 16 13
2024-12-10 17:23:05,326 - DEBUG: STREAM b'pHYs' 41 9
2024-12-10 17:23:05,326 - DEBUG: STREAM b'tEXt' 62 25
2024-12-10 17:23:05,326 - DEBUG: STREAM b'IDAT' 99 714
2024-12-10 17:23:09,038 - DEBUG: STREAM b'IHDR' 16 13
2024-12-10 17:23:09,038 - DEBUG: STREAM b'pHYs' 41 9
2024-12-10 17:23:09,038 - DEBUG: STREAM b'tEXt' 62 25
2024-12-10 17:23:09,038 - DEBUG: STREAM b'IDAT' 99 698
2024-12-10 17:23:09,116 - DEBUG: STREAM b'IHDR' 16 13
2024-12-10 17:23:09,116 - DEBUG: STREAM b'pHYs' 41 9
2024-12-10 17:23:09,116 - DEBUG: STREAM b'tEXt' 62 25
2024-12-10 17:23:09,116 - DEBUG: STREAM b'IDAT' 99 714
2024-12-10 17:23:09,294 - DEBUG: STREAM b'IHDR' 16 13
2024-12-10 17:23:09,294 - DEBUG: STREAM b'pHYs' 41 9
2024-12-10 17:23:09,294 - DEBUG: STREAM b'tEXt' 62 25
2024-12-10 17:23:09,294 - DEBUG: STREAM b'IDAT' 99 698
2024-12-10 17:23:09,386 - DEBUG: STREAM b'IHDR' 16 13
2024-12-10 17:23:09,386 - DEBUG: STREAM b'pHYs' 41 9
2024-12-10 17:23:09,386 - DEBUG: STREAM b'tEXt' 62 25
2024-12-10 17:23:09,386 - DEBUG: STREAM b'IDAT' 99 714
2024-12-10 17:23:09,487 - DEBUG: STREAM b'IHDR' 16 13
2024-12-10 17:23:09,487 - DEBUG: STREAM b'pHYs' 41 9
2024-12-10 17:23:09,487 - DEBUG: STREAM b'tEXt' 62 25
2024-12-10 17:23:09,487 - DEBUG: STREAM b'IDAT' 99 698
2024-12-10 17:23:09,544 - DEBUG: STREAM b'IHDR' 16 13
2024-12-10 17:23:09,544 - DEBUG: STREAM b'pHYs' 41 9
2024-12-10 17:23:09,544 - DEBUG: STREAM b'tEXt' 62 25
2024-12-10 17:23:09,544 - DEBUG: STREAM b'IDAT' 99 714
2024-12-10 17:23:09,816 - DEBUG: STREAM b'IHDR' 16 13
2024-12-10 17:23:09,816 - DEBUG: STREAM b'pHYs' 41 9
2024-12-10 17:23:09,820 - DEBUG: STREAM b'tEXt' 62 25
2024-12-10 17:23:09,820 - DEBUG: STREAM b'IDAT' 99 698
2024-12-10 17:23:10,011 - DEBUG: STREAM b'IHDR' 16 13
2024-12-10 17:23:10,011 - DEBUG: STREAM b'pHYs' 41 9
2024-12-10 17:23:10,011 - DEBUG: STREAM b'tEXt' 62 25
2024-12-10 17:23:10,011 - DEBUG: STREAM b'IDAT' 99 714
2024-12-10 17:23:10,578 - DEBUG: STREAM b'IHDR' 16 13
2024-12-10 17:23:10,578 - DEBUG: STREAM b'pHYs' 41 9
2024-12-10 17:23:10,578 - DEBUG: STREAM b'tEXt' 62 25
2024-12-10 17:23:10,578 - DEBUG: STREAM b'IDAT' 99 698
2024-12-10 17:23:10,661 - DEBUG: STREAM b'IHDR' 16 13
2024-12-10 17:23:10,661 - DEBUG: STREAM b'pHYs' 41 9
2024-12-10 17:23:10,661 - DEBUG: STREAM b'tEXt' 62 25
2024-12-10 17:23:10,661 - DEBUG: STREAM b'IDAT' 99 714
2024-12-10 17:23:10,818 - DEBUG: STREAM b'IHDR' 16 13
2024-12-10 17:23:10,818 - DEBUG: STREAM b'pHYs' 41 9
2024-12-10 17:23:10,818 - DEBUG: STREAM b'tEXt' 62 25
2024-12-10 17:23:10,818 - DEBUG: STREAM b'IDAT' 99 698
2024-12-10 17:23:10,863 - DEBUG: STREAM b'IHDR' 16 13
2024-12-10 17:23:10,863 - DEBUG: STREAM b'pHYs' 41 9
2024-12-10 17:23:10,863 - DEBUG: STREAM b'tEXt' 62 25
2024-12-10 17:23:10,863 - DEBUG: STREAM b'IDAT' 99 714
2024-12-10 17:23:11,012 - DEBUG: STREAM b'IHDR' 16 13
2024-12-10 17:23:11,012 - DEBUG: STREAM b'pHYs' 41 9
2024-12-10 17:23:11,012 - DEBUG: STREAM b'tEXt' 62 25
2024-12-10 17:23:11,012 - DEBUG: STREAM b'IDAT' 99 698
2024-12-10 17:23:11,065 - DEBUG: STREAM b'IHDR' 16 13
2024-12-10 17:23:11,065 - DEBUG: STREAM b'pHYs' 41 9
2024-12-10 17:23:11,065 - DEBUG: STREAM b'tEXt' 62 25
2024-12-10 17:23:11,065 - DEBUG: STREAM b'IDAT' 99 714
2024-12-10 17:23:11,175 - DEBUG: STREAM b'IHDR' 16 13
2024-12-10 17:23:11,175 - DEBUG: STREAM b'pHYs' 41 9
2024-12-10 17:23:11,175 - DEBUG: STREAM b'tEXt' 62 25
2024-12-10 17:23:11,175 - DEBUG: STREAM b'IDAT' 99 698
2024-12-10 17:23:11,237 - DEBUG: STREAM b'IHDR' 16 13
2024-12-10 17:23:11,237 - DEBUG: STREAM b'pHYs' 41 9
2024-12-10 17:23:11,238 - DEBUG: STREAM b'tEXt' 62 25
2024-12-10 17:23:11,238 - DEBUG: STREAM b'IDAT' 99 714
2024-12-10 17:23:11,429 - DEBUG: STREAM b'IHDR' 16 13
2024-12-10 17:23:11,429 - DEBUG: STREAM b'pHYs' 41 9
2024-12-10 17:23:11,429 - DEBUG: STREAM b'tEXt' 62 25
2024-12-10 17:23:11,429 - DEBUG: STREAM b'IDAT' 99 698
2024-12-10 17:23:11,513 - DEBUG: STREAM b'IHDR' 16 13
2024-12-10 17:23:11,513 - DEBUG: STREAM b'pHYs' 41 9
2024-12-10 17:23:11,513 - DEBUG: STREAM b'tEXt' 62 25
2024-12-10 17:23:11,513 - DEBUG: STREAM b'IDAT' 99 714
2024-12-10 17:23:11,683 - DEBUG: STREAM b'IHDR' 16 13
2024-12-10 17:23:11,683 - DEBUG: STREAM b'pHYs' 41 9
2024-12-10 17:23:11,683 - DEBUG: STREAM b'tEXt' 62 25
2024-12-10 17:23:11,683 - DEBUG: STREAM b'IDAT' 99 698
2024-12-10 17:23:11,778 - DEBUG: STREAM b'IHDR' 16 13
2024-12-10 17:23:11,778 - DEBUG: STREAM b'pHYs' 41 9
2024-12-10 17:23:11,778 - DEBUG: STREAM b'tEXt' 62 25
2024-12-10 17:23:11,778 - DEBUG: STREAM b'IDAT' 99 714
2024-12-10 17:23:11,937 - DEBUG: STREAM b'IHDR' 16 13
2024-12-10 17:23:11,953 - DEBUG: STREAM b'pHYs' 41 9
2024-12-10 17:23:11,953 - DEBUG: STREAM b'tEXt' 62 25
2024-12-10 17:23:11,953 - DEBUG: STREAM b'IDAT' 99 698
2024-12-10 17:23:12,032 - DEBUG: STREAM b'IHDR' 16 13
2024-12-10 17:23:12,032 - DEBUG: STREAM b'pHYs' 41 9
2024-12-10 17:23:12,032 - DEBUG: STREAM b'tEXt' 62 25
2024-12-10 17:23:12,032 - DEBUG: STREAM b'IDAT' 99 714
2024-12-10 17:23:12,181 - DEBUG: STREAM b'IHDR' 16 13
2024-12-10 17:23:12,181 - DEBUG: STREAM b'pHYs' 41 9
2024-12-10 17:23:12,181 - DEBUG: STREAM b'tEXt' 62 25
2024-12-10 17:23:12,183 - DEBUG: STREAM b'IDAT' 99 698
2024-12-10 17:23:12,240 - DEBUG: STREAM b'IHDR' 16 13
2024-12-10 17:23:12,240 - DEBUG: STREAM b'pHYs' 41 9
2024-12-10 17:23:12,240 - DEBUG: STREAM b'tEXt' 62 25
2024-12-10 17:23:12,240 - DEBUG: STREAM b'IDAT' 99 714
2024-12-10 17:23:12,361 - DEBUG: STREAM b'IHDR' 16 13
2024-12-10 17:23:12,361 - DEBUG: STREAM b'pHYs' 41 9
2024-12-10 17:23:12,361 - DEBUG: STREAM b'tEXt' 62 25
2024-12-10 17:23:12,361 - DEBUG: STREAM b'IDAT' 99 698
2024-12-10 17:23:12,419 - DEBUG: STREAM b'IHDR' 16 13
2024-12-10 17:23:12,419 - DEBUG: STREAM b'pHYs' 41 9
2024-12-10 17:23:12,419 - DEBUG: STREAM b'tEXt' 62 25
2024-12-10 17:23:12,419 - DEBUG: STREAM b'IDAT' 99 714
2024-12-10 17:23:12,545 - DEBUG: STREAM b'IHDR' 16 13
2024-12-10 17:23:12,545 - DEBUG: STREAM b'pHYs' 41 9
2024-12-10 17:23:12,545 - DEBUG: STREAM b'tEXt' 62 25
2024-12-10 17:23:12,545 - DEBUG: STREAM b'IDAT' 99 698
2024-12-10 17:23:12,608 - DEBUG: STREAM b'IHDR' 16 13
2024-12-10 17:23:12,608 - DEBUG: STREAM b'pHYs' 41 9
2024-12-10 17:23:12,608 - DEBUG: STREAM b'tEXt' 62 25
2024-12-10 17:23:12,608 - DEBUG: STREAM b'IDAT' 99 714
2024-12-10 17:23:12,774 - DEBUG: STREAM b'IHDR' 16 13
2024-12-10 17:23:12,774 - DEBUG: STREAM b'pHYs' 41 9
2024-12-10 17:23:12,776 - DEBUG: STREAM b'tEXt' 62 25
2024-12-10 17:23:12,776 - DEBUG: STREAM b'IDAT' 99 698
2024-12-10 17:23:12,828 - DEBUG: STREAM b'IHDR' 16 13
2024-12-10 17:23:12,828 - DEBUG: STREAM b'pHYs' 41 9
2024-12-10 17:23:12,828 - DEBUG: STREAM b'tEXt' 62 25
2024-12-10 17:23:12,830 - DEBUG: STREAM b'IDAT' 99 714
2024-12-10 17:23:12,922 - DEBUG: STREAM b'IHDR' 16 13
2024-12-10 17:23:12,922 - DEBUG: STREAM b'pHYs' 41 9
2024-12-10 17:23:12,922 - DEBUG: STREAM b'tEXt' 62 25
2024-12-10 17:23:12,922 - DEBUG: STREAM b'IDAT' 99 698
2024-12-10 17:23:12,969 - DEBUG: STREAM b'IHDR' 16 13
2024-12-10 17:23:12,969 - DEBUG: STREAM b'pHYs' 41 9
2024-12-10 17:23:12,969 - DEBUG: STREAM b'tEXt' 62 25
2024-12-10 17:23:12,969 - DEBUG: STREAM b'IDAT' 99 714
2024-12-10 17:23:13,164 - DEBUG: STREAM b'IHDR' 16 13
2024-12-10 17:23:13,164 - DEBUG: STREAM b'pHYs' 41 9
2024-12-10 17:23:13,164 - DEBUG: STREAM b'tEXt' 62 25
2024-12-10 17:23:13,164 - DEBUG: STREAM b'IDAT' 99 698
2024-12-10 17:23:13,225 - DEBUG: STREAM b'IHDR' 16 13
2024-12-10 17:23:13,225 - DEBUG: STREAM b'pHYs' 41 9
2024-12-10 17:23:13,225 - DEBUG: STREAM b'tEXt' 62 25
2024-12-10 17:23:13,225 - DEBUG: STREAM b'IDAT' 99 714
2024-12-10 17:23:13,478 - DEBUG: STREAM b'IHDR' 16 13
2024-12-10 17:23:13,478 - DEBUG: STREAM b'pHYs' 41 9
2024-12-10 17:23:13,478 - DEBUG: STREAM b'tEXt' 62 25
2024-12-10 17:23:13,478 - DEBUG: STREAM b'IDAT' 99 698
2024-12-10 17:23:13,552 - DEBUG: STREAM b'IHDR' 16 13
2024-12-10 17:23:13,552 - DEBUG: STREAM b'pHYs' 41 9
2024-12-10 17:23:13,554 - DEBUG: STREAM b'tEXt' 62 25
2024-12-10 17:23:13,554 - DEBUG: STREAM b'IDAT' 99 714
2024-12-10 17:23:16,493 - DEBUG: STREAM b'IHDR' 16 13
2024-12-10 17:23:16,493 - DEBUG: STREAM b'pHYs' 41 9
2024-12-10 17:23:16,493 - DEBUG: STREAM b'tEXt' 62 25
2024-12-10 17:23:16,493 - DEBUG: STREAM b'IDAT' 99 698
2024-12-10 17:23:16,570 - DEBUG: STREAM b'IHDR' 16 13
2024-12-10 17:23:16,570 - DEBUG: STREAM b'pHYs' 41 9
2024-12-10 17:23:16,570 - DEBUG: STREAM b'tEXt' 62 25
2024-12-10 17:23:16,570 - DEBUG: STREAM b'IDAT' 99 714
2024-12-10 17:23:16,602 - DEBUG: STREAM b'IHDR' 16 13
2024-12-10 17:23:16,602 - DEBUG: STREAM b'pHYs' 41 9
2024-12-10 17:23:16,602 - DEBUG: STREAM b'tEXt' 62 25
2024-12-10 17:23:16,602 - DEBUG: STREAM b'IDAT' 99 698
2024-12-10 17:23:16,650 - DEBUG: STREAM b'IHDR' 16 13
2024-12-10 17:23:16,650 - DEBUG: STREAM b'pHYs' 41 9
2024-12-10 17:23:16,650 - DEBUG: STREAM b'tEXt' 62 25
2024-12-10 17:23:16,650 - DEBUG: STREAM b'IDAT' 99 714
2024-12-10 17:23:16,698 - DEBUG: STREAM b'IHDR' 16 13
2024-12-10 17:23:16,698 - DEBUG: STREAM b'pHYs' 41 9
2024-12-10 17:23:16,698 - DEBUG: STREAM b'tEXt' 62 25
2024-12-10 17:23:16,698 - DEBUG: STREAM b'IDAT' 99 698
2024-12-10 17:23:16,745 - DEBUG: STREAM b'IHDR' 16 13
2024-12-10 17:23:16,745 - DEBUG: STREAM b'pHYs' 41 9
2024-12-10 17:23:16,745 - DEBUG: STREAM b'tEXt' 62 25
2024-12-10 17:23:16,745 - DEBUG: STREAM b'IDAT' 99 714
2024-12-10 17:23:16,825 - DEBUG: STREAM b'IHDR' 16 13
2024-12-10 17:23:16,825 - DEBUG: STREAM b'pHYs' 41 9
2024-12-10 17:23:16,825 - DEBUG: STREAM b'tEXt' 62 25
2024-12-10 17:23:16,825 - DEBUG: STREAM b'IDAT' 99 698
2024-12-10 17:23:16,894 - DEBUG: STREAM b'IHDR' 16 13
2024-12-10 17:23:16,894 - DEBUG: STREAM b'pHYs' 41 9
2024-12-10 17:23:16,896 - DEBUG: STREAM b'tEXt' 62 25
2024-12-10 17:23:16,896 - DEBUG: STREAM b'IDAT' 99 714
2024-12-10 17:23:16,924 - DEBUG: STREAM b'IHDR' 16 13
2024-12-10 17:23:16,924 - DEBUG: STREAM b'pHYs' 41 9
2024-12-10 17:23:16,924 - DEBUG: STREAM b'tEXt' 62 25
2024-12-10 17:23:16,924 - DEBUG: STREAM b'IDAT' 99 698
2024-12-10 17:23:16,968 - DEBUG: STREAM b'IHDR' 16 13
2024-12-10 17:23:16,968 - DEBUG: STREAM b'pHYs' 41 9
2024-12-10 17:23:16,968 - DEBUG: STREAM b'tEXt' 62 25
2024-12-10 17:23:16,968 - DEBUG: STREAM b'IDAT' 99 714
2024-12-10 17:23:17,066 - DEBUG: STREAM b'IHDR' 16 13
2024-12-10 17:23:17,066 - DEBUG: STREAM b'pHYs' 41 9
2024-12-10 17:23:17,066 - DEBUG: STREAM b'tEXt' 62 25
2024-12-10 17:23:17,066 - DEBUG: STREAM b'IDAT' 99 698
2024-12-10 17:23:17,127 - DEBUG: STREAM b'IHDR' 16 13
2024-12-10 17:23:17,127 - DEBUG: STREAM b'pHYs' 41 9
2024-12-10 17:23:17,127 - DEBUG: STREAM b'tEXt' 62 25
2024-12-10 17:23:17,127 - DEBUG: STREAM b'IDAT' 99 714
2024-12-10 17:23:17,146 - DEBUG: STREAM b'IHDR' 16 13
2024-12-10 17:23:17,146 - DEBUG: STREAM b'pHYs' 41 9
2024-12-10 17:23:17,146 - DEBUG: STREAM b'tEXt' 62 25
2024-12-10 17:23:17,146 - DEBUG: STREAM b'IDAT' 99 698
2024-12-10 17:23:17,206 - DEBUG: STREAM b'IHDR' 16 13
2024-12-10 17:23:17,206 - DEBUG: STREAM b'pHYs' 41 9
2024-12-10 17:23:17,206 - DEBUG: STREAM b'tEXt' 62 25
2024-12-10 17:23:17,206 - DEBUG: STREAM b'IDAT' 99 714
2024-12-10 17:23:17,227 - DEBUG: STREAM b'IHDR' 16 13
2024-12-10 17:23:17,227 - DEBUG: STREAM b'pHYs' 41 9
2024-12-10 17:23:17,227 - DEBUG: STREAM b'tEXt' 62 25
2024-12-10 17:23:17,227 - DEBUG: STREAM b'IDAT' 99 698
2024-12-10 17:23:17,270 - DEBUG: STREAM b'IHDR' 16 13
2024-12-10 17:23:17,270 - DEBUG: STREAM b'pHYs' 41 9
2024-12-10 17:23:17,270 - DEBUG: STREAM b'tEXt' 62 25
2024-12-10 17:23:17,270 - DEBUG: STREAM b'IDAT' 99 714
2024-12-10 17:23:17,287 - DEBUG: STREAM b'IHDR' 16 13
2024-12-10 17:23:17,287 - DEBUG: STREAM b'pHYs' 41 9
2024-12-10 17:23:17,287 - DEBUG: STREAM b'tEXt' 62 25
2024-12-10 17:23:17,287 - DEBUG: STREAM b'IDAT' 99 698
2024-12-10 17:23:17,333 - DEBUG: STREAM b'IHDR' 16 13
2024-12-10 17:23:17,333 - DEBUG: STREAM b'pHYs' 41 9
2024-12-10 17:23:17,333 - DEBUG: STREAM b'tEXt' 62 25
2024-12-10 17:23:17,333 - DEBUG: STREAM b'IDAT' 99 714
2024-12-10 17:23:17,424 - DEBUG: STREAM b'IHDR' 16 13
2024-12-10 17:23:17,424 - DEBUG: STREAM b'pHYs' 41 9
2024-12-10 17:23:17,424 - DEBUG: STREAM b'tEXt' 62 25
2024-12-10 17:23:17,424 - DEBUG: STREAM b'IDAT' 99 698
2024-12-10 17:23:17,493 - DEBUG: STREAM b'IHDR' 16 13
2024-12-10 17:23:17,493 - DEBUG: STREAM b'pHYs' 41 9
2024-12-10 17:23:17,493 - DEBUG: STREAM b'tEXt' 62 25
2024-12-10 17:23:17,493 - DEBUG: STREAM b'IDAT' 99 714
2024-12-10 17:23:17,526 - DEBUG: STREAM b'IHDR' 16 13
2024-12-10 17:23:17,526 - DEBUG: STREAM b'pHYs' 41 9
2024-12-10 17:23:17,526 - DEBUG: STREAM b'tEXt' 62 25
2024-12-10 17:23:17,526 - DEBUG: STREAM b'IDAT' 99 698
2024-12-10 17:23:17,604 - DEBUG: STREAM b'IHDR' 16 13
2024-12-10 17:23:17,604 - DEBUG: STREAM b'pHYs' 41 9
2024-12-10 17:23:17,604 - DEBUG: STREAM b'tEXt' 62 25
2024-12-10 17:23:17,604 - DEBUG: STREAM b'IDAT' 99 714
2024-12-10 17:23:17,628 - DEBUG: STREAM b'IHDR' 16 13
2024-12-10 17:23:17,628 - DEBUG: STREAM b'pHYs' 41 9
2024-12-10 17:23:17,628 - DEBUG: STREAM b'tEXt' 62 25
2024-12-10 17:23:17,628 - DEBUG: STREAM b'IDAT' 99 698
2024-12-10 17:23:17,698 - DEBUG: STREAM b'IHDR' 16 13
2024-12-10 17:23:17,700 - DEBUG: STREAM b'pHYs' 41 9
2024-12-10 17:23:17,700 - DEBUG: STREAM b'tEXt' 62 25
2024-12-10 17:23:17,700 - DEBUG: STREAM b'IDAT' 99 714
2024-12-10 17:23:17,770 - DEBUG: STREAM b'IHDR' 16 13
2024-12-10 17:23:17,770 - DEBUG: STREAM b'pHYs' 41 9
2024-12-10 17:23:17,770 - DEBUG: STREAM b'tEXt' 62 25
2024-12-10 17:23:17,770 - DEBUG: STREAM b'IDAT' 99 698
2024-12-10 17:23:17,841 - DEBUG: STREAM b'IHDR' 16 13
2024-12-10 17:23:17,841 - DEBUG: STREAM b'pHYs' 41 9
2024-12-10 17:23:17,841 - DEBUG: STREAM b'tEXt' 62 25
2024-12-10 17:23:17,843 - DEBUG: STREAM b'IDAT' 99 714
2024-12-10 17:23:17,873 - DEBUG: STREAM b'IHDR' 16 13
2024-12-10 17:23:17,873 - DEBUG: STREAM b'pHYs' 41 9
2024-12-10 17:23:17,873 - DEBUG: STREAM b'tEXt' 62 25
2024-12-10 17:23:17,873 - DEBUG: STREAM b'IDAT' 99 698
2024-12-10 17:23:17,926 - DEBUG: STREAM b'IHDR' 16 13
2024-12-10 17:23:17,926 - DEBUG: STREAM b'pHYs' 41 9
2024-12-10 17:23:17,926 - DEBUG: STREAM b'tEXt' 62 25
2024-12-10 17:23:17,926 - DEBUG: STREAM b'IDAT' 99 714
2024-12-10 17:23:17,970 - DEBUG: STREAM b'IHDR' 16 13
2024-12-10 17:23:17,970 - DEBUG: STREAM b'pHYs' 41 9
2024-12-10 17:23:17,970 - DEBUG: STREAM b'tEXt' 62 25
2024-12-10 17:23:17,970 - DEBUG: STREAM b'IDAT' 99 698
2024-12-10 17:23:18,041 - DEBUG: STREAM b'IHDR' 16 13
2024-12-10 17:23:18,041 - DEBUG: STREAM b'pHYs' 41 9
2024-12-10 17:23:18,041 - DEBUG: STREAM b'tEXt' 62 25
2024-12-10 17:23:18,041 - DEBUG: STREAM b'IDAT' 99 714
2024-12-10 17:23:18,129 - DEBUG: STREAM b'IHDR' 16 13
2024-12-10 17:23:18,129 - DEBUG: STREAM b'pHYs' 41 9
2024-12-10 17:23:18,129 - DEBUG: STREAM b'tEXt' 62 25
2024-12-10 17:23:18,129 - DEBUG: STREAM b'IDAT' 99 698
2024-12-10 17:23:18,193 - DEBUG: STREAM b'IHDR' 16 13
2024-12-10 17:23:18,193 - DEBUG: STREAM b'pHYs' 41 9
2024-12-10 17:23:18,193 - DEBUG: STREAM b'tEXt' 62 25
2024-12-10 17:23:18,193 - DEBUG: STREAM b'IDAT' 99 714
2024-12-10 17:23:18,254 - DEBUG: STREAM b'IHDR' 16 13
2024-12-10 17:23:18,254 - DEBUG: STREAM b'pHYs' 41 9
2024-12-10 17:23:18,254 - DEBUG: STREAM b'tEXt' 62 25
2024-12-10 17:23:18,254 - DEBUG: STREAM b'IDAT' 99 698
2024-12-10 17:23:18,323 - DEBUG: STREAM b'IHDR' 16 13
2024-12-10 17:23:18,323 - DEBUG: STREAM b'pHYs' 41 9
2024-12-10 17:23:18,323 - DEBUG: STREAM b'tEXt' 62 25
2024-12-10 17:23:18,326 - DEBUG: STREAM b'IDAT' 99 714
2024-12-10 17:23:18,502 - DEBUG: STREAM b'IHDR' 16 13
2024-12-10 17:23:18,502 - DEBUG: STREAM b'pHYs' 41 9
2024-12-10 17:23:18,502 - DEBUG: STREAM b'tEXt' 62 25
2024-12-10 17:23:18,502 - DEBUG: STREAM b'IDAT' 99 698
2024-12-10 17:23:18,547 - DEBUG: STREAM b'IHDR' 16 13
2024-12-10 17:23:18,547 - DEBUG: STREAM b'pHYs' 41 9
2024-12-10 17:23:18,547 - DEBUG: STREAM b'tEXt' 62 25
2024-12-10 17:23:18,547 - DEBUG: STREAM b'IDAT' 99 714
2024-12-10 17:23:25,894 - INFO: Closed simulator session
2024-12-10 17:24:26,843 - INFO: Started simulator session
2024-12-10 17:24:26,847 - DEBUG: STREAM b'IHDR' 16 13
2024-12-10 17:24:26,849 - DEBUG: STREAM b'pHYs' 41 9
2024-12-10 17:24:26,849 - DEBUG: STREAM b'tEXt' 62 25
2024-12-10 17:24:26,849 - DEBUG: STREAM b'IDAT' 99 691
2024-12-10 17:24:26,849 - DEBUG: STREAM b'IHDR' 16 13
2024-12-10 17:24:26,851 - DEBUG: STREAM b'pHYs' 41 9
2024-12-10 17:24:26,851 - DEBUG: STREAM b'tEXt' 62 25
2024-12-10 17:24:26,851 - DEBUG: STREAM b'IDAT' 99 685
2024-12-10 17:24:26,851 - DEBUG: STREAM b'IHDR' 16 13
2024-12-10 17:24:26,851 - DEBUG: STREAM b'pHYs' 41 9
2024-12-10 17:24:26,853 - DEBUG: STREAM b'tEXt' 62 25
2024-12-10 17:24:26,853 - DEBUG: STREAM b'IDAT' 99 671
2024-12-10 17:24:52,708 - DEBUG: STREAM b'IHDR' 16 13
2024-12-10 17:24:52,714 - DEBUG: STREAM b'pHYs' 41 9
2024-12-10 17:24:52,714 - DEBUG: STREAM b'tEXt' 62 25
2024-12-10 17:24:52,714 - DEBUG: STREAM b'IDAT' 99 691
2024-12-10 17:24:52,714 - DEBUG: STREAM b'IHDR' 16 13
2024-12-10 17:24:52,714 - DEBUG: STREAM b'pHYs' 41 9
2024-12-10 17:24:52,714 - DEBUG: STREAM b'tEXt' 62 25
2024-12-10 17:24:52,714 - DEBUG: STREAM b'IDAT' 99 685
2024-12-10 17:24:52,714 - DEBUG: STREAM b'IHDR' 16 13
2024-12-10 17:24:52,714 - DEBUG: STREAM b'pHYs' 41 9
2024-12-10 17:24:52,714 - DEBUG: STREAM b'tEXt' 62 25
2024-12-10 17:24:52,714 - DEBUG: STREAM b'IDAT' 99 671
2024-12-10 17:24:52,714 - DEBUG: STREAM b'IHDR' 16 13
2024-12-10 17:24:52,714 - DEBUG: STREAM b'pHYs' 41 9
2024-12-10 17:24:52,714 - DEBUG: STREAM b'tEXt' 62 25
2024-12-10 17:24:52,729 - DEBUG: STREAM b'IDAT' 99 691
2024-12-10 17:24:52,730 - DEBUG: STREAM b'IHDR' 16 13
2024-12-10 17:24:52,730 - DEBUG: STREAM b'pHYs' 41 9
2024-12-10 17:24:52,731 - DEBUG: STREAM b'tEXt' 62 25
2024-12-10 17:24:52,731 - DEBUG: STREAM b'IDAT' 99 685
2024-12-10 17:24:52,731 - DEBUG: STREAM b'IHDR' 16 13
2024-12-10 17:24:52,731 - DEBUG: STREAM b'pHYs' 41 9
2024-12-10 17:24:52,731 - DEBUG: STREAM b'tEXt' 62 25
2024-12-10 17:24:52,731 - DEBUG: STREAM b'IDAT' 99 671
2024-12-10 17:24:56,229 - DEBUG: STREAM b'IHDR' 16 13
2024-12-10 17:24:56,229 - DEBUG: STREAM b'pHYs' 41 9
2024-12-10 17:24:56,229 - DEBUG: STREAM b'tEXt' 62 25
2024-12-10 17:24:56,229 - DEBUG: STREAM b'IDAT' 99 8192
2024-12-10 17:24:56,289 - DEBUG: STREAM b'IHDR' 16 13
2024-12-10 17:24:56,289 - DEBUG: STREAM b'pHYs' 41 9
2024-12-10 17:24:56,289 - DEBUG: STREAM b'tEXt' 62 25
2024-12-10 17:24:56,289 - DEBUG: STREAM b'IDAT' 99 698
2024-12-10 17:24:56,289 - DEBUG: STREAM b'IHDR' 16 13
2024-12-10 17:24:56,289 - DEBUG: STREAM b'pHYs' 41 9
2024-12-10 17:24:56,289 - DEBUG: STREAM b'tEXt' 62 25
2024-12-10 17:24:56,289 - DEBUG: STREAM b'IDAT' 99 698
2024-12-10 17:24:56,289 - DEBUG: STREAM b'IHDR' 16 13
2024-12-10 17:24:56,289 - DEBUG: STREAM b'pHYs' 41 9
2024-12-10 17:24:56,289 - DEBUG: STREAM b'tEXt' 62 25
2024-12-10 17:24:56,289 - DEBUG: STREAM b'IDAT' 99 698
2024-12-10 17:24:56,289 - DEBUG: STREAM b'IHDR' 16 13
2024-12-10 17:24:56,289 - DEBUG: STREAM b'pHYs' 41 9
2024-12-10 17:24:56,289 - DEBUG: STREAM b'tEXt' 62 25
2024-12-10 17:24:56,289 - DEBUG: STREAM b'IDAT' 99 698
2024-12-10 17:25:13,375 - INFO: 12345

2024-12-10 17:25:14,056 - INFO: 87628868

2024-12-10 17:25:14,739 - INFO: 71072467

2024-12-10 17:25:15,387 - INFO: 2332836374

2024-12-10 17:25:16,043 - INFO: 2726892157

2024-12-10 17:25:16,679 - INFO: 3908547000

2024-12-10 17:25:17,324 - INFO: 483019191

2024-12-10 17:25:18,000 - INFO: 2129828778

2024-12-10 17:25:18,652 - INFO: 2355140353

2024-12-10 17:25:19,286 - INFO: 2560230508

2024-12-10 17:25:19,931 - INFO: 3364893915

2024-12-10 17:25:20,615 - INFO: 171172990

2024-12-10 17:25:21,280 - INFO: 3194601925

2024-12-10 17:25:21,961 - INFO: 4148119648

2024-12-10 17:25:22,188 - DEBUG: STREAM b'IHDR' 16 13
2024-12-10 17:25:22,188 - DEBUG: STREAM b'pHYs' 41 9
2024-12-10 17:25:22,188 - DEBUG: STREAM b'tEXt' 62 25
2024-12-10 17:25:22,188 - DEBUG: STREAM b'IDAT' 99 714
2024-12-10 17:25:22,438 - DEBUG: STREAM b'IHDR' 16 13
2024-12-10 17:25:22,438 - DEBUG: STREAM b'pHYs' 41 9
2024-12-10 17:25:22,438 - DEBUG: STREAM b'tEXt' 62 25
2024-12-10 17:25:22,438 - DEBUG: STREAM b'IDAT' 99 698
2024-12-10 17:25:22,602 - INFO: 316399679

2024-12-10 17:25:23,045 - DEBUG: STREAM b'IHDR' 16 13
2024-12-10 17:25:23,045 - DEBUG: STREAM b'pHYs' 41 9
2024-12-10 17:25:23,045 - DEBUG: STREAM b'tEXt' 62 25
2024-12-10 17:25:23,045 - DEBUG: STREAM b'IDAT' 99 714
2024-12-10 17:25:23,287 - DEBUG: STREAM b'IHDR' 16 13
2024-12-10 17:25:23,287 - DEBUG: STREAM b'pHYs' 41 9
2024-12-10 17:25:23,287 - DEBUG: STREAM b'tEXt' 62 25
2024-12-10 17:25:23,287 - DEBUG: STREAM b'IDAT' 99 714
2024-12-10 17:25:23,395 - DEBUG: STREAM b'IHDR' 16 13
2024-12-10 17:25:23,395 - DEBUG: STREAM b'pHYs' 41 9
2024-12-10 17:25:23,395 - DEBUG: STREAM b'tEXt' 62 25
2024-12-10 17:25:23,395 - DEBUG: STREAM b'IDAT' 99 714
2024-12-10 17:25:23,440 - DEBUG: STREAM b'IHDR' 16 13
2024-12-10 17:25:23,440 - DEBUG: STREAM b'pHYs' 41 9
2024-12-10 17:25:23,440 - DEBUG: STREAM b'tEXt' 62 25
2024-12-10 17:25:23,440 - DEBUG: STREAM b'IDAT' 99 698
2024-12-10 17:25:23,484 - DEBUG: STREAM b'IHDR' 16 13
2024-12-10 17:25:23,484 - DEBUG: STREAM b'pHYs' 41 9
2024-12-10 17:25:23,484 - DEBUG: STREAM b'tEXt' 62 25
2024-12-10 17:25:23,484 - DEBUG: STREAM b'IDAT' 99 714
2024-12-10 17:25:23,543 - DEBUG: STREAM b'IHDR' 16 13
2024-12-10 17:25:23,543 - DEBUG: STREAM b'pHYs' 41 9
2024-12-10 17:25:23,543 - DEBUG: STREAM b'tEXt' 62 25
2024-12-10 17:25:23,543 - DEBUG: STREAM b'IDAT' 99 698
2024-12-10 17:25:23,627 - DEBUG: STREAM b'IHDR' 16 13
2024-12-10 17:25:23,627 - DEBUG: STREAM b'pHYs' 41 9
2024-12-10 17:25:23,627 - DEBUG: STREAM b'tEXt' 62 25
2024-12-10 17:25:23,627 - DEBUG: STREAM b'IDAT' 99 714
2024-12-10 17:25:23,669 - DEBUG: STREAM b'IHDR' 16 13
2024-12-10 17:25:23,669 - DEBUG: STREAM b'pHYs' 41 9
2024-12-10 17:25:23,669 - DEBUG: STREAM b'tEXt' 62 25
2024-12-10 17:25:23,669 - DEBUG: STREAM b'IDAT' 99 698
2024-12-10 17:25:23,814 - DEBUG: STREAM b'IHDR' 16 13
2024-12-10 17:25:23,814 - DEBUG: STREAM b'pHYs' 41 9
2024-12-10 17:25:23,814 - DEBUG: STREAM b'tEXt' 62 25
2024-12-10 17:25:23,814 - DEBUG: STREAM b'IDAT' 99 714
2024-12-10 17:25:23,833 - DEBUG: STREAM b'IHDR' 16 13
2024-12-10 17:25:23,833 - DEBUG: STREAM b'pHYs' 41 9
2024-12-10 17:25:23,833 - DEBUG: STREAM b'tEXt' 62 25
2024-12-10 17:25:23,833 - DEBUG: STREAM b'IDAT' 99 698
2024-12-10 17:25:23,900 - DEBUG: STREAM b'IHDR' 16 13
2024-12-10 17:25:23,900 - DEBUG: STREAM b'pHYs' 41 9
2024-12-10 17:25:23,900 - DEBUG: STREAM b'tEXt' 62 25
2024-12-10 17:25:23,900 - DEBUG: STREAM b'IDAT' 99 698
2024-12-10 17:25:23,962 - DEBUG: STREAM b'IHDR' 16 13
2024-12-10 17:25:23,965 - DEBUG: STREAM b'pHYs' 41 9
2024-12-10 17:25:23,965 - DEBUG: STREAM b'tEXt' 62 25
2024-12-10 17:25:23,965 - DEBUG: STREAM b'IDAT' 99 714
2024-12-10 17:25:24,016 - DEBUG: STREAM b'IHDR' 16 13
2024-12-10 17:25:24,016 - DEBUG: STREAM b'pHYs' 41 9
2024-12-10 17:25:24,016 - DEBUG: STREAM b'tEXt' 62 25
2024-12-10 17:25:24,018 - DEBUG: STREAM b'IDAT' 99 698
2024-12-10 17:25:24,081 - DEBUG: STREAM b'IHDR' 16 13
2024-12-10 17:25:24,081 - DEBUG: STREAM b'pHYs' 41 9
2024-12-10 17:25:24,081 - DEBUG: STREAM b'tEXt' 62 25
2024-12-10 17:25:24,081 - DEBUG: STREAM b'IDAT' 99 714
2024-12-10 17:25:24,111 - DEBUG: STREAM b'IHDR' 16 13
2024-12-10 17:25:24,111 - DEBUG: STREAM b'pHYs' 41 9
2024-12-10 17:25:24,111 - DEBUG: STREAM b'tEXt' 62 25
2024-12-10 17:25:24,111 - DEBUG: STREAM b'IDAT' 99 698
2024-12-10 17:25:24,153 - DEBUG: STREAM b'IHDR' 16 13
2024-12-10 17:25:24,153 - DEBUG: STREAM b'pHYs' 41 9
2024-12-10 17:25:24,153 - DEBUG: STREAM b'tEXt' 62 25
2024-12-10 17:25:24,153 - DEBUG: STREAM b'IDAT' 99 714
2024-12-10 17:25:24,265 - DEBUG: STREAM b'IHDR' 16 13
2024-12-10 17:25:24,265 - DEBUG: STREAM b'pHYs' 41 9
2024-12-10 17:25:24,275 - DEBUG: STREAM b'tEXt' 62 25
2024-12-10 17:25:24,275 - DEBUG: STREAM b'IDAT' 99 698
2024-12-10 17:25:24,323 - DEBUG: STREAM b'IHDR' 16 13
2024-12-10 17:25:24,323 - DEBUG: STREAM b'pHYs' 41 9
2024-12-10 17:25:24,323 - DEBUG: STREAM b'tEXt' 62 25
2024-12-10 17:25:24,339 - DEBUG: STREAM b'IDAT' 99 714
2024-12-10 17:25:24,474 - DEBUG: STREAM b'IHDR' 16 13
2024-12-10 17:25:24,474 - DEBUG: STREAM b'pHYs' 41 9
2024-12-10 17:25:24,474 - DEBUG: STREAM b'tEXt' 62 25
2024-12-10 17:25:24,474 - DEBUG: STREAM b'IDAT' 99 698
2024-12-10 17:25:24,530 - DEBUG: STREAM b'IHDR' 16 13
2024-12-10 17:25:24,530 - DEBUG: STREAM b'pHYs' 41 9
2024-12-10 17:25:24,530 - DEBUG: STREAM b'tEXt' 62 25
2024-12-10 17:25:24,530 - DEBUG: STREAM b'IDAT' 99 714
2024-12-10 17:25:26,353 - INFO: Closed simulator session
