2024-12-20 16:09:02,359 - INFO: Started simulator session
2024-12-20 16:09:02,360 - DEBUG: STREAM b'IHDR' 16 13
2024-12-20 16:09:02,360 - DEBUG: STREAM b'pHYs' 41 9
2024-12-20 16:09:02,360 - DEBUG: STREAM b'tEXt' 62 25
2024-12-20 16:09:02,360 - DEBUG: STREAM b'IDAT' 99 691
2024-12-20 16:09:02,360 - DEBUG: STREAM b'IHDR' 16 13
2024-12-20 16:09:02,360 - DEBUG: STREAM b'pHYs' 41 9
2024-12-20 16:09:02,360 - DEBUG: STREAM b'tEXt' 62 25
2024-12-20 16:09:02,361 - DEBUG: STREAM b'IDAT' 99 685
2024-12-20 16:09:02,361 - DEBUG: STREAM b'IHDR' 16 13
2024-12-20 16:09:02,361 - DEBUG: STREAM b'pHYs' 41 9
2024-12-20 16:09:02,361 - DEBUG: STREAM b'tEXt' 62 25
2024-12-20 16:09:02,361 - DEBUG: STREAM b'IDAT' 99 671
2024-12-20 16:09:33,624 - DEBUG: STREAM b'IHDR' 16 13
2024-12-20 16:09:33,624 - DEBUG: STREAM b'pHYs' 41 9
2024-12-20 16:09:33,624 - DEBUG: STREAM b'tEXt' 62 25
2024-12-20 16:09:33,624 - DEBUG: STREAM b'IDAT' 99 8192
2024-12-20 16:09:33,683 - DEBUG: STREAM b'IHDR' 16 13
2024-12-20 16:09:33,684 - DEBUG: STREAM b'pHYs' 41 9
2024-12-20 16:09:33,684 - DEBUG: STREAM b'tEXt' 62 25
2024-12-20 16:09:33,684 - DEBUG: STREAM b'IDAT' 99 698
2024-12-20 16:09:33,685 - DEBUG: STREAM b'IHDR' 16 13
2024-12-20 16:09:33,685 - DEBUG: STREAM b'pHYs' 41 9
2024-12-20 16:09:33,685 - DEBUG: STREAM b'tEXt' 62 25
2024-12-20 16:09:33,685 - DEBUG: STREAM b'IDAT' 99 698
2024-12-20 16:09:38,032 - DEBUG: STREAM b'IHDR' 16 13
2024-12-20 16:09:38,032 - DEBUG: STREAM b'pHYs' 41 9
2024-12-20 16:09:38,032 - DEBUG: STREAM b'tEXt' 62 25
2024-12-20 16:09:38,032 - DEBUG: STREAM b'IDAT' 99 714
2024-12-20 16:09:38,485 - DEBUG: STREAM b'IHDR' 16 13
2024-12-20 16:09:38,485 - DEBUG: STREAM b'pHYs' 41 9
2024-12-20 16:09:38,485 - DEBUG: STREAM b'tEXt' 62 25
2024-12-20 16:09:38,485 - DEBUG: STREAM b'IDAT' 99 714
2024-12-20 16:09:38,812 - DEBUG: STREAM b'IHDR' 16 13
2024-12-20 16:09:38,812 - DEBUG: STREAM b'pHYs' 41 9
2024-12-20 16:09:38,813 - DEBUG: STREAM b'tEXt' 62 25
2024-12-20 16:09:38,813 - DEBUG: STREAM b'IDAT' 99 698
2024-12-20 16:09:38,855 - DEBUG: STREAM b'IHDR' 16 13
2024-12-20 16:09:38,855 - DEBUG: STREAM b'pHYs' 41 9
2024-12-20 16:09:38,855 - DEBUG: STREAM b'tEXt' 62 25
2024-12-20 16:09:38,856 - DEBUG: STREAM b'IDAT' 99 714
2024-12-20 16:09:39,124 - DEBUG: STREAM b'IHDR' 16 13
2024-12-20 16:09:39,124 - DEBUG: STREAM b'pHYs' 41 9
2024-12-20 16:09:39,124 - DEBUG: STREAM b'tEXt' 62 25
2024-12-20 16:09:39,124 - DEBUG: STREAM b'IDAT' 99 698
2024-12-20 16:09:39,458 - DEBUG: STREAM b'IHDR' 16 13
2024-12-20 16:09:39,458 - DEBUG: STREAM b'pHYs' 41 9
2024-12-20 16:09:39,458 - DEBUG: STREAM b'tEXt' 62 25
2024-12-20 16:09:39,458 - DEBUG: STREAM b'IDAT' 99 714
2024-12-20 16:09:39,897 - DEBUG: STREAM b'IHDR' 16 13
2024-12-20 16:09:39,897 - DEBUG: STREAM b'pHYs' 41 9
2024-12-20 16:09:39,897 - DEBUG: STREAM b'tEXt' 62 25
2024-12-20 16:09:39,897 - DEBUG: STREAM b'IDAT' 99 698
2024-12-20 16:09:40,076 - DEBUG: STREAM b'IHDR' 16 13
2024-12-20 16:09:40,076 - DEBUG: STREAM b'pHYs' 41 9
2024-12-20 16:09:40,076 - DEBUG: STREAM b'tEXt' 62 25
2024-12-20 16:09:40,077 - DEBUG: STREAM b'IDAT' 99 714
2024-12-20 16:09:40,360 - DEBUG: STREAM b'IHDR' 16 13
2024-12-20 16:09:40,360 - DEBUG: STREAM b'pHYs' 41 9
2024-12-20 16:09:40,360 - DEBUG: STREAM b'tEXt' 62 25
2024-12-20 16:09:40,360 - DEBUG: STREAM b'IDAT' 99 698
2024-12-20 16:09:41,246 - DEBUG: STREAM b'IHDR' 16 13
2024-12-20 16:09:41,246 - DEBUG: STREAM b'pHYs' 41 9
2024-12-20 16:09:41,246 - DEBUG: STREAM b'tEXt' 62 25
2024-12-20 16:09:41,246 - DEBUG: STREAM b'IDAT' 99 714
2024-12-20 16:09:41,514 - DEBUG: STREAM b'IHDR' 16 13
2024-12-20 16:09:41,514 - DEBUG: STREAM b'pHYs' 41 9
2024-12-20 16:09:41,514 - DEBUG: STREAM b'tEXt' 62 25
2024-12-20 16:09:41,514 - DEBUG: STREAM b'IDAT' 99 698
2024-12-20 16:09:41,791 - DEBUG: STREAM b'IHDR' 16 13
2024-12-20 16:09:41,792 - DEBUG: STREAM b'pHYs' 41 9
2024-12-20 16:09:41,792 - DEBUG: STREAM b'tEXt' 62 25
2024-12-20 16:09:41,792 - DEBUG: STREAM b'IDAT' 99 698
2024-12-20 16:09:42,459 - DEBUG: STREAM b'IHDR' 16 13
2024-12-20 16:09:42,459 - DEBUG: STREAM b'pHYs' 41 9
2024-12-20 16:09:42,460 - DEBUG: STREAM b'tEXt' 62 25
2024-12-20 16:09:42,460 - DEBUG: STREAM b'IDAT' 99 714
2024-12-20 16:09:43,276 - DEBUG: STREAM b'IHDR' 16 13
2024-12-20 16:09:43,276 - DEBUG: STREAM b'pHYs' 41 9
2024-12-20 16:09:43,276 - DEBUG: STREAM b'tEXt' 62 25
2024-12-20 16:09:43,276 - DEBUG: STREAM b'IDAT' 99 714
2024-12-20 16:09:43,558 - DEBUG: STREAM b'IHDR' 16 13
2024-12-20 16:09:43,558 - DEBUG: STREAM b'pHYs' 41 9
2024-12-20 16:09:43,558 - DEBUG: STREAM b'tEXt' 62 25
2024-12-20 16:09:43,558 - DEBUG: STREAM b'IDAT' 99 698
2024-12-20 16:09:43,846 - DEBUG: STREAM b'IHDR' 16 13
2024-12-20 16:09:43,846 - DEBUG: STREAM b'pHYs' 41 9
2024-12-20 16:09:43,846 - DEBUG: STREAM b'tEXt' 62 25
2024-12-20 16:09:43,846 - DEBUG: STREAM b'IDAT' 99 698
2024-12-20 16:09:44,069 - DEBUG: STREAM b'IHDR' 16 13
2024-12-20 16:09:44,069 - DEBUG: STREAM b'pHYs' 41 9
2024-12-20 16:09:44,069 - DEBUG: STREAM b'tEXt' 62 25
2024-12-20 16:09:44,070 - DEBUG: STREAM b'IDAT' 99 714
2024-12-20 16:09:44,363 - DEBUG: STREAM b'IHDR' 16 13
2024-12-20 16:09:44,363 - DEBUG: STREAM b'pHYs' 41 9
2024-12-20 16:09:44,364 - DEBUG: STREAM b'tEXt' 62 25
2024-12-20 16:09:44,364 - DEBUG: STREAM b'IDAT' 99 714
2024-12-20 16:09:44,640 - DEBUG: STREAM b'IHDR' 16 13
2024-12-20 16:09:44,640 - DEBUG: STREAM b'pHYs' 41 9
2024-12-20 16:09:44,640 - DEBUG: STREAM b'tEXt' 62 25
2024-12-20 16:09:44,640 - DEBUG: STREAM b'IDAT' 99 698
2024-12-20 16:09:44,909 - DEBUG: STREAM b'IHDR' 16 13
2024-12-20 16:09:44,909 - DEBUG: STREAM b'pHYs' 41 9
2024-12-20 16:09:44,909 - DEBUG: STREAM b'tEXt' 62 25
2024-12-20 16:09:44,909 - DEBUG: STREAM b'IDAT' 99 698
2024-12-20 16:09:46,458 - DEBUG: STREAM b'IHDR' 16 13
2024-12-20 16:09:46,458 - DEBUG: STREAM b'pHYs' 41 9
2024-12-20 16:09:46,458 - DEBUG: STREAM b'tEXt' 62 25
2024-12-20 16:09:46,458 - DEBUG: STREAM b'IDAT' 99 714
2024-12-20 16:09:46,723 - DEBUG: STREAM b'IHDR' 16 13
2024-12-20 16:09:46,724 - DEBUG: STREAM b'pHYs' 41 9
2024-12-20 16:09:46,724 - DEBUG: STREAM b'tEXt' 62 25
2024-12-20 16:09:46,724 - DEBUG: STREAM b'IDAT' 99 714
2024-12-20 16:09:46,907 - DEBUG: STREAM b'IHDR' 16 13
2024-12-20 16:09:46,908 - DEBUG: STREAM b'pHYs' 41 9
2024-12-20 16:09:46,908 - DEBUG: STREAM b'tEXt' 62 25
2024-12-20 16:09:46,908 - DEBUG: STREAM b'IDAT' 99 698
2024-12-20 16:09:47,174 - DEBUG: STREAM b'IHDR' 16 13
2024-12-20 16:09:47,174 - DEBUG: STREAM b'pHYs' 41 9
2024-12-20 16:09:47,175 - DEBUG: STREAM b'tEXt' 62 25
2024-12-20 16:09:47,175 - DEBUG: STREAM b'IDAT' 99 698
2024-12-20 16:09:48,067 - DEBUG: STREAM b'IHDR' 16 13
2024-12-20 16:09:48,068 - DEBUG: STREAM b'pHYs' 41 9
2024-12-20 16:09:48,068 - DEBUG: STREAM b'tEXt' 62 25
2024-12-20 16:09:48,068 - DEBUG: STREAM b'IDAT' 99 714
2024-12-20 16:09:48,327 - DEBUG: STREAM b'IHDR' 16 13
2024-12-20 16:09:48,327 - DEBUG: STREAM b'pHYs' 41 9
2024-12-20 16:09:48,328 - DEBUG: STREAM b'tEXt' 62 25
2024-12-20 16:09:48,328 - DEBUG: STREAM b'IDAT' 99 714
2024-12-20 16:09:48,615 - DEBUG: STREAM b'IHDR' 16 13
2024-12-20 16:09:48,616 - DEBUG: STREAM b'pHYs' 41 9
2024-12-20 16:09:48,616 - DEBUG: STREAM b'tEXt' 62 25
2024-12-20 16:09:48,616 - DEBUG: STREAM b'IDAT' 99 698
2024-12-20 16:09:48,900 - DEBUG: STREAM b'IHDR' 16 13
2024-12-20 16:09:48,900 - DEBUG: STREAM b'pHYs' 41 9
2024-12-20 16:09:48,900 - DEBUG: STREAM b'tEXt' 62 25
2024-12-20 16:09:48,900 - DEBUG: STREAM b'IDAT' 99 698
2024-12-20 16:09:49,125 - DEBUG: STREAM b'IHDR' 16 13
2024-12-20 16:09:49,125 - DEBUG: STREAM b'pHYs' 41 9
2024-12-20 16:09:49,125 - DEBUG: STREAM b'tEXt' 62 25
2024-12-20 16:09:49,125 - DEBUG: STREAM b'IDAT' 99 714
2024-12-20 16:09:51,453 - DEBUG: STREAM b'IHDR' 16 13
2024-12-20 16:09:51,453 - DEBUG: STREAM b'pHYs' 41 9
2024-12-20 16:09:51,453 - DEBUG: STREAM b'tEXt' 62 25
2024-12-20 16:09:51,453 - DEBUG: STREAM b'IDAT' 99 698
2024-12-20 16:09:51,816 - DEBUG: STREAM b'IHDR' 16 13
2024-12-20 16:09:51,817 - DEBUG: STREAM b'pHYs' 41 9
2024-12-20 16:09:51,817 - DEBUG: STREAM b'tEXt' 62 25
2024-12-20 16:09:51,817 - DEBUG: STREAM b'IDAT' 99 714
2024-12-20 16:09:52,094 - DEBUG: STREAM b'IHDR' 16 13
2024-12-20 16:09:52,094 - DEBUG: STREAM b'pHYs' 41 9
2024-12-20 16:09:52,094 - DEBUG: STREAM b'tEXt' 62 25
2024-12-20 16:09:52,094 - DEBUG: STREAM b'IDAT' 99 714
2024-12-20 16:09:53,062 - DEBUG: STREAM b'IHDR' 16 13
2024-12-20 16:09:53,062 - DEBUG: STREAM b'pHYs' 41 9
2024-12-20 16:09:53,062 - DEBUG: STREAM b'tEXt' 62 25
2024-12-20 16:09:53,063 - DEBUG: STREAM b'IDAT' 99 698
2024-12-20 16:09:54,345 - DEBUG: STREAM b'IHDR' 16 13
2024-12-20 16:09:54,345 - DEBUG: STREAM b'pHYs' 41 9
2024-12-20 16:09:54,346 - DEBUG: STREAM b'tEXt' 62 25
2024-12-20 16:09:54,346 - DEBUG: STREAM b'IDAT' 99 714
2024-12-20 16:09:54,569 - DEBUG: STREAM b'IHDR' 16 13
2024-12-20 16:09:54,569 - DEBUG: STREAM b'pHYs' 41 9
2024-12-20 16:09:54,569 - DEBUG: STREAM b'tEXt' 62 25
2024-12-20 16:09:54,569 - DEBUG: STREAM b'IDAT' 99 698
2024-12-20 16:09:54,819 - DEBUG: STREAM b'IHDR' 16 13
2024-12-20 16:09:54,819 - DEBUG: STREAM b'pHYs' 41 9
2024-12-20 16:09:54,819 - DEBUG: STREAM b'tEXt' 62 25
2024-12-20 16:09:54,819 - DEBUG: STREAM b'IDAT' 99 698
2024-12-20 16:09:55,363 - DEBUG: STREAM b'IHDR' 16 13
2024-12-20 16:09:55,364 - DEBUG: STREAM b'pHYs' 41 9
2024-12-20 16:09:55,364 - DEBUG: STREAM b'tEXt' 62 25
2024-12-20 16:09:55,364 - DEBUG: STREAM b'IDAT' 99 714
2024-12-20 16:09:56,062 - DEBUG: STREAM b'IHDR' 16 13
2024-12-20 16:09:56,063 - DEBUG: STREAM b'pHYs' 41 9
2024-12-20 16:09:56,063 - DEBUG: STREAM b'tEXt' 62 25
2024-12-20 16:09:56,063 - DEBUG: STREAM b'IDAT' 99 698
2024-12-20 16:09:57,175 - DEBUG: STREAM b'IHDR' 16 13
2024-12-20 16:09:57,176 - DEBUG: STREAM b'pHYs' 41 9
2024-12-20 16:09:57,176 - DEBUG: STREAM b'tEXt' 62 25
2024-12-20 16:09:57,176 - DEBUG: STREAM b'IDAT' 99 714
2024-12-20 16:10:00,443 - DEBUG: STREAM b'IHDR' 16 13
2024-12-20 16:10:00,443 - DEBUG: STREAM b'pHYs' 41 9
2024-12-20 16:10:00,443 - DEBUG: STREAM b'tEXt' 62 25
2024-12-20 16:10:00,443 - DEBUG: STREAM b'IDAT' 99 714
2024-12-20 16:10:56,573 - DEBUG: STREAM b'IHDR' 16 13
2024-12-20 16:10:56,573 - DEBUG: STREAM b'pHYs' 41 9
2024-12-20 16:10:56,573 - DEBUG: STREAM b'tEXt' 62 25
2024-12-20 16:10:56,573 - DEBUG: STREAM b'IDAT' 99 698
2024-12-20 16:10:56,726 - DEBUG: STREAM b'IHDR' 16 13
2024-12-20 16:10:56,726 - DEBUG: STREAM b'pHYs' 41 9
2024-12-20 16:10:56,727 - DEBUG: STREAM b'tEXt' 62 25
2024-12-20 16:10:56,727 - DEBUG: STREAM b'IDAT' 99 714
2024-12-20 16:10:57,140 - DEBUG: STREAM b'IHDR' 16 13
2024-12-20 16:10:57,140 - DEBUG: STREAM b'pHYs' 41 9
2024-12-20 16:10:57,140 - DEBUG: STREAM b'tEXt' 62 25
2024-12-20 16:10:57,140 - DEBUG: STREAM b'IDAT' 99 698
2024-12-20 16:11:02,384 - INFO: Closed simulator session
2024-12-20 16:11:13,927 - INFO: Started simulator session
2024-12-20 16:11:13,928 - DEBUG: STREAM b'IHDR' 16 13
2024-12-20 16:11:13,928 - DEBUG: STREAM b'pHYs' 41 9
2024-12-20 16:11:13,928 - DEBUG: STREAM b'tEXt' 62 25
2024-12-20 16:11:13,928 - DEBUG: STREAM b'IDAT' 99 691
2024-12-20 16:11:13,929 - DEBUG: STREAM b'IHDR' 16 13
2024-12-20 16:11:13,929 - DEBUG: STREAM b'pHYs' 41 9
2024-12-20 16:11:13,929 - DEBUG: STREAM b'tEXt' 62 25
2024-12-20 16:11:13,929 - DEBUG: STREAM b'IDAT' 99 685
2024-12-20 16:11:13,929 - DEBUG: STREAM b'IHDR' 16 13
2024-12-20 16:11:13,929 - DEBUG: STREAM b'pHYs' 41 9
2024-12-20 16:11:13,929 - DEBUG: STREAM b'tEXt' 62 25
2024-12-20 16:11:13,929 - DEBUG: STREAM b'IDAT' 99 671
2024-12-20 16:11:25,402 - DEBUG: STREAM b'IHDR' 16 13
2024-12-20 16:11:25,402 - DEBUG: STREAM b'pHYs' 41 9
2024-12-20 16:11:25,402 - DEBUG: STREAM b'tEXt' 62 25
2024-12-20 16:11:25,402 - DEBUG: STREAM b'IDAT' 99 8192
2024-12-20 16:11:25,426 - DEBUG: STREAM b'IHDR' 16 13
2024-12-20 16:11:25,426 - DEBUG: STREAM b'pHYs' 41 9
2024-12-20 16:11:25,426 - DEBUG: STREAM b'tEXt' 62 25
2024-12-20 16:11:25,426 - DEBUG: STREAM b'IDAT' 99 698
2024-12-20 16:11:25,427 - DEBUG: STREAM b'IHDR' 16 13
2024-12-20 16:11:25,427 - DEBUG: STREAM b'pHYs' 41 9
2024-12-20 16:11:25,427 - DEBUG: STREAM b'tEXt' 62 25
2024-12-20 16:11:25,427 - DEBUG: STREAM b'IDAT' 99 698
2024-12-20 16:11:32,901 - DEBUG: STREAM b'IHDR' 16 13
2024-12-20 16:11:32,901 - DEBUG: STREAM b'pHYs' 41 9
2024-12-20 16:11:32,902 - DEBUG: STREAM b'tEXt' 62 25
2024-12-20 16:11:32,902 - DEBUG: STREAM b'IDAT' 99 691
2024-12-20 16:11:32,902 - DEBUG: STREAM b'IHDR' 16 13
2024-12-20 16:11:32,902 - DEBUG: STREAM b'pHYs' 41 9
2024-12-20 16:11:32,902 - DEBUG: STREAM b'tEXt' 62 25
2024-12-20 16:11:32,902 - DEBUG: STREAM b'IDAT' 99 685
2024-12-20 16:11:32,902 - DEBUG: STREAM b'IHDR' 16 13
2024-12-20 16:11:32,902 - DEBUG: STREAM b'pHYs' 41 9
2024-12-20 16:11:32,902 - DEBUG: STREAM b'tEXt' 62 25
2024-12-20 16:11:32,902 - DEBUG: STREAM b'IDAT' 99 671
2024-12-20 16:11:36,748 - DEBUG: STREAM b'IHDR' 16 13
2024-12-20 16:11:36,748 - DEBUG: STREAM b'pHYs' 41 9
2024-12-20 16:11:36,748 - DEBUG: STREAM b'tEXt' 62 25
2024-12-20 16:11:36,748 - DEBUG: STREAM b'IDAT' 99 691
2024-12-20 16:11:36,748 - DEBUG: STREAM b'IHDR' 16 13
2024-12-20 16:11:36,748 - DEBUG: STREAM b'pHYs' 41 9
2024-12-20 16:11:36,748 - DEBUG: STREAM b'tEXt' 62 25
2024-12-20 16:11:36,748 - DEBUG: STREAM b'IDAT' 99 685
2024-12-20 16:11:36,749 - DEBUG: STREAM b'IHDR' 16 13
2024-12-20 16:11:36,749 - DEBUG: STREAM b'pHYs' 41 9
2024-12-20 16:11:36,749 - DEBUG: STREAM b'tEXt' 62 25
2024-12-20 16:11:36,749 - DEBUG: STREAM b'IDAT' 99 671
2024-12-20 16:11:43,052 - DEBUG: STREAM b'IHDR' 16 13
2024-12-20 16:11:43,053 - DEBUG: STREAM b'pHYs' 41 9
2024-12-20 16:11:43,053 - DEBUG: STREAM b'tEXt' 62 25
2024-12-20 16:11:43,053 - DEBUG: STREAM b'IDAT' 99 691
2024-12-20 16:11:43,053 - DEBUG: STREAM b'IHDR' 16 13
2024-12-20 16:11:43,053 - DEBUG: STREAM b'pHYs' 41 9
2024-12-20 16:11:43,053 - DEBUG: STREAM b'tEXt' 62 25
2024-12-20 16:11:43,053 - DEBUG: STREAM b'IDAT' 99 685
2024-12-20 16:11:43,053 - DEBUG: STREAM b'IHDR' 16 13
2024-12-20 16:11:43,053 - DEBUG: STREAM b'pHYs' 41 9
2024-12-20 16:11:43,054 - DEBUG: STREAM b'tEXt' 62 25
2024-12-20 16:11:43,054 - DEBUG: STREAM b'IDAT' 99 671
2024-12-20 16:11:46,316 - DEBUG: STREAM b'IHDR' 16 13
2024-12-20 16:11:46,316 - DEBUG: STREAM b'pHYs' 41 9
2024-12-20 16:11:46,316 - DEBUG: STREAM b'tEXt' 62 25
2024-12-20 16:11:46,316 - DEBUG: STREAM b'IDAT' 99 691
2024-12-20 16:11:46,317 - DEBUG: STREAM b'IHDR' 16 13
2024-12-20 16:11:46,317 - DEBUG: STREAM b'pHYs' 41 9
2024-12-20 16:11:46,317 - DEBUG: STREAM b'tEXt' 62 25
2024-12-20 16:11:46,317 - DEBUG: STREAM b'IDAT' 99 685
2024-12-20 16:11:46,317 - DEBUG: STREAM b'IHDR' 16 13
2024-12-20 16:11:46,317 - DEBUG: STREAM b'pHYs' 41 9
2024-12-20 16:11:46,317 - DEBUG: STREAM b'tEXt' 62 25
2024-12-20 16:11:46,317 - DEBUG: STREAM b'IDAT' 99 671
2024-12-20 16:11:50,013 - DEBUG: STREAM b'IHDR' 16 13
2024-12-20 16:11:50,013 - DEBUG: STREAM b'pHYs' 41 9
2024-12-20 16:11:50,013 - DEBUG: STREAM b'tEXt' 62 25
2024-12-20 16:11:50,013 - DEBUG: STREAM b'IDAT' 99 691
2024-12-20 16:11:50,013 - DEBUG: STREAM b'IHDR' 16 13
2024-12-20 16:11:50,014 - DEBUG: STREAM b'pHYs' 41 9
2024-12-20 16:11:50,014 - DEBUG: STREAM b'tEXt' 62 25
2024-12-20 16:11:50,014 - DEBUG: STREAM b'IDAT' 99 685
2024-12-20 16:11:50,014 - DEBUG: STREAM b'IHDR' 16 13
2024-12-20 16:11:50,014 - DEBUG: STREAM b'pHYs' 41 9
2024-12-20 16:11:50,014 - DEBUG: STREAM b'tEXt' 62 25
2024-12-20 16:11:50,014 - DEBUG: STREAM b'IDAT' 99 671
2024-12-20 16:11:55,077 - DEBUG: STREAM b'IHDR' 16 13
2024-12-20 16:11:55,077 - DEBUG: STREAM b'pHYs' 41 9
2024-12-20 16:11:55,077 - DEBUG: STREAM b'tEXt' 62 25
2024-12-20 16:11:55,077 - DEBUG: STREAM b'IDAT' 99 691
2024-12-20 16:11:55,077 - DEBUG: STREAM b'IHDR' 16 13
2024-12-20 16:11:55,077 - DEBUG: STREAM b'pHYs' 41 9
2024-12-20 16:11:55,077 - DEBUG: STREAM b'tEXt' 62 25
2024-12-20 16:11:55,077 - DEBUG: STREAM b'IDAT' 99 685
2024-12-20 16:11:55,078 - DEBUG: STREAM b'IHDR' 16 13
2024-12-20 16:11:55,078 - DEBUG: STREAM b'pHYs' 41 9
2024-12-20 16:11:55,078 - DEBUG: STREAM b'tEXt' 62 25
2024-12-20 16:11:55,078 - DEBUG: STREAM b'IDAT' 99 671
2024-12-20 16:11:56,504 - DEBUG: STREAM b'IHDR' 16 13
2024-12-20 16:11:56,504 - DEBUG: STREAM b'pHYs' 41 9
2024-12-20 16:11:56,504 - DEBUG: STREAM b'tEXt' 62 25
2024-12-20 16:11:56,504 - DEBUG: STREAM b'IDAT' 99 8192
2024-12-20 16:11:56,541 - DEBUG: STREAM b'IHDR' 16 13
2024-12-20 16:11:56,541 - DEBUG: STREAM b'pHYs' 41 9
2024-12-20 16:11:56,541 - DEBUG: STREAM b'tEXt' 62 25
2024-12-20 16:11:56,541 - DEBUG: STREAM b'IDAT' 99 279
2024-12-20 16:11:56,543 - DEBUG: STREAM b'IHDR' 16 13
2024-12-20 16:11:56,543 - DEBUG: STREAM b'pHYs' 41 9
2024-12-20 16:11:56,543 - DEBUG: STREAM b'tEXt' 62 25
2024-12-20 16:11:56,543 - DEBUG: STREAM b'IDAT' 99 279
2024-12-20 16:11:56,551 - DEBUG: STREAM b'IHDR' 16 13
2024-12-20 16:11:56,551 - DEBUG: STREAM b'pHYs' 41 9
2024-12-20 16:11:56,552 - DEBUG: STREAM b'tEXt' 62 25
2024-12-20 16:11:56,552 - DEBUG: STREAM b'IDAT' 99 4729
2024-12-20 16:11:59,372 - DEBUG: STREAM b'IHDR' 16 13
2024-12-20 16:11:59,372 - DEBUG: STREAM b'pHYs' 41 9
2024-12-20 16:11:59,372 - DEBUG: STREAM b'tEXt' 62 25
2024-12-20 16:11:59,372 - DEBUG: STREAM b'IDAT' 99 691
2024-12-20 16:11:59,372 - DEBUG: STREAM b'IHDR' 16 13
2024-12-20 16:11:59,372 - DEBUG: STREAM b'pHYs' 41 9
2024-12-20 16:11:59,372 - DEBUG: STREAM b'tEXt' 62 25
2024-12-20 16:11:59,372 - DEBUG: STREAM b'IDAT' 99 685
2024-12-20 16:11:59,373 - DEBUG: STREAM b'IHDR' 16 13
2024-12-20 16:11:59,373 - DEBUG: STREAM b'pHYs' 41 9
2024-12-20 16:11:59,373 - DEBUG: STREAM b'tEXt' 62 25
2024-12-20 16:11:59,373 - DEBUG: STREAM b'IDAT' 99 671
2024-12-20 16:11:59,374 - DEBUG: STREAM b'IHDR' 16 13
2024-12-20 16:11:59,374 - DEBUG: STREAM b'pHYs' 41 9
2024-12-20 16:11:59,374 - DEBUG: STREAM b'tEXt' 62 25
2024-12-20 16:11:59,375 - DEBUG: STREAM b'IDAT' 99 691
2024-12-20 16:11:59,375 - DEBUG: STREAM b'IHDR' 16 13
2024-12-20 16:11:59,375 - DEBUG: STREAM b'pHYs' 41 9
2024-12-20 16:11:59,375 - DEBUG: STREAM b'tEXt' 62 25
2024-12-20 16:11:59,375 - DEBUG: STREAM b'IDAT' 99 685
2024-12-20 16:11:59,375 - DEBUG: STREAM b'IHDR' 16 13
2024-12-20 16:11:59,375 - DEBUG: STREAM b'pHYs' 41 9
2024-12-20 16:11:59,375 - DEBUG: STREAM b'tEXt' 62 25
2024-12-20 16:11:59,375 - DEBUG: STREAM b'IDAT' 99 671
2024-12-20 16:12:01,219 - DEBUG: STREAM b'IHDR' 16 13
2024-12-20 16:12:01,219 - DEBUG: STREAM b'pHYs' 41 9
2024-12-20 16:12:01,219 - DEBUG: STREAM b'tEXt' 62 25
2024-12-20 16:12:01,219 - DEBUG: STREAM b'IDAT' 99 691
2024-12-20 16:12:01,220 - DEBUG: STREAM b'IHDR' 16 13
2024-12-20 16:12:01,220 - DEBUG: STREAM b'pHYs' 41 9
2024-12-20 16:12:01,220 - DEBUG: STREAM b'tEXt' 62 25
2024-12-20 16:12:01,220 - DEBUG: STREAM b'IDAT' 99 685
2024-12-20 16:12:01,220 - DEBUG: STREAM b'IHDR' 16 13
2024-12-20 16:12:01,220 - DEBUG: STREAM b'pHYs' 41 9
2024-12-20 16:12:01,220 - DEBUG: STREAM b'tEXt' 62 25
2024-12-20 16:12:01,220 - DEBUG: STREAM b'IDAT' 99 671
2024-12-20 16:12:01,222 - DEBUG: STREAM b'IHDR' 16 13
2024-12-20 16:12:01,222 - DEBUG: STREAM b'pHYs' 41 9
2024-12-20 16:12:01,222 - DEBUG: STREAM b'tEXt' 62 25
2024-12-20 16:12:01,222 - DEBUG: STREAM b'IDAT' 99 691
2024-12-20 16:12:01,222 - DEBUG: STREAM b'IHDR' 16 13
2024-12-20 16:12:01,222 - DEBUG: STREAM b'pHYs' 41 9
2024-12-20 16:12:01,222 - DEBUG: STREAM b'tEXt' 62 25
2024-12-20 16:12:01,222 - DEBUG: STREAM b'IDAT' 99 685
2024-12-20 16:12:01,222 - DEBUG: STREAM b'IHDR' 16 13
2024-12-20 16:12:01,222 - DEBUG: STREAM b'pHYs' 41 9
2024-12-20 16:12:01,223 - DEBUG: STREAM b'tEXt' 62 25
2024-12-20 16:12:01,223 - DEBUG: STREAM b'IDAT' 99 671
2024-12-20 16:12:02,209 - DEBUG: STREAM b'IHDR' 16 13
2024-12-20 16:12:02,210 - DEBUG: STREAM b'pHYs' 41 9
2024-12-20 16:12:02,210 - DEBUG: STREAM b'tEXt' 62 25
2024-12-20 16:12:02,210 - DEBUG: STREAM b'IDAT' 99 8192
2024-12-20 16:12:02,232 - DEBUG: STREAM b'IHDR' 16 13
2024-12-20 16:12:02,232 - DEBUG: STREAM b'pHYs' 41 9
2024-12-20 16:12:02,232 - DEBUG: STREAM b'tEXt' 62 25
2024-12-20 16:12:02,232 - DEBUG: STREAM b'IDAT' 99 698
2024-12-20 16:12:02,233 - DEBUG: STREAM b'IHDR' 16 13
2024-12-20 16:12:02,233 - DEBUG: STREAM b'pHYs' 41 9
2024-12-20 16:12:02,233 - DEBUG: STREAM b'tEXt' 62 25
2024-12-20 16:12:02,233 - DEBUG: STREAM b'IDAT' 99 698
2024-12-20 16:12:02,234 - DEBUG: STREAM b'IHDR' 16 13
2024-12-20 16:12:02,234 - DEBUG: STREAM b'pHYs' 41 9
2024-12-20 16:12:02,234 - DEBUG: STREAM b'tEXt' 62 25
2024-12-20 16:12:02,234 - DEBUG: STREAM b'IDAT' 99 698
2024-12-20 16:12:02,235 - DEBUG: STREAM b'IHDR' 16 13
2024-12-20 16:12:02,235 - DEBUG: STREAM b'pHYs' 41 9
2024-12-20 16:12:02,235 - DEBUG: STREAM b'tEXt' 62 25
2024-12-20 16:12:02,235 - DEBUG: STREAM b'IDAT' 99 698
2024-12-20 16:12:05,530 - DEBUG: STREAM b'IHDR' 16 13
2024-12-20 16:12:05,530 - DEBUG: STREAM b'pHYs' 41 9
2024-12-20 16:12:05,531 - DEBUG: STREAM b'tEXt' 62 25
2024-12-20 16:12:05,531 - DEBUG: STREAM b'IDAT' 99 714
2024-12-20 16:12:06,504 - DEBUG: STREAM b'IHDR' 16 13
2024-12-20 16:12:06,504 - DEBUG: STREAM b'pHYs' 41 9
2024-12-20 16:12:06,504 - DEBUG: STREAM b'tEXt' 62 25
2024-12-20 16:12:06,504 - DEBUG: STREAM b'IDAT' 99 714
2024-12-20 16:12:07,993 - DEBUG: STREAM b'IHDR' 16 13
2024-12-20 16:12:07,994 - DEBUG: STREAM b'pHYs' 41 9
2024-12-20 16:12:07,994 - DEBUG: STREAM b'tEXt' 62 25
2024-12-20 16:12:07,994 - DEBUG: STREAM b'IDAT' 99 698
2024-12-20 16:12:08,046 - DEBUG: STREAM b'IHDR' 16 13
2024-12-20 16:12:08,046 - DEBUG: STREAM b'pHYs' 41 9
2024-12-20 16:12:08,046 - DEBUG: STREAM b'tEXt' 62 25
2024-12-20 16:12:08,046 - DEBUG: STREAM b'IDAT' 99 714
2024-12-20 16:12:09,256 - DEBUG: STREAM b'IHDR' 16 13
2024-12-20 16:12:09,257 - DEBUG: STREAM b'pHYs' 41 9
2024-12-20 16:12:09,257 - DEBUG: STREAM b'tEXt' 62 25
2024-12-20 16:12:09,257 - DEBUG: STREAM b'IDAT' 99 698
2024-12-20 16:12:09,307 - DEBUG: STREAM b'IHDR' 16 13
2024-12-20 16:12:09,307 - DEBUG: STREAM b'pHYs' 41 9
2024-12-20 16:12:09,307 - DEBUG: STREAM b'tEXt' 62 25
2024-12-20 16:12:09,307 - DEBUG: STREAM b'IDAT' 99 714
2024-12-20 16:12:09,952 - DEBUG: STREAM b'IHDR' 16 13
2024-12-20 16:12:09,952 - DEBUG: STREAM b'pHYs' 41 9
2024-12-20 16:12:09,952 - DEBUG: STREAM b'tEXt' 62 25
2024-12-20 16:12:09,952 - DEBUG: STREAM b'IDAT' 99 698
2024-12-20 16:12:09,991 - DEBUG: STREAM b'IHDR' 16 13
2024-12-20 16:12:09,992 - DEBUG: STREAM b'pHYs' 41 9
2024-12-20 16:12:09,992 - DEBUG: STREAM b'tEXt' 62 25
2024-12-20 16:12:09,992 - DEBUG: STREAM b'IDAT' 99 714
2024-12-20 16:12:10,274 - DEBUG: STREAM b'IHDR' 16 13
2024-12-20 16:12:10,274 - DEBUG: STREAM b'pHYs' 41 9
2024-12-20 16:12:10,274 - DEBUG: STREAM b'tEXt' 62 25
2024-12-20 16:12:10,274 - DEBUG: STREAM b'IDAT' 99 698
2024-12-20 16:12:10,275 - DEBUG: STREAM b'IHDR' 16 13
2024-12-20 16:12:10,275 - DEBUG: STREAM b'pHYs' 41 9
2024-12-20 16:12:10,275 - DEBUG: STREAM b'tEXt' 62 25
2024-12-20 16:12:10,276 - DEBUG: STREAM b'IDAT' 99 714
2024-12-20 16:12:10,583 - DEBUG: STREAM b'IHDR' 16 13
2024-12-20 16:12:10,583 - DEBUG: STREAM b'pHYs' 41 9
2024-12-20 16:12:10,583 - DEBUG: STREAM b'tEXt' 62 25
2024-12-20 16:12:10,583 - DEBUG: STREAM b'IDAT' 99 698
2024-12-20 16:12:10,665 - DEBUG: STREAM b'IHDR' 16 13
2024-12-20 16:12:10,665 - DEBUG: STREAM b'pHYs' 41 9
2024-12-20 16:12:10,665 - DEBUG: STREAM b'tEXt' 62 25
2024-12-20 16:12:10,665 - DEBUG: STREAM b'IDAT' 99 698
2024-12-20 16:12:10,941 - DEBUG: STREAM b'IHDR' 16 13
2024-12-20 16:12:10,941 - DEBUG: STREAM b'pHYs' 41 9
2024-12-20 16:12:10,941 - DEBUG: STREAM b'tEXt' 62 25
2024-12-20 16:12:10,941 - DEBUG: STREAM b'IDAT' 99 714
2024-12-20 16:12:11,029 - DEBUG: STREAM b'IHDR' 16 13
2024-12-20 16:12:11,029 - DEBUG: STREAM b'pHYs' 41 9
2024-12-20 16:12:11,030 - DEBUG: STREAM b'tEXt' 62 25
2024-12-20 16:12:11,030 - DEBUG: STREAM b'IDAT' 99 714
2024-12-20 16:12:11,335 - DEBUG: STREAM b'IHDR' 16 13
2024-12-20 16:12:11,335 - DEBUG: STREAM b'pHYs' 41 9
2024-12-20 16:12:11,335 - DEBUG: STREAM b'tEXt' 62 25
2024-12-20 16:12:11,335 - DEBUG: STREAM b'IDAT' 99 698
2024-12-20 16:12:11,336 - DEBUG: STREAM b'IHDR' 16 13
2024-12-20 16:12:11,336 - DEBUG: STREAM b'pHYs' 41 9
2024-12-20 16:12:11,337 - DEBUG: STREAM b'tEXt' 62 25
2024-12-20 16:12:11,337 - DEBUG: STREAM b'IDAT' 99 714
2024-12-20 16:12:11,609 - DEBUG: STREAM b'IHDR' 16 13
2024-12-20 16:12:11,609 - DEBUG: STREAM b'pHYs' 41 9
2024-12-20 16:12:11,609 - DEBUG: STREAM b'tEXt' 62 25
2024-12-20 16:12:11,609 - DEBUG: STREAM b'IDAT' 99 698
2024-12-20 16:12:11,651 - DEBUG: STREAM b'IHDR' 16 13
2024-12-20 16:12:11,651 - DEBUG: STREAM b'pHYs' 41 9
2024-12-20 16:12:11,651 - DEBUG: STREAM b'tEXt' 62 25
2024-12-20 16:12:11,651 - DEBUG: STREAM b'IDAT' 99 714
2024-12-20 16:12:11,912 - DEBUG: STREAM b'IHDR' 16 13
2024-12-20 16:12:11,912 - DEBUG: STREAM b'pHYs' 41 9
2024-12-20 16:12:11,912 - DEBUG: STREAM b'tEXt' 62 25
2024-12-20 16:12:11,912 - DEBUG: STREAM b'IDAT' 99 698
2024-12-20 16:12:12,095 - DEBUG: STREAM b'IHDR' 16 13
2024-12-20 16:12:12,095 - DEBUG: STREAM b'pHYs' 41 9
2024-12-20 16:12:12,095 - DEBUG: STREAM b'tEXt' 62 25
2024-12-20 16:12:12,096 - DEBUG: STREAM b'IDAT' 99 698
2024-12-20 16:12:12,549 - DEBUG: STREAM b'IHDR' 16 13
2024-12-20 16:12:12,549 - DEBUG: STREAM b'pHYs' 41 9
2024-12-20 16:12:12,549 - DEBUG: STREAM b'tEXt' 62 25
2024-12-20 16:12:12,549 - DEBUG: STREAM b'IDAT' 99 714
2024-12-20 16:12:46,093 - DEBUG: STREAM b'IHDR' 16 13
2024-12-20 16:12:46,093 - DEBUG: STREAM b'pHYs' 41 9
2024-12-20 16:12:46,093 - DEBUG: STREAM b'tEXt' 62 25
2024-12-20 16:12:46,093 - DEBUG: STREAM b'IDAT' 99 691
2024-12-20 16:12:46,093 - DEBUG: STREAM b'IHDR' 16 13
2024-12-20 16:12:46,093 - DEBUG: STREAM b'pHYs' 41 9
2024-12-20 16:12:46,093 - DEBUG: STREAM b'tEXt' 62 25
2024-12-20 16:12:46,094 - DEBUG: STREAM b'IDAT' 99 685
2024-12-20 16:12:46,094 - DEBUG: STREAM b'IHDR' 16 13
2024-12-20 16:12:46,094 - DEBUG: STREAM b'pHYs' 41 9
2024-12-20 16:12:46,094 - DEBUG: STREAM b'tEXt' 62 25
2024-12-20 16:12:46,094 - DEBUG: STREAM b'IDAT' 99 671
2024-12-20 16:12:46,095 - DEBUG: STREAM b'IHDR' 16 13
2024-12-20 16:12:46,096 - DEBUG: STREAM b'pHYs' 41 9
2024-12-20 16:12:46,096 - DEBUG: STREAM b'tEXt' 62 25
2024-12-20 16:12:46,096 - DEBUG: STREAM b'IDAT' 99 691
2024-12-20 16:12:46,096 - DEBUG: STREAM b'IHDR' 16 13
2024-12-20 16:12:46,096 - DEBUG: STREAM b'pHYs' 41 9
2024-12-20 16:12:46,096 - DEBUG: STREAM b'tEXt' 62 25
2024-12-20 16:12:46,096 - DEBUG: STREAM b'IDAT' 99 685
2024-12-20 16:12:46,096 - DEBUG: STREAM b'IHDR' 16 13
2024-12-20 16:12:46,096 - DEBUG: STREAM b'pHYs' 41 9
2024-12-20 16:12:46,097 - DEBUG: STREAM b'tEXt' 62 25
2024-12-20 16:12:46,097 - DEBUG: STREAM b'IDAT' 99 671
2024-12-20 16:13:17,592 - INFO: Closed simulator session
