2024-12-20 22:55:52,725 - INFO: Started simulator session
2024-12-20 22:55:52,725 - DEBUG: STREAM b'IHDR' 16 13
2024-12-20 22:55:52,725 - DEBUG: STREAM b'pHYs' 41 9
2024-12-20 22:55:52,725 - DEBUG: STREAM b'tEXt' 62 25
2024-12-20 22:55:52,725 - DEBUG: STREAM b'IDAT' 99 691
2024-12-20 22:55:52,725 - DEBUG: STREAM b'IHDR' 16 13
2024-12-20 22:55:52,725 - DEBUG: STREAM b'pHYs' 41 9
2024-12-20 22:55:52,725 - DEBUG: STREAM b'tEXt' 62 25
2024-12-20 22:55:52,725 - DEBUG: STREAM b'IDAT' 99 685
2024-12-20 22:55:52,725 - DEBUG: STREAM b'IHDR' 16 13
2024-12-20 22:55:52,725 - DEBUG: STREAM b'pHYs' 41 9
2024-12-20 22:55:52,725 - DEBUG: STREAM b'tEXt' 62 25
2024-12-20 22:55:52,725 - DEBUG: STREAM b'IDAT' 99 671
2024-12-20 22:55:58,421 - DEBUG: STREAM b'IHDR' 16 13
2024-12-20 22:55:58,421 - DEBUG: STREAM b'pHYs' 41 9
2024-12-20 22:55:58,421 - DEBUG: STREAM b'tEXt' 62 25
2024-12-20 22:55:58,421 - DEBUG: STREAM b'IDAT' 99 691
2024-12-20 22:55:58,421 - DEBUG: STREAM b'IHDR' 16 13
2024-12-20 22:55:58,421 - DEBUG: STREAM b'pHYs' 41 9
2024-12-20 22:55:58,421 - DEBUG: STREAM b'tEXt' 62 25
2024-12-20 22:55:58,421 - DEBUG: STREAM b'IDAT' 99 685
2024-12-20 22:55:58,421 - DEBUG: STREAM b'IHDR' 16 13
2024-12-20 22:55:58,421 - DEBUG: STREAM b'pHYs' 41 9
2024-12-20 22:55:58,421 - DEBUG: STREAM b'tEXt' 62 25
2024-12-20 22:55:58,421 - DEBUG: STREAM b'IDAT' 99 671
2024-12-20 22:55:58,421 - DEBUG: STREAM b'IHDR' 16 13
2024-12-20 22:55:58,421 - DEBUG: STREAM b'pHYs' 41 9
2024-12-20 22:55:58,421 - DEBUG: STREAM b'tEXt' 62 25
2024-12-20 22:55:58,421 - DEBUG: STREAM b'IDAT' 99 691
2024-12-20 22:55:58,421 - DEBUG: STREAM b'IHDR' 16 13
2024-12-20 22:55:58,421 - DEBUG: STREAM b'pHYs' 41 9
2024-12-20 22:55:58,421 - DEBUG: STREAM b'tEXt' 62 25
2024-12-20 22:55:58,421 - DEBUG: STREAM b'IDAT' 99 685
2024-12-20 22:55:58,421 - DEBUG: STREAM b'IHDR' 16 13
2024-12-20 22:55:58,421 - DEBUG: STREAM b'pHYs' 41 9
2024-12-20 22:55:58,421 - DEBUG: STREAM b'tEXt' 62 25
2024-12-20 22:55:58,421 - DEBUG: STREAM b'IDAT' 99 671
2024-12-20 23:21:50,980 - DEBUG: STREAM b'IHDR' 16 13
2024-12-20 23:21:50,985 - DEBUG: STREAM b'pHYs' 41 9
2024-12-20 23:21:50,985 - DEBUG: STREAM b'tEXt' 62 25
2024-12-20 23:21:50,985 - DEBUG: STREAM b'IDAT' 99 8192
2024-12-20 23:21:51,013 - DEBUG: STREAM b'IHDR' 16 13
2024-12-20 23:21:51,013 - DEBUG: STREAM b'pHYs' 41 9
2024-12-20 23:21:51,013 - DEBUG: STREAM b'tEXt' 62 25
2024-12-20 23:21:51,013 - DEBUG: STREAM b'IDAT' 99 698
2024-12-20 23:21:51,013 - DEBUG: STREAM b'IHDR' 16 13
2024-12-20 23:21:51,013 - DEBUG: STREAM b'pHYs' 41 9
2024-12-20 23:21:51,013 - DEBUG: STREAM b'tEXt' 62 25
2024-12-20 23:21:51,013 - DEBUG: STREAM b'IDAT' 99 698
2024-12-20 23:21:51,018 - DEBUG: STREAM b'IHDR' 16 13
2024-12-20 23:21:51,018 - DEBUG: STREAM b'pHYs' 41 9
2024-12-20 23:21:51,018 - DEBUG: STREAM b'tEXt' 62 25
2024-12-20 23:21:51,018 - DEBUG: STREAM b'IDAT' 99 698
2024-12-20 23:21:51,018 - DEBUG: STREAM b'IHDR' 16 13
2024-12-20 23:21:51,018 - DEBUG: STREAM b'pHYs' 41 9
2024-12-20 23:21:51,018 - DEBUG: STREAM b'tEXt' 62 25
2024-12-20 23:21:51,018 - DEBUG: STREAM b'IDAT' 99 698
2024-12-20 23:21:54,046 - DEBUG: STREAM b'IHDR' 16 13
2024-12-20 23:21:54,046 - DEBUG: STREAM b'pHYs' 41 9
2024-12-20 23:21:54,046 - DEBUG: STREAM b'tEXt' 62 25
2024-12-20 23:21:54,046 - DEBUG: STREAM b'IDAT' 99 714
2024-12-20 23:21:54,996 - DEBUG: STREAM b'IHDR' 16 13
2024-12-20 23:21:54,996 - DEBUG: STREAM b'pHYs' 41 9
2024-12-20 23:21:54,996 - DEBUG: STREAM b'tEXt' 62 25
2024-12-20 23:21:54,996 - DEBUG: STREAM b'IDAT' 99 698
2024-12-20 23:21:55,354 - DEBUG: STREAM b'IHDR' 16 13
2024-12-20 23:21:55,354 - DEBUG: STREAM b'pHYs' 41 9
2024-12-20 23:21:55,354 - DEBUG: STREAM b'tEXt' 62 25
2024-12-20 23:21:55,354 - DEBUG: STREAM b'IDAT' 99 714
2024-12-20 23:21:55,501 - DEBUG: STREAM b'IHDR' 16 13
2024-12-20 23:21:55,501 - DEBUG: STREAM b'pHYs' 41 9
2024-12-20 23:21:55,501 - DEBUG: STREAM b'tEXt' 62 25
2024-12-20 23:21:55,501 - DEBUG: STREAM b'IDAT' 99 714
2024-12-20 23:21:55,885 - DEBUG: STREAM b'IHDR' 16 13
2024-12-20 23:21:55,885 - DEBUG: STREAM b'pHYs' 41 9
2024-12-20 23:21:55,885 - DEBUG: STREAM b'tEXt' 62 25
2024-12-20 23:21:55,885 - DEBUG: STREAM b'IDAT' 99 698
2024-12-20 23:21:56,052 - DEBUG: STREAM b'IHDR' 16 13
2024-12-20 23:21:56,052 - DEBUG: STREAM b'pHYs' 41 9
2024-12-20 23:21:56,052 - DEBUG: STREAM b'tEXt' 62 25
2024-12-20 23:21:56,052 - DEBUG: STREAM b'IDAT' 99 698
2024-12-20 23:21:56,217 - DEBUG: STREAM b'IHDR' 16 13
2024-12-20 23:21:56,217 - DEBUG: STREAM b'pHYs' 41 9
2024-12-20 23:21:56,217 - DEBUG: STREAM b'tEXt' 62 25
2024-12-20 23:21:56,217 - DEBUG: STREAM b'IDAT' 99 714
2024-12-20 23:21:56,317 - DEBUG: STREAM b'IHDR' 16 13
2024-12-20 23:21:56,317 - DEBUG: STREAM b'pHYs' 41 9
2024-12-20 23:21:56,317 - DEBUG: STREAM b'tEXt' 62 25
2024-12-20 23:21:56,317 - DEBUG: STREAM b'IDAT' 99 714
2024-12-20 23:21:56,751 - DEBUG: STREAM b'IHDR' 16 13
2024-12-20 23:21:56,751 - DEBUG: STREAM b'pHYs' 41 9
2024-12-20 23:21:56,751 - DEBUG: STREAM b'tEXt' 62 25
2024-12-20 23:21:56,751 - DEBUG: STREAM b'IDAT' 99 698
2024-12-20 23:21:56,978 - DEBUG: STREAM b'IHDR' 16 13
2024-12-20 23:21:56,978 - DEBUG: STREAM b'pHYs' 41 9
2024-12-20 23:21:56,978 - DEBUG: STREAM b'tEXt' 62 25
2024-12-20 23:21:56,979 - DEBUG: STREAM b'IDAT' 99 714
2024-12-20 23:21:57,085 - DEBUG: STREAM b'IHDR' 16 13
2024-12-20 23:21:57,085 - DEBUG: STREAM b'pHYs' 41 9
2024-12-20 23:21:57,085 - DEBUG: STREAM b'tEXt' 62 25
2024-12-20 23:21:57,085 - DEBUG: STREAM b'IDAT' 99 714
2024-12-20 23:21:57,133 - DEBUG: STREAM b'IHDR' 16 13
2024-12-20 23:21:57,133 - DEBUG: STREAM b'pHYs' 41 9
2024-12-20 23:21:57,133 - DEBUG: STREAM b'tEXt' 62 25
2024-12-20 23:21:57,133 - DEBUG: STREAM b'IDAT' 99 698
2024-12-20 23:21:57,464 - DEBUG: STREAM b'IHDR' 16 13
2024-12-20 23:21:57,464 - DEBUG: STREAM b'pHYs' 41 9
2024-12-20 23:21:57,464 - DEBUG: STREAM b'tEXt' 62 25
2024-12-20 23:21:57,464 - DEBUG: STREAM b'IDAT' 99 714
2024-12-20 23:21:57,764 - DEBUG: STREAM b'IHDR' 16 13
2024-12-20 23:21:57,764 - DEBUG: STREAM b'pHYs' 41 9
2024-12-20 23:21:57,764 - DEBUG: STREAM b'tEXt' 62 25
2024-12-20 23:21:57,764 - DEBUG: STREAM b'IDAT' 99 698
2024-12-20 23:21:57,813 - DEBUG: STREAM b'IHDR' 16 13
2024-12-20 23:21:57,813 - DEBUG: STREAM b'pHYs' 41 9
2024-12-20 23:21:57,813 - DEBUG: STREAM b'tEXt' 62 25
2024-12-20 23:21:57,813 - DEBUG: STREAM b'IDAT' 99 714
2024-12-20 23:21:57,848 - DEBUG: STREAM b'IHDR' 16 13
2024-12-20 23:21:57,848 - DEBUG: STREAM b'pHYs' 41 9
2024-12-20 23:21:57,848 - DEBUG: STREAM b'tEXt' 62 25
2024-12-20 23:21:57,848 - DEBUG: STREAM b'IDAT' 99 698
2024-12-20 23:21:58,829 - DEBUG: STREAM b'IHDR' 16 13
2024-12-20 23:21:58,829 - DEBUG: STREAM b'pHYs' 41 9
2024-12-20 23:21:58,829 - DEBUG: STREAM b'tEXt' 62 25
2024-12-20 23:21:58,829 - DEBUG: STREAM b'IDAT' 99 698
2024-12-20 23:21:58,926 - DEBUG: STREAM b'IHDR' 16 13
2024-12-20 23:21:58,926 - DEBUG: STREAM b'pHYs' 41 9
2024-12-20 23:21:58,926 - DEBUG: STREAM b'tEXt' 62 25
2024-12-20 23:21:58,926 - DEBUG: STREAM b'IDAT' 99 714
2024-12-20 23:21:59,330 - DEBUG: STREAM b'IHDR' 16 13
2024-12-20 23:21:59,330 - DEBUG: STREAM b'pHYs' 41 9
2024-12-20 23:21:59,330 - DEBUG: STREAM b'tEXt' 62 25
2024-12-20 23:21:59,330 - DEBUG: STREAM b'IDAT' 99 698
2024-12-20 23:21:59,427 - DEBUG: STREAM b'IHDR' 16 13
2024-12-20 23:21:59,427 - DEBUG: STREAM b'pHYs' 41 9
2024-12-20 23:21:59,427 - DEBUG: STREAM b'tEXt' 62 25
2024-12-20 23:21:59,427 - DEBUG: STREAM b'IDAT' 99 714
2024-12-20 23:21:59,854 - DEBUG: STREAM b'IHDR' 16 13
2024-12-20 23:21:59,854 - DEBUG: STREAM b'pHYs' 41 9
2024-12-20 23:21:59,854 - DEBUG: STREAM b'tEXt' 62 25
2024-12-20 23:21:59,854 - DEBUG: STREAM b'IDAT' 99 698
2024-12-20 23:22:00,740 - DEBUG: STREAM b'IHDR' 16 13
2024-12-20 23:22:00,740 - DEBUG: STREAM b'pHYs' 41 9
2024-12-20 23:22:00,740 - DEBUG: STREAM b'tEXt' 62 25
2024-12-20 23:22:00,740 - DEBUG: STREAM b'IDAT' 99 714
2024-12-20 23:22:00,931 - DEBUG: STREAM b'IHDR' 16 13
2024-12-20 23:22:00,931 - DEBUG: STREAM b'pHYs' 41 9
2024-12-20 23:22:00,931 - DEBUG: STREAM b'tEXt' 62 25
2024-12-20 23:22:00,931 - DEBUG: STREAM b'IDAT' 99 698
2024-12-20 23:22:01,251 - DEBUG: STREAM b'IHDR' 16 13
2024-12-20 23:22:01,251 - DEBUG: STREAM b'pHYs' 41 9
2024-12-20 23:22:01,251 - DEBUG: STREAM b'tEXt' 62 25
2024-12-20 23:22:01,251 - DEBUG: STREAM b'IDAT' 99 714
2024-12-20 23:22:01,796 - DEBUG: STREAM b'IHDR' 16 13
2024-12-20 23:22:01,796 - DEBUG: STREAM b'pHYs' 41 9
2024-12-20 23:22:01,796 - DEBUG: STREAM b'tEXt' 62 25
2024-12-20 23:22:01,796 - DEBUG: STREAM b'IDAT' 99 714
2024-12-20 23:22:02,230 - DEBUG: STREAM b'IHDR' 16 13
2024-12-20 23:22:02,230 - DEBUG: STREAM b'pHYs' 41 9
2024-12-20 23:22:02,230 - DEBUG: STREAM b'tEXt' 62 25
2024-12-20 23:22:02,230 - DEBUG: STREAM b'IDAT' 99 698
2024-12-20 23:22:02,232 - DEBUG: STREAM b'IHDR' 16 13
2024-12-20 23:22:02,232 - DEBUG: STREAM b'pHYs' 41 9
2024-12-20 23:22:02,232 - DEBUG: STREAM b'tEXt' 62 25
2024-12-20 23:22:02,232 - DEBUG: STREAM b'IDAT' 99 714
2024-12-20 23:22:02,302 - DEBUG: STREAM b'IHDR' 16 13
2024-12-20 23:22:02,302 - DEBUG: STREAM b'pHYs' 41 9
2024-12-20 23:22:02,302 - DEBUG: STREAM b'tEXt' 62 25
2024-12-20 23:22:02,302 - DEBUG: STREAM b'IDAT' 99 698
2024-12-20 23:22:02,352 - DEBUG: STREAM b'IHDR' 16 13
2024-12-20 23:22:02,352 - DEBUG: STREAM b'pHYs' 41 9
2024-12-20 23:22:02,352 - DEBUG: STREAM b'tEXt' 62 25
2024-12-20 23:22:02,352 - DEBUG: STREAM b'IDAT' 99 698
2024-12-20 23:22:02,429 - DEBUG: STREAM b'IHDR' 16 13
2024-12-20 23:22:02,429 - DEBUG: STREAM b'pHYs' 41 9
2024-12-20 23:22:02,429 - DEBUG: STREAM b'tEXt' 62 25
2024-12-20 23:22:02,429 - DEBUG: STREAM b'IDAT' 99 698
2024-12-20 23:22:07,946 - DEBUG: STREAM b'IHDR' 16 13
2024-12-20 23:22:07,946 - DEBUG: STREAM b'pHYs' 41 9
2024-12-20 23:22:07,946 - DEBUG: STREAM b'tEXt' 62 25
2024-12-20 23:22:07,946 - DEBUG: STREAM b'IDAT' 99 714
2024-12-20 23:22:07,968 - DEBUG: STREAM b'IHDR' 16 13
2024-12-20 23:22:07,968 - DEBUG: STREAM b'pHYs' 41 9
2024-12-20 23:22:07,968 - DEBUG: STREAM b'tEXt' 62 25
2024-12-20 23:22:07,968 - DEBUG: STREAM b'IDAT' 99 714
2024-12-20 23:22:07,992 - DEBUG: STREAM b'IHDR' 16 13
2024-12-20 23:22:07,992 - DEBUG: STREAM b'pHYs' 41 9
2024-12-20 23:22:07,992 - DEBUG: STREAM b'tEXt' 62 25
2024-12-20 23:22:07,992 - DEBUG: STREAM b'IDAT' 99 714
2024-12-20 23:22:08,017 - DEBUG: STREAM b'IHDR' 16 13
2024-12-20 23:22:08,017 - DEBUG: STREAM b'pHYs' 41 9
2024-12-20 23:22:08,017 - DEBUG: STREAM b'tEXt' 62 25
2024-12-20 23:22:08,017 - DEBUG: STREAM b'IDAT' 99 714
2024-12-20 23:22:08,117 - DEBUG: STREAM b'IHDR' 16 13
2024-12-20 23:22:08,117 - DEBUG: STREAM b'pHYs' 41 9
2024-12-20 23:22:08,117 - DEBUG: STREAM b'tEXt' 62 25
2024-12-20 23:22:08,117 - DEBUG: STREAM b'IDAT' 99 698
2024-12-20 23:22:08,142 - DEBUG: STREAM b'IHDR' 16 13
2024-12-20 23:22:08,142 - DEBUG: STREAM b'pHYs' 41 9
2024-12-20 23:22:08,142 - DEBUG: STREAM b'tEXt' 62 25
2024-12-20 23:22:08,142 - DEBUG: STREAM b'IDAT' 99 698
2024-12-20 23:22:08,167 - DEBUG: STREAM b'IHDR' 16 13
2024-12-20 23:22:08,167 - DEBUG: STREAM b'pHYs' 41 9
2024-12-20 23:22:08,167 - DEBUG: STREAM b'tEXt' 62 25
2024-12-20 23:22:08,167 - DEBUG: STREAM b'IDAT' 99 698
2024-12-20 23:22:08,602 - DEBUG: STREAM b'IHDR' 16 13
2024-12-20 23:22:08,602 - DEBUG: STREAM b'pHYs' 41 9
2024-12-20 23:22:08,602 - DEBUG: STREAM b'tEXt' 62 25
2024-12-20 23:22:08,602 - DEBUG: STREAM b'IDAT' 99 714
2024-12-20 23:22:09,113 - DEBUG: STREAM b'IHDR' 16 13
2024-12-20 23:22:09,113 - DEBUG: STREAM b'pHYs' 41 9
2024-12-20 23:22:09,113 - DEBUG: STREAM b'tEXt' 62 25
2024-12-20 23:22:09,113 - DEBUG: STREAM b'IDAT' 99 698
2024-12-20 23:22:09,113 - DEBUG: STREAM b'IHDR' 16 13
2024-12-20 23:22:09,113 - DEBUG: STREAM b'pHYs' 41 9
2024-12-20 23:22:09,113 - DEBUG: STREAM b'tEXt' 62 25
2024-12-20 23:22:09,113 - DEBUG: STREAM b'IDAT' 99 714
2024-12-20 23:22:09,731 - DEBUG: STREAM b'IHDR' 16 13
2024-12-20 23:22:09,731 - DEBUG: STREAM b'pHYs' 41 9
2024-12-20 23:22:09,731 - DEBUG: STREAM b'tEXt' 62 25
2024-12-20 23:22:09,731 - DEBUG: STREAM b'IDAT' 99 698
2024-12-20 23:22:09,754 - DEBUG: STREAM b'IHDR' 16 13
2024-12-20 23:22:09,754 - DEBUG: STREAM b'pHYs' 41 9
2024-12-20 23:22:09,754 - DEBUG: STREAM b'tEXt' 62 25
2024-12-20 23:22:09,754 - DEBUG: STREAM b'IDAT' 99 714
2024-12-20 23:22:09,987 - DEBUG: STREAM b'IHDR' 16 13
2024-12-20 23:22:09,987 - DEBUG: STREAM b'pHYs' 41 9
2024-12-20 23:22:09,987 - DEBUG: STREAM b'tEXt' 62 25
2024-12-20 23:22:09,987 - DEBUG: STREAM b'IDAT' 99 698
2024-12-20 23:22:10,215 - DEBUG: STREAM b'IHDR' 16 13
2024-12-20 23:22:10,215 - DEBUG: STREAM b'pHYs' 41 9
2024-12-20 23:22:10,215 - DEBUG: STREAM b'tEXt' 62 25
2024-12-20 23:22:10,215 - DEBUG: STREAM b'IDAT' 99 698
2024-12-20 23:22:13,923 - INFO: Closed simulator session
