2024-11-29 16:47:00,372 - INFO: Started simulator session
2024-11-29 16:47:00,372 - DEBUG: STREAM b'IHDR' 16 13
2024-11-29 16:47:00,372 - DEBUG: STREAM b'pHYs' 41 9
2024-11-29 16:47:00,372 - DEBUG: STREAM b'tEXt' 62 25
2024-11-29 16:47:00,372 - DEBUG: STREAM b'IDAT' 99 691
2024-11-29 16:47:00,372 - DEBUG: STREAM b'IHDR' 16 13
2024-11-29 16:47:00,372 - DEBUG: STREAM b'pHYs' 41 9
2024-11-29 16:47:00,372 - DEBUG: STREAM b'tEXt' 62 25
2024-11-29 16:47:00,372 - DEBUG: STREAM b'IDAT' 99 685
2024-11-29 16:47:00,372 - DEBUG: STREAM b'IHDR' 16 13
2024-11-29 16:47:00,372 - DEBUG: STREAM b'pHYs' 41 9
2024-11-29 16:47:00,372 - DEBUG: STREAM b'tEXt' 62 25
2024-11-29 16:47:00,372 - DEBUG: STREAM b'IDAT' 99 671
2024-11-29 16:47:20,966 - DEBUG: STREAM b'IHDR' 16 13
2024-11-29 16:47:20,966 - DEBUG: STREAM b'pHYs' 41 9
2024-11-29 16:47:20,966 - DEBUG: STREAM b'tEXt' 62 25
2024-11-29 16:47:20,966 - DEBUG: STREAM b'IDAT' 99 8192
2024-11-29 16:47:20,998 - DEBUG: STREAM b'IHDR' 16 13
2024-11-29 16:47:20,998 - DEBUG: STREAM b'pHYs' 41 9
2024-11-29 16:47:20,998 - DEBUG: STREAM b'tEXt' 62 25
2024-11-29 16:47:20,998 - DEBUG: STREAM b'IDAT' 99 698
2024-11-29 16:47:20,998 - DEBUG: STREAM b'IHDR' 16 13
2024-11-29 16:47:20,998 - DEBUG: STREAM b'pHYs' 41 9
2024-11-29 16:47:20,998 - DEBUG: STREAM b'tEXt' 62 25
2024-11-29 16:47:20,998 - DEBUG: STREAM b'IDAT' 99 698
2024-11-29 16:47:24,822 - DEBUG: STREAM b'IHDR' 16 13
2024-11-29 16:47:24,822 - DEBUG: STREAM b'pHYs' 41 9
2024-11-29 16:47:24,822 - DEBUG: STREAM b'tEXt' 62 25
2024-11-29 16:47:24,823 - DEBUG: STREAM b'IDAT' 99 714
2024-11-29 16:47:25,558 - DEBUG: STREAM b'IHDR' 16 13
2024-11-29 16:47:25,558 - DEBUG: STREAM b'pHYs' 41 9
2024-11-29 16:47:25,558 - DEBUG: STREAM b'tEXt' 62 25
2024-11-29 16:47:25,558 - DEBUG: STREAM b'IDAT' 99 698
2024-11-29 16:47:27,711 - DEBUG: STREAM b'IHDR' 16 13
2024-11-29 16:47:27,711 - DEBUG: STREAM b'pHYs' 41 9
2024-11-29 16:47:27,711 - DEBUG: STREAM b'tEXt' 62 25
2024-11-29 16:47:27,711 - DEBUG: STREAM b'IDAT' 99 714
2024-11-29 16:47:28,009 - DEBUG: STREAM b'IHDR' 16 13
2024-11-29 16:47:28,009 - DEBUG: STREAM b'pHYs' 41 9
2024-11-29 16:47:28,009 - DEBUG: STREAM b'tEXt' 62 25
2024-11-29 16:47:28,009 - DEBUG: STREAM b'IDAT' 99 714
2024-11-29 16:47:28,166 - DEBUG: STREAM b'IHDR' 16 13
2024-11-29 16:47:28,166 - DEBUG: STREAM b'pHYs' 41 9
2024-11-29 16:47:28,166 - DEBUG: STREAM b'tEXt' 62 25
2024-11-29 16:47:28,166 - DEBUG: STREAM b'IDAT' 99 698
2024-11-29 16:47:28,464 - DEBUG: STREAM b'IHDR' 16 13
2024-11-29 16:47:28,464 - DEBUG: STREAM b'pHYs' 41 9
2024-11-29 16:47:28,464 - DEBUG: STREAM b'tEXt' 62 25
2024-11-29 16:47:28,464 - DEBUG: STREAM b'IDAT' 99 698
2024-11-29 16:47:30,943 - DEBUG: STREAM b'IHDR' 16 13
2024-11-29 16:47:30,943 - DEBUG: STREAM b'pHYs' 41 9
2024-11-29 16:47:30,943 - DEBUG: STREAM b'tEXt' 62 25
2024-11-29 16:47:30,943 - DEBUG: STREAM b'IDAT' 99 714
2024-11-29 16:47:32,386 - DEBUG: STREAM b'IHDR' 16 13
2024-11-29 16:47:32,386 - DEBUG: STREAM b'pHYs' 41 9
2024-11-29 16:47:32,386 - DEBUG: STREAM b'tEXt' 62 25
2024-11-29 16:47:32,386 - DEBUG: STREAM b'IDAT' 99 714
2024-11-29 16:47:32,575 - DEBUG: STREAM b'IHDR' 16 13
2024-11-29 16:47:32,575 - DEBUG: STREAM b'pHYs' 41 9
2024-11-29 16:47:32,575 - DEBUG: STREAM b'tEXt' 62 25
2024-11-29 16:47:32,575 - DEBUG: STREAM b'IDAT' 99 698
2024-11-29 16:47:32,748 - DEBUG: STREAM b'IHDR' 16 13
2024-11-29 16:47:32,748 - DEBUG: STREAM b'pHYs' 41 9
2024-11-29 16:47:32,748 - DEBUG: STREAM b'tEXt' 62 25
2024-11-29 16:47:32,748 - DEBUG: STREAM b'IDAT' 99 698
2024-11-29 16:47:33,689 - DEBUG: STREAM b'IHDR' 16 13
2024-11-29 16:47:33,689 - DEBUG: STREAM b'pHYs' 41 9
2024-11-29 16:47:33,689 - DEBUG: STREAM b'tEXt' 62 25
2024-11-29 16:47:33,689 - DEBUG: STREAM b'IDAT' 99 714
2024-11-29 16:47:33,783 - DEBUG: STREAM b'IHDR' 16 13
2024-11-29 16:47:33,783 - DEBUG: STREAM b'pHYs' 41 9
2024-11-29 16:47:33,783 - DEBUG: STREAM b'tEXt' 62 25
2024-11-29 16:47:33,783 - DEBUG: STREAM b'IDAT' 99 698
2024-11-29 16:47:34,599 - DEBUG: STREAM b'IHDR' 16 13
2024-11-29 16:47:34,599 - DEBUG: STREAM b'pHYs' 41 9
2024-11-29 16:47:34,599 - DEBUG: STREAM b'tEXt' 62 25
2024-11-29 16:47:34,599 - DEBUG: STREAM b'IDAT' 99 714
2024-11-29 16:47:34,920 - DEBUG: STREAM b'IHDR' 16 13
2024-11-29 16:47:34,920 - DEBUG: STREAM b'pHYs' 41 9
2024-11-29 16:47:34,920 - DEBUG: STREAM b'tEXt' 62 25
2024-11-29 16:47:34,920 - DEBUG: STREAM b'IDAT' 99 714
2024-11-29 16:47:35,038 - DEBUG: STREAM b'IHDR' 16 13
2024-11-29 16:47:35,038 - DEBUG: STREAM b'pHYs' 41 9
2024-11-29 16:47:35,038 - DEBUG: STREAM b'tEXt' 62 25
2024-11-29 16:47:35,038 - DEBUG: STREAM b'IDAT' 99 698
2024-11-29 16:47:53,408 - DEBUG: STREAM b'IHDR' 16 13
2024-11-29 16:47:53,408 - DEBUG: STREAM b'pHYs' 41 9
2024-11-29 16:47:53,408 - DEBUG: STREAM b'tEXt' 62 25
2024-11-29 16:47:53,408 - DEBUG: STREAM b'IDAT' 99 698
2024-11-29 16:47:55,980 - DEBUG: STREAM b'IHDR' 16 13
2024-11-29 16:47:55,980 - DEBUG: STREAM b'pHYs' 41 9
2024-11-29 16:47:55,980 - DEBUG: STREAM b'tEXt' 62 25
2024-11-29 16:47:55,980 - DEBUG: STREAM b'IDAT' 99 714
2024-11-29 16:47:56,168 - DEBUG: STREAM b'IHDR' 16 13
2024-11-29 16:47:56,168 - DEBUG: STREAM b'pHYs' 41 9
2024-11-29 16:47:56,168 - DEBUG: STREAM b'tEXt' 62 25
2024-11-29 16:47:56,168 - DEBUG: STREAM b'IDAT' 99 698
2024-11-29 16:47:57,204 - DEBUG: STREAM b'IHDR' 16 13
2024-11-29 16:47:57,204 - DEBUG: STREAM b'pHYs' 41 9
2024-11-29 16:47:57,204 - DEBUG: STREAM b'tEXt' 62 25
2024-11-29 16:47:57,204 - DEBUG: STREAM b'IDAT' 99 714
2024-11-29 16:47:57,991 - DEBUG: STREAM b'IHDR' 16 13
2024-11-29 16:47:57,991 - DEBUG: STREAM b'pHYs' 41 9
2024-11-29 16:47:57,991 - DEBUG: STREAM b'tEXt' 62 25
2024-11-29 16:47:57,991 - DEBUG: STREAM b'IDAT' 99 698
2024-11-29 16:47:58,474 - DEBUG: STREAM b'IHDR' 16 13
2024-11-29 16:47:58,474 - DEBUG: STREAM b'pHYs' 41 9
2024-11-29 16:47:58,474 - DEBUG: STREAM b'tEXt' 62 25
2024-11-29 16:47:58,474 - DEBUG: STREAM b'IDAT' 99 714
2024-11-29 16:47:59,294 - DEBUG: STREAM b'IHDR' 16 13
2024-11-29 16:47:59,294 - DEBUG: STREAM b'pHYs' 41 9
2024-11-29 16:47:59,294 - DEBUG: STREAM b'tEXt' 62 25
2024-11-29 16:47:59,294 - DEBUG: STREAM b'IDAT' 99 714
2024-11-29 16:56:52,270 - DEBUG: STREAM b'IHDR' 16 13
2024-11-29 16:56:52,270 - DEBUG: STREAM b'pHYs' 41 9
2024-11-29 16:56:52,270 - DEBUG: STREAM b'tEXt' 62 25
2024-11-29 16:56:52,270 - DEBUG: STREAM b'IDAT' 99 691
2024-11-29 16:56:52,270 - DEBUG: STREAM b'IHDR' 16 13
2024-11-29 16:56:52,270 - DEBUG: STREAM b'pHYs' 41 9
2024-11-29 16:56:52,270 - DEBUG: STREAM b'tEXt' 62 25
2024-11-29 16:56:52,270 - DEBUG: STREAM b'IDAT' 99 685
2024-11-29 16:56:52,270 - DEBUG: STREAM b'IHDR' 16 13
2024-11-29 16:56:52,270 - DEBUG: STREAM b'pHYs' 41 9
2024-11-29 16:56:52,270 - DEBUG: STREAM b'tEXt' 62 25
2024-11-29 16:56:52,270 - DEBUG: STREAM b'IDAT' 99 671
2024-11-29 16:56:52,270 - DEBUG: STREAM b'IHDR' 16 13
2024-11-29 16:56:52,270 - DEBUG: STREAM b'pHYs' 41 9
2024-11-29 16:56:52,270 - DEBUG: STREAM b'tEXt' 62 25
2024-11-29 16:56:52,270 - DEBUG: STREAM b'IDAT' 99 691
2024-11-29 16:56:52,270 - DEBUG: STREAM b'IHDR' 16 13
2024-11-29 16:56:52,270 - DEBUG: STREAM b'pHYs' 41 9
2024-11-29 16:56:52,270 - DEBUG: STREAM b'tEXt' 62 25
2024-11-29 16:56:52,270 - DEBUG: STREAM b'IDAT' 99 685
2024-11-29 16:56:52,270 - DEBUG: STREAM b'IHDR' 16 13
2024-11-29 16:56:52,270 - DEBUG: STREAM b'pHYs' 41 9
2024-11-29 16:56:52,270 - DEBUG: STREAM b'tEXt' 62 25
2024-11-29 16:56:52,270 - DEBUG: STREAM b'IDAT' 99 671
2024-11-29 16:56:59,839 - DEBUG: STREAM b'IHDR' 16 13
2024-11-29 16:56:59,839 - DEBUG: STREAM b'pHYs' 41 9
2024-11-29 16:56:59,839 - DEBUG: STREAM b'tEXt' 62 25
2024-11-29 16:56:59,839 - DEBUG: STREAM b'IDAT' 99 8192
2024-11-29 16:56:59,863 - DEBUG: STREAM b'IHDR' 16 13
2024-11-29 16:56:59,863 - DEBUG: STREAM b'pHYs' 41 9
2024-11-29 16:56:59,863 - DEBUG: STREAM b'tEXt' 62 25
2024-11-29 16:56:59,863 - DEBUG: STREAM b'IDAT' 99 698
2024-11-29 16:56:59,863 - DEBUG: STREAM b'IHDR' 16 13
2024-11-29 16:56:59,863 - DEBUG: STREAM b'pHYs' 41 9
2024-11-29 16:56:59,863 - DEBUG: STREAM b'tEXt' 62 25
2024-11-29 16:56:59,863 - DEBUG: STREAM b'IDAT' 99 698
2024-11-29 16:56:59,863 - DEBUG: STREAM b'IHDR' 16 13
2024-11-29 16:56:59,863 - DEBUG: STREAM b'pHYs' 41 9
2024-11-29 16:56:59,863 - DEBUG: STREAM b'tEXt' 62 25
2024-11-29 16:56:59,863 - DEBUG: STREAM b'IDAT' 99 698
2024-11-29 16:56:59,863 - DEBUG: STREAM b'IHDR' 16 13
2024-11-29 16:56:59,863 - DEBUG: STREAM b'pHYs' 41 9
2024-11-29 16:56:59,863 - DEBUG: STREAM b'tEXt' 62 25
2024-11-29 16:56:59,863 - DEBUG: STREAM b'IDAT' 99 698
2024-11-29 16:57:05,221 - DEBUG: STREAM b'IHDR' 16 13
2024-11-29 16:57:05,221 - DEBUG: STREAM b'pHYs' 41 9
2024-11-29 16:57:05,221 - DEBUG: STREAM b'tEXt' 62 25
2024-11-29 16:57:05,221 - DEBUG: STREAM b'IDAT' 99 714
2024-11-29 16:57:05,315 - DEBUG: STREAM b'IHDR' 16 13
2024-11-29 16:57:05,315 - DEBUG: STREAM b'pHYs' 41 9
2024-11-29 16:57:05,315 - DEBUG: STREAM b'tEXt' 62 25
2024-11-29 16:57:05,315 - DEBUG: STREAM b'IDAT' 99 714
2024-11-29 16:57:05,629 - DEBUG: STREAM b'IHDR' 16 13
2024-11-29 16:57:05,629 - DEBUG: STREAM b'pHYs' 41 9
2024-11-29 16:57:05,629 - DEBUG: STREAM b'tEXt' 62 25
2024-11-29 16:57:05,629 - DEBUG: STREAM b'IDAT' 99 714
2024-11-29 16:57:05,660 - DEBUG: STREAM b'IHDR' 16 13
2024-11-29 16:57:05,660 - DEBUG: STREAM b'pHYs' 41 9
2024-11-29 16:57:05,676 - DEBUG: STREAM b'tEXt' 62 25
2024-11-29 16:57:05,676 - DEBUG: STREAM b'IDAT' 99 698
2024-11-29 16:57:06,177 - DEBUG: STREAM b'IHDR' 16 13
2024-11-29 16:57:06,177 - DEBUG: STREAM b'pHYs' 41 9
2024-11-29 16:57:06,177 - DEBUG: STREAM b'tEXt' 62 25
2024-11-29 16:57:06,177 - DEBUG: STREAM b'IDAT' 99 698
2024-11-29 16:57:07,056 - DEBUG: STREAM b'IHDR' 16 13
2024-11-29 16:57:07,056 - DEBUG: STREAM b'pHYs' 41 9
2024-11-29 16:57:07,056 - DEBUG: STREAM b'tEXt' 62 25
2024-11-29 16:57:07,056 - DEBUG: STREAM b'IDAT' 99 714
2024-11-29 16:57:07,496 - DEBUG: STREAM b'IHDR' 16 13
2024-11-29 16:57:07,496 - DEBUG: STREAM b'pHYs' 41 9
2024-11-29 16:57:07,496 - DEBUG: STREAM b'tEXt' 62 25
2024-11-29 16:57:07,496 - DEBUG: STREAM b'IDAT' 99 698
2024-11-29 16:57:07,809 - DEBUG: STREAM b'IHDR' 16 13
2024-11-29 16:57:07,809 - DEBUG: STREAM b'pHYs' 41 9
2024-11-29 16:57:07,809 - DEBUG: STREAM b'tEXt' 62 25
2024-11-29 16:57:07,809 - DEBUG: STREAM b'IDAT' 99 714
2024-11-29 16:57:12,957 - DEBUG: STREAM b'IHDR' 16 13
2024-11-29 16:57:12,957 - DEBUG: STREAM b'pHYs' 41 9
2024-11-29 16:57:12,957 - DEBUG: STREAM b'tEXt' 62 25
2024-11-29 16:57:12,957 - DEBUG: STREAM b'IDAT' 99 714
2024-11-29 16:57:13,004 - DEBUG: STREAM b'IHDR' 16 13
2024-11-29 16:57:13,004 - DEBUG: STREAM b'pHYs' 41 9
2024-11-29 16:57:13,004 - DEBUG: STREAM b'tEXt' 62 25
2024-11-29 16:57:13,004 - DEBUG: STREAM b'IDAT' 99 698
2024-11-29 16:57:13,333 - DEBUG: STREAM b'IHDR' 16 13
2024-11-29 16:57:13,333 - DEBUG: STREAM b'pHYs' 41 9
2024-11-29 16:57:13,333 - DEBUG: STREAM b'tEXt' 62 25
2024-11-29 16:57:13,333 - DEBUG: STREAM b'IDAT' 99 698
2024-11-29 16:57:13,412 - DEBUG: STREAM b'IHDR' 16 13
2024-11-29 16:57:13,412 - DEBUG: STREAM b'pHYs' 41 9
2024-11-29 16:57:13,412 - DEBUG: STREAM b'tEXt' 62 25
2024-11-29 16:57:13,412 - DEBUG: STREAM b'IDAT' 99 698
2024-11-29 16:57:15,200 - DEBUG: STREAM b'IHDR' 16 13
2024-11-29 16:57:15,200 - DEBUG: STREAM b'pHYs' 41 9
2024-11-29 16:57:15,200 - DEBUG: STREAM b'tEXt' 62 25
2024-11-29 16:57:15,200 - DEBUG: STREAM b'IDAT' 99 714
2024-11-29 16:57:15,326 - DEBUG: STREAM b'IHDR' 16 13
2024-11-29 16:57:15,326 - DEBUG: STREAM b'pHYs' 41 9
2024-11-29 16:57:15,326 - DEBUG: STREAM b'tEXt' 62 25
2024-11-29 16:57:15,326 - DEBUG: STREAM b'IDAT' 99 714
2024-11-29 16:57:15,687 - DEBUG: STREAM b'IHDR' 16 13
2024-11-29 16:57:15,687 - DEBUG: STREAM b'pHYs' 41 9
2024-11-29 16:57:15,687 - DEBUG: STREAM b'tEXt' 62 25
2024-11-29 16:57:15,687 - DEBUG: STREAM b'IDAT' 99 714
2024-11-29 16:57:15,734 - DEBUG: STREAM b'IHDR' 16 13
2024-11-29 16:57:15,734 - DEBUG: STREAM b'pHYs' 41 9
2024-11-29 16:57:15,734 - DEBUG: STREAM b'tEXt' 62 25
2024-11-29 16:57:15,734 - DEBUG: STREAM b'IDAT' 99 698
2024-11-29 16:57:15,800 - DEBUG: STREAM b'IHDR' 16 13
2024-11-29 16:57:15,800 - DEBUG: STREAM b'pHYs' 41 9
2024-11-29 16:57:15,800 - DEBUG: STREAM b'tEXt' 62 25
2024-11-29 16:57:15,800 - DEBUG: STREAM b'IDAT' 99 714
2024-11-29 16:57:15,859 - DEBUG: STREAM b'IHDR' 16 13
2024-11-29 16:57:15,859 - DEBUG: STREAM b'pHYs' 41 9
2024-11-29 16:57:15,859 - DEBUG: STREAM b'tEXt' 62 25
2024-11-29 16:57:15,859 - DEBUG: STREAM b'IDAT' 99 698
2024-11-29 16:57:16,440 - DEBUG: STREAM b'IHDR' 16 13
2024-11-29 16:57:16,440 - DEBUG: STREAM b'pHYs' 41 9
2024-11-29 16:57:16,440 - DEBUG: STREAM b'tEXt' 62 25
2024-11-29 16:57:16,440 - DEBUG: STREAM b'IDAT' 99 714
2024-11-29 16:57:16,440 - DEBUG: STREAM b'IHDR' 16 13
2024-11-29 16:57:16,440 - DEBUG: STREAM b'pHYs' 41 9
2024-11-29 16:57:16,440 - DEBUG: STREAM b'tEXt' 62 25
2024-11-29 16:57:16,440 - DEBUG: STREAM b'IDAT' 99 698
2024-11-29 16:57:16,722 - DEBUG: STREAM b'IHDR' 16 13
2024-11-29 16:57:16,722 - DEBUG: STREAM b'pHYs' 41 9
2024-11-29 16:57:16,722 - DEBUG: STREAM b'tEXt' 62 25
2024-11-29 16:57:16,722 - DEBUG: STREAM b'IDAT' 99 714
2024-11-29 16:57:16,722 - DEBUG: STREAM b'IHDR' 16 13
2024-11-29 16:57:16,722 - DEBUG: STREAM b'pHYs' 41 9
2024-11-29 16:57:16,722 - DEBUG: STREAM b'tEXt' 62 25
2024-11-29 16:57:16,722 - DEBUG: STREAM b'IDAT' 99 698
2024-11-29 16:57:17,052 - DEBUG: STREAM b'IHDR' 16 13
2024-11-29 16:57:17,052 - DEBUG: STREAM b'pHYs' 41 9
2024-11-29 16:57:17,052 - DEBUG: STREAM b'tEXt' 62 25
2024-11-29 16:57:17,052 - DEBUG: STREAM b'IDAT' 99 698
2024-11-29 16:57:17,177 - DEBUG: STREAM b'IHDR' 16 13
2024-11-29 16:57:17,177 - DEBUG: STREAM b'pHYs' 41 9
2024-11-29 16:57:17,177 - DEBUG: STREAM b'tEXt' 62 25
2024-11-29 16:57:17,177 - DEBUG: STREAM b'IDAT' 99 698
2024-11-29 16:57:17,570 - DEBUG: STREAM b'IHDR' 16 13
2024-11-29 16:57:17,570 - DEBUG: STREAM b'pHYs' 41 9
2024-11-29 16:57:17,570 - DEBUG: STREAM b'tEXt' 62 25
2024-11-29 16:57:17,570 - DEBUG: STREAM b'IDAT' 99 714
2024-11-29 16:57:17,711 - DEBUG: STREAM b'IHDR' 16 13
2024-11-29 16:57:17,711 - DEBUG: STREAM b'pHYs' 41 9
2024-11-29 16:57:17,711 - DEBUG: STREAM b'tEXt' 62 25
2024-11-29 16:57:17,711 - DEBUG: STREAM b'IDAT' 99 714
2024-11-29 16:57:17,993 - DEBUG: STREAM b'IHDR' 16 13
2024-11-29 16:57:17,993 - DEBUG: STREAM b'pHYs' 41 9
2024-11-29 16:57:17,993 - DEBUG: STREAM b'tEXt' 62 25
2024-11-29 16:57:17,993 - DEBUG: STREAM b'IDAT' 99 698
2024-11-29 16:57:18,009 - DEBUG: STREAM b'IHDR' 16 13
2024-11-29 16:57:18,009 - DEBUG: STREAM b'pHYs' 41 9
2024-11-29 16:57:18,009 - DEBUG: STREAM b'tEXt' 62 25
2024-11-29 16:57:18,009 - DEBUG: STREAM b'IDAT' 99 714
2024-11-29 16:57:46,179 - DEBUG: STREAM b'IHDR' 16 13
2024-11-29 16:57:46,179 - DEBUG: STREAM b'pHYs' 41 9
2024-11-29 16:57:46,179 - DEBUG: STREAM b'tEXt' 62 25
2024-11-29 16:57:46,179 - DEBUG: STREAM b'IDAT' 99 698
2024-11-29 16:57:46,179 - DEBUG: STREAM b'IHDR' 16 13
2024-11-29 16:57:46,179 - DEBUG: STREAM b'pHYs' 41 9
2024-11-29 16:57:46,179 - DEBUG: STREAM b'tEXt' 62 25
2024-11-29 16:57:46,179 - DEBUG: STREAM b'IDAT' 99 714
2024-11-29 16:57:46,356 - DEBUG: STREAM b'IHDR' 16 13
2024-11-29 16:57:46,356 - DEBUG: STREAM b'pHYs' 41 9
2024-11-29 16:57:46,356 - DEBUG: STREAM b'tEXt' 62 25
2024-11-29 16:57:46,356 - DEBUG: STREAM b'IDAT' 99 698
2024-11-29 16:57:46,430 - DEBUG: STREAM b'IHDR' 16 13
2024-11-29 16:57:46,430 - DEBUG: STREAM b'pHYs' 41 9
2024-11-29 16:57:46,430 - DEBUG: STREAM b'tEXt' 62 25
2024-11-29 16:57:46,430 - DEBUG: STREAM b'IDAT' 99 698
2024-11-29 16:59:48,135 - DEBUG: STREAM b'IHDR' 16 13
2024-11-29 16:59:48,135 - DEBUG: STREAM b'pHYs' 41 9
2024-11-29 16:59:48,135 - DEBUG: STREAM b'tEXt' 62 25
2024-11-29 16:59:48,135 - DEBUG: STREAM b'IDAT' 99 714
2024-11-29 16:59:48,198 - DEBUG: STREAM b'IHDR' 16 13
2024-11-29 16:59:48,198 - DEBUG: STREAM b'pHYs' 41 9
2024-11-29 16:59:48,198 - DEBUG: STREAM b'tEXt' 62 25
2024-11-29 16:59:48,198 - DEBUG: STREAM b'IDAT' 99 714
2024-11-29 16:59:48,401 - DEBUG: STREAM b'IHDR' 16 13
2024-11-29 16:59:48,401 - DEBUG: STREAM b'pHYs' 41 9
2024-11-29 16:59:48,401 - DEBUG: STREAM b'tEXt' 62 25
2024-11-29 16:59:48,401 - DEBUG: STREAM b'IDAT' 99 714
2024-11-29 16:59:48,432 - DEBUG: STREAM b'IHDR' 16 13
2024-11-29 16:59:48,432 - DEBUG: STREAM b'pHYs' 41 9
2024-11-29 16:59:48,432 - DEBUG: STREAM b'tEXt' 62 25
2024-11-29 16:59:48,432 - DEBUG: STREAM b'IDAT' 99 698
2024-11-29 16:59:55,243 - DEBUG: STREAM b'IHDR' 16 13
2024-11-29 16:59:55,243 - DEBUG: STREAM b'pHYs' 41 9
2024-11-29 16:59:55,243 - DEBUG: STREAM b'tEXt' 62 25
2024-11-29 16:59:55,243 - DEBUG: STREAM b'IDAT' 99 698
2024-11-29 16:59:55,243 - DEBUG: STREAM b'IHDR' 16 13
2024-11-29 16:59:55,243 - DEBUG: STREAM b'pHYs' 41 9
2024-11-29 16:59:55,243 - DEBUG: STREAM b'tEXt' 62 25
2024-11-29 16:59:55,243 - DEBUG: STREAM b'IDAT' 99 714
2024-11-29 16:59:55,446 - DEBUG: STREAM b'IHDR' 16 13
2024-11-29 16:59:55,446 - DEBUG: STREAM b'pHYs' 41 9
2024-11-29 16:59:55,446 - DEBUG: STREAM b'tEXt' 62 25
2024-11-29 16:59:55,446 - DEBUG: STREAM b'IDAT' 99 698
2024-11-29 16:59:55,509 - DEBUG: STREAM b'IHDR' 16 13
2024-11-29 16:59:55,509 - DEBUG: STREAM b'pHYs' 41 9
2024-11-29 16:59:55,509 - DEBUG: STREAM b'tEXt' 62 25
2024-11-29 16:59:55,509 - DEBUG: STREAM b'IDAT' 99 698
2024-11-29 17:18:47,712 - INFO: Closed simulator session
